{"/Users/rahulrajeshkumar/swe/AutoSocial_backend/controllers/AutomationController.js": {"path":"/Users/rahulrajeshkumar/swe/AutoSocial_backend/controllers/AutomationController.js","statementMap":{"0":{"start":{"line":1,"column":12},"end":{"line":1,"column":41}},"1":{"start":{"line":2,"column":20},"end":{"line":2,"column":45}},"2":{"start":{"line":5,"column":27},"end":{"line":50,"column":1}},"3":{"start":{"line":7,"column":34},"end":{"line":7,"column":61}},"4":{"start":{"line":8,"column":4},"end":{"line":14,"column":5}},"5":{"start":{"line":9,"column":6},"end":{"line":13,"column":8}},"6":{"start":{"line":15,"column":4},"end":{"line":15,"column":16}},"7":{"start":{"line":20,"column":4},"end":{"line":24,"column":6}},"8":{"start":{"line":29,"column":4},"end":{"line":33,"column":6}},"9":{"start":{"line":37,"column":4},"end":{"line":41,"column":6}},"10":{"start":{"line":44,"column":4},"end":{"line":48,"column":5}},"11":{"start":{"line":53,"column":31},"end":{"line":91,"column":1}},"12":{"start":{"line":54,"column":18},"end":{"line":54,"column":20}},"13":{"start":{"line":57,"column":23},"end":{"line":62,"column":4}},"14":{"start":{"line":58,"column":27},"end":{"line":58,"column":52}},"15":{"start":{"line":60,"column":4},"end":{"line":61,"column":72}},"16":{"start":{"line":65,"column":2},"end":{"line":88,"column":3}},"17":{"start":{"line":66,"column":23},"end":{"line":66,"column":98}},"18":{"start":{"line":67,"column":20},"end":{"line":67,"column":70}},"19":{"start":{"line":69,"column":4},"end":{"line":87,"column":5}},"20":{"start":{"line":70,"column":6},"end":{"line":86,"column":7}},"21":{"start":{"line":71,"column":23},"end":{"line":71,"column":61}},"22":{"start":{"line":72,"column":8},"end":{"line":78,"column":9}},"23":{"start":{"line":73,"column":10},"end":{"line":77,"column":13}},"24":{"start":{"line":80,"column":8},"end":{"line":80,"column":69}},"25":{"start":{"line":81,"column":8},"end":{"line":85,"column":11}},"26":{"start":{"line":90,"column":2},"end":{"line":90,"column":17}},"27":{"start":{"line":94,"column":29},"end":{"line":146,"column":1}},"28":{"start":{"line":95,"column":19},"end":{"line":100,"column":3}},"29":{"start":{"line":103,"column":2},"end":{"line":134,"column":5}},"30":{"start":{"line":104,"column":27},"end":{"line":104,"column":31}},"31":{"start":{"line":105,"column":27},"end":{"line":105,"column":47}},"32":{"start":{"line":107,"column":4},"end":{"line":133,"column":5}},"33":{"start":{"line":108,"column":6},"end":{"line":120,"column":7}},"34":{"start":{"line":109,"column":8},"end":{"line":113,"column":11}},"35":{"start":{"line":114,"column":13},"end":{"line":120,"column":7}},"36":{"start":{"line":115,"column":8},"end":{"line":119,"column":11}},"37":{"start":{"line":121,"column":11},"end":{"line":133,"column":5}},"38":{"start":{"line":122,"column":6},"end":{"line":126,"column":9}},"39":{"start":{"line":127,"column":10},"end":{"line":133,"column":5}},"40":{"start":{"line":128,"column":6},"end":{"line":132,"column":8}},"41":{"start":{"line":137,"column":2},"end":{"line":143,"column":5}},"42":{"start":{"line":138,"column":4},"end":{"line":142,"column":7}},"43":{"start":{"line":145,"column":2},"end":{"line":145,"column":18}},"44":{"start":{"line":148,"column":25},"end":{"line":200,"column":1}},"45":{"start":{"line":149,"column":2},"end":{"line":199,"column":3}},"46":{"start":{"line":150,"column":29},"end":{"line":150,"column":37}},"47":{"start":{"line":151,"column":23},"end":{"line":151,"column":35}},"48":{"start":{"line":153,"column":4},"end":{"line":153,"column":58}},"49":{"start":{"line":156,"column":19},"end":{"line":161,"column":5}},"50":{"start":{"line":163,"column":4},"end":{"line":167,"column":5}},"51":{"start":{"line":164,"column":6},"end":{"line":166,"column":9}},"52":{"start":{"line":169,"column":25},"end":{"line":169,"column":37}},"53":{"start":{"line":172,"column":25},"end":{"line":172,"column":55}},"54":{"start":{"line":173,"column":4},"end":{"line":173,"column":48}},"55":{"start":{"line":176,"column":30},"end":{"line":176,"column":82}},"56":{"start":{"line":177,"column":4},"end":{"line":177,"column":58}},"57":{"start":{"line":179,"column":4},"end":{"line":187,"column":6}},"58":{"start":{"line":189,"column":4},"end":{"line":194,"column":7}},"59":{"start":{"line":197,"column":4},"end":{"line":197,"column":53}},"60":{"start":{"line":198,"column":4},"end":{"line":198,"column":68}},"61":{"start":{"line":203,"column":22},"end":{"line":231,"column":1}},"62":{"start":{"line":204,"column":2},"end":{"line":230,"column":3}},"63":{"start":{"line":205,"column":24},"end":{"line":205,"column":32}},"64":{"start":{"line":208,"column":24},"end":{"line":213,"column":5}},"65":{"start":{"line":215,"column":4},"end":{"line":224,"column":5}},"66":{"start":{"line":216,"column":27},"end":{"line":216,"column":51}},"67":{"start":{"line":219,"column":28},"end":{"line":219,"column":77}},"68":{"start":{"line":221,"column":6},"end":{"line":223,"column":7}},"69":{"start":{"line":222,"column":8},"end":{"line":222,"column":57}},"70":{"start":{"line":226,"column":4},"end":{"line":226,"column":72}},"71":{"start":{"line":228,"column":4},"end":{"line":228,"column":54}},"72":{"start":{"line":229,"column":4},"end":{"line":229,"column":61}},"73":{"start":{"line":234,"column":31},"end":{"line":247,"column":1}},"74":{"start":{"line":237,"column":2},"end":{"line":244,"column":3}},"75":{"start":{"line":238,"column":20},"end":{"line":238,"column":55}},"76":{"start":{"line":239,"column":26},"end":{"line":239,"column":77}},"77":{"start":{"line":239,"column":49},"end":{"line":239,"column":76}},"78":{"start":{"line":241,"column":4},"end":{"line":243,"column":5}},"79":{"start":{"line":241,"column":57},"end":{"line":241,"column":82}},"80":{"start":{"line":242,"column":6},"end":{"line":242,"column":18}},"81":{"start":{"line":246,"column":2},"end":{"line":246,"column":15}},"82":{"start":{"line":250,"column":26},"end":{"line":255,"column":1}},"83":{"start":{"line":251,"column":2},"end":{"line":251,"column":81}},"84":{"start":{"line":257,"column":0},"end":{"line":262,"column":2}}},"fnMap":{"0":{"name":"(anonymous_0)","decl":{"start":{"line":6,"column":18},"end":{"line":6,"column":19}},"loc":{"start":{"line":6,"column":52},"end":{"line":16,"column":3}},"line":6},"1":{"name":"(anonymous_1)","decl":{"start":{"line":18,"column":21},"end":{"line":18,"column":22}},"loc":{"start":{"line":18,"column":55},"end":{"line":25,"column":3}},"line":18},"2":{"name":"(anonymous_2)","decl":{"start":{"line":27,"column":18},"end":{"line":27,"column":19}},"loc":{"start":{"line":27,"column":52},"end":{"line":34,"column":3}},"line":27},"3":{"name":"(anonymous_3)","decl":{"start":{"line":36,"column":16},"end":{"line":36,"column":17}},"loc":{"start":{"line":36,"column":50},"end":{"line":42,"column":3}},"line":36},"4":{"name":"(anonymous_4)","decl":{"start":{"line":43,"column":14},"end":{"line":43,"column":15}},"loc":{"start":{"line":43,"column":46},"end":{"line":49,"column":3}},"line":43},"5":{"name":"(anonymous_5)","decl":{"start":{"line":53,"column":31},"end":{"line":53,"column":32}},"loc":{"start":{"line":53,"column":65},"end":{"line":91,"column":1}},"line":53},"6":{"name":"(anonymous_6)","decl":{"start":{"line":57,"column":45},"end":{"line":57,"column":46}},"loc":{"start":{"line":57,"column":53},"end":{"line":62,"column":3}},"line":57},"7":{"name":"(anonymous_7)","decl":{"start":{"line":94,"column":29},"end":{"line":94,"column":30}},"loc":{"start":{"line":94,"column":43},"end":{"line":146,"column":1}},"line":94},"8":{"name":"(anonymous_8)","decl":{"start":{"line":103,"column":25},"end":{"line":103,"column":26}},"loc":{"start":{"line":103,"column":33},"end":{"line":134,"column":3}},"line":103},"9":{"name":"(anonymous_9)","decl":{"start":{"line":137,"column":25},"end":{"line":137,"column":26}},"loc":{"start":{"line":137,"column":33},"end":{"line":143,"column":3}},"line":137},"10":{"name":"(anonymous_10)","decl":{"start":{"line":148,"column":25},"end":{"line":148,"column":26}},"loc":{"start":{"line":148,"column":45},"end":{"line":200,"column":1}},"line":148},"11":{"name":"(anonymous_11)","decl":{"start":{"line":203,"column":22},"end":{"line":203,"column":23}},"loc":{"start":{"line":203,"column":42},"end":{"line":231,"column":1}},"line":203},"12":{"name":"(anonymous_12)","decl":{"start":{"line":234,"column":31},"end":{"line":234,"column":32}},"loc":{"start":{"line":234,"column":62},"end":{"line":247,"column":1}},"line":234},"13":{"name":"(anonymous_13)","decl":{"start":{"line":239,"column":39},"end":{"line":239,"column":40}},"loc":{"start":{"line":239,"column":49},"end":{"line":239,"column":76}},"line":239},"14":{"name":"(anonymous_14)","decl":{"start":{"line":241,"column":52},"end":{"line":241,"column":53}},"loc":{"start":{"line":241,"column":57},"end":{"line":241,"column":82}},"line":241},"15":{"name":"(anonymous_15)","decl":{"start":{"line":250,"column":26},"end":{"line":250,"column":27}},"loc":{"start":{"line":250,"column":61},"end":{"line":255,"column":1}},"line":250}},"branchMap":{"0":{"loc":{"start":{"line":7,"column":34},"end":{"line":7,"column":61}},"type":"binary-expr","locations":[{"start":{"line":7,"column":34},"end":{"line":7,"column":55}},{"start":{"line":7,"column":59},"end":{"line":7,"column":61}}],"line":7},"1":{"loc":{"start":{"line":8,"column":4},"end":{"line":14,"column":5}},"type":"if","locations":[{"start":{"line":8,"column":4},"end":{"line":14,"column":5}},{"start":{},"end":{}}],"line":8},"2":{"loc":{"start":{"line":8,"column":8},"end":{"line":8,"column":27}},"type":"binary-expr","locations":[{"start":{"line":8,"column":8},"end":{"line":8,"column":16}},{"start":{"line":8,"column":20},"end":{"line":8,"column":27}}],"line":8},"3":{"loc":{"start":{"line":60,"column":11},"end":{"line":61,"column":71}},"type":"binary-expr","locations":[{"start":{"line":60,"column":12},"end":{"line":60,"column":26}},{"start":{"line":60,"column":30},"end":{"line":60,"column":64}},{"start":{"line":61,"column":12},"end":{"line":61,"column":36}},{"start":{"line":61,"column":40},"end":{"line":61,"column":70}}],"line":60},"4":{"loc":{"start":{"line":66,"column":23},"end":{"line":66,"column":98}},"type":"binary-expr","locations":[{"start":{"line":66,"column":23},"end":{"line":66,"column":48}},{"start":{"line":66,"column":53},"end":{"line":66,"column":97}}],"line":66},"5":{"loc":{"start":{"line":66,"column":53},"end":{"line":66,"column":97}},"type":"cond-expr","locations":[{"start":{"line":66,"column":80},"end":{"line":66,"column":90}},{"start":{"line":66,"column":93},"end":{"line":66,"column":97}}],"line":66},"6":{"loc":{"start":{"line":67,"column":20},"end":{"line":67,"column":70}},"type":"cond-expr","locations":[{"start":{"line":67,"column":33},"end":{"line":67,"column":63}},{"start":{"line":67,"column":66},"end":{"line":67,"column":70}}],"line":67},"7":{"loc":{"start":{"line":69,"column":4},"end":{"line":87,"column":5}},"type":"if","locations":[{"start":{"line":69,"column":4},"end":{"line":87,"column":5}},{"start":{},"end":{}}],"line":69},"8":{"loc":{"start":{"line":72,"column":8},"end":{"line":78,"column":9}},"type":"if","locations":[{"start":{"line":72,"column":8},"end":{"line":78,"column":9}},{"start":{},"end":{}}],"line":72},"9":{"loc":{"start":{"line":76,"column":20},"end":{"line":76,"column":39}},"type":"binary-expr","locations":[{"start":{"line":76,"column":20},"end":{"line":76,"column":29}},{"start":{"line":76,"column":33},"end":{"line":76,"column":39}}],"line":76},"10":{"loc":{"start":{"line":107,"column":4},"end":{"line":133,"column":5}},"type":"if","locations":[{"start":{"line":107,"column":4},"end":{"line":133,"column":5}},{"start":{"line":121,"column":11},"end":{"line":133,"column":5}}],"line":107},"11":{"loc":{"start":{"line":108,"column":6},"end":{"line":120,"column":7}},"type":"if","locations":[{"start":{"line":108,"column":6},"end":{"line":120,"column":7}},{"start":{"line":114,"column":13},"end":{"line":120,"column":7}}],"line":108},"12":{"loc":{"start":{"line":108,"column":10},"end":{"line":108,"column":80}},"type":"binary-expr","locations":[{"start":{"line":108,"column":10},"end":{"line":108,"column":45}},{"start":{"line":108,"column":49},"end":{"line":108,"column":80}}],"line":108},"13":{"loc":{"start":{"line":114,"column":13},"end":{"line":120,"column":7}},"type":"if","locations":[{"start":{"line":114,"column":13},"end":{"line":120,"column":7}},{"start":{},"end":{}}],"line":114},"14":{"loc":{"start":{"line":121,"column":11},"end":{"line":133,"column":5}},"type":"if","locations":[{"start":{"line":121,"column":11},"end":{"line":133,"column":5}},{"start":{"line":127,"column":10},"end":{"line":133,"column":5}}],"line":121},"15":{"loc":{"start":{"line":127,"column":10},"end":{"line":133,"column":5}},"type":"if","locations":[{"start":{"line":127,"column":10},"end":{"line":133,"column":5}},{"start":{},"end":{}}],"line":127},"16":{"loc":{"start":{"line":163,"column":4},"end":{"line":167,"column":5}},"type":"if","locations":[{"start":{"line":163,"column":4},"end":{"line":167,"column":5}},{"start":{},"end":{}}],"line":163},"17":{"loc":{"start":{"line":221,"column":6},"end":{"line":223,"column":7}},"type":"if","locations":[{"start":{"line":221,"column":6},"end":{"line":223,"column":7}},{"start":{},"end":{}}],"line":221},"18":{"loc":{"start":{"line":237,"column":2},"end":{"line":244,"column":3}},"type":"if","locations":[{"start":{"line":237,"column":2},"end":{"line":244,"column":3}},{"start":{},"end":{}}],"line":237},"19":{"loc":{"start":{"line":237,"column":6},"end":{"line":237,"column":61}},"type":"binary-expr","locations":[{"start":{"line":237,"column":6},"end":{"line":237,"column":40}},{"start":{"line":237,"column":44},"end":{"line":237,"column":61}}],"line":237},"20":{"loc":{"start":{"line":238,"column":20},"end":{"line":238,"column":55}},"type":"binary-expr","locations":[{"start":{"line":238,"column":20},"end":{"line":238,"column":49}},{"start":{"line":238,"column":53},"end":{"line":238,"column":55}}],"line":238},"21":{"loc":{"start":{"line":241,"column":4},"end":{"line":243,"column":5}},"type":"if","locations":[{"start":{"line":241,"column":4},"end":{"line":243,"column":5}},{"start":{},"end":{}}],"line":241},"22":{"loc":{"start":{"line":241,"column":8},"end":{"line":241,"column":83}},"type":"binary-expr","locations":[{"start":{"line":241,"column":8},"end":{"line":241,"column":21}},{"start":{"line":241,"column":25},"end":{"line":241,"column":83}}],"line":241}},"s":{"0":2,"1":2,"2":2,"3":1,"4":1,"5":1,"6":0,"7":0,"8":1,"9":0,"10":1,"11":2,"12":1,"13":1,"14":4,"15":4,"16":1,"17":3,"18":3,"19":3,"20":3,"21":3,"22":3,"23":3,"24":0,"25":0,"26":1,"27":2,"28":1,"29":1,"30":4,"31":4,"32":4,"33":2,"34":1,"35":1,"36":1,"37":2,"38":1,"39":1,"40":1,"41":1,"42":2,"43":1,"44":2,"45":3,"46":3,"47":3,"48":3,"49":3,"50":2,"51":1,"52":1,"53":1,"54":1,"55":1,"56":1,"57":1,"58":1,"59":1,"60":1,"61":2,"62":0,"63":0,"64":0,"65":0,"66":0,"67":0,"68":0,"69":0,"70":0,"71":0,"72":0,"73":2,"74":0,"75":0,"76":0,"77":0,"78":0,"79":0,"80":0,"81":0,"82":2,"83":0,"84":2},"f":{"0":1,"1":0,"2":1,"3":0,"4":1,"5":1,"6":4,"7":1,"8":4,"9":2,"10":3,"11":0,"12":0,"13":0,"14":0,"15":0},"b":{"0":[1,0],"1":[1,0],"2":[1,1],"3":[4,2,2,1],"4":[3,1],"5":[1,0],"6":[3,0],"7":[3,0],"8":[3,0],"9":[3,0],"10":[2,2],"11":[1,1],"12":[2,2],"13":[1,0],"14":[1,1],"15":[1,0],"16":[1,1],"17":[0,0],"18":[0,0],"19":[0,0],"20":[0,0],"21":[0,0],"22":[0,0]},"_coverageSchema":"1a1c01bbd47fc00a2c39e90264f33305004495a9","hash":"f9500751cfa611f0e1ac86f00a3f793c7ae2d342"}
,"/Users/rahulrajeshkumar/swe/AutoSocial_backend/controllers/ScheduleAutomation.js": {"path":"/Users/rahulrajeshkumar/swe/AutoSocial_backend/controllers/ScheduleAutomation.js","statementMap":{"0":{"start":{"line":1,"column":13},"end":{"line":1,"column":28}},"1":{"start":{"line":2,"column":11},"end":{"line":2,"column":24}},"2":{"start":{"line":3,"column":12},"end":{"line":3,"column":41}},"3":{"start":{"line":4,"column":32},"end":{"line":4,"column":66}},"4":{"start":{"line":6,"column":33},"end":{"line":119,"column":1}},"5":{"start":{"line":7,"column":2},"end":{"line":118,"column":3}},"6":{"start":{"line":8,"column":4},"end":{"line":8,"column":61}},"7":{"start":{"line":9,"column":65},"end":{"line":9,"column":73}},"8":{"start":{"line":10,"column":17},"end":{"line":10,"column":25}},"9":{"start":{"line":12,"column":4},"end":{"line":12,"column":51}},"10":{"start":{"line":13,"column":4},"end":{"line":13,"column":51}},"11":{"start":{"line":14,"column":4},"end":{"line":14,"column":36}},"12":{"start":{"line":16,"column":4},"end":{"line":18,"column":5}},"13":{"start":{"line":17,"column":6},"end":{"line":17,"column":72}},"14":{"start":{"line":21,"column":25},"end":{"line":21,"column":91}},"15":{"start":{"line":22,"column":4},"end":{"line":26,"column":5}},"16":{"start":{"line":23,"column":6},"end":{"line":25,"column":9}},"17":{"start":{"line":29,"column":26},"end":{"line":29,"column":57}},"18":{"start":{"line":30,"column":29},"end":{"line":30,"column":99}},"19":{"start":{"line":31,"column":21},"end":{"line":31,"column":56}},"20":{"start":{"line":32,"column":23},"end":{"line":32,"column":70}},"21":{"start":{"line":35,"column":23},"end":{"line":35,"column":60}},"22":{"start":{"line":36,"column":4},"end":{"line":38,"column":5}},"23":{"start":{"line":37,"column":6},"end":{"line":37,"column":52}},"24":{"start":{"line":41,"column":4},"end":{"line":41,"column":46}},"25":{"start":{"line":43,"column":22},"end":{"line":43,"column":44}},"26":{"start":{"line":44,"column":23},"end":{"line":44,"column":36}},"27":{"start":{"line":47,"column":23},"end":{"line":47,"column":47}},"28":{"start":{"line":48,"column":4},"end":{"line":50,"column":5}},"29":{"start":{"line":49,"column":6},"end":{"line":49,"column":79}},"30":{"start":{"line":52,"column":21},"end":{"line":52,"column":59}},"31":{"start":{"line":53,"column":31},"end":{"line":53,"column":72}},"32":{"start":{"line":55,"column":4},"end":{"line":57,"column":5}},"33":{"start":{"line":56,"column":6},"end":{"line":56,"column":75}},"34":{"start":{"line":60,"column":4},"end":{"line":62,"column":5}},"35":{"start":{"line":61,"column":6},"end":{"line":61,"column":86}},"36":{"start":{"line":66,"column":25},"end":{"line":66,"column":84}},"37":{"start":{"line":68,"column":4},"end":{"line":68,"column":69}},"38":{"start":{"line":71,"column":26},"end":{"line":71,"column":30}},"39":{"start":{"line":72,"column":4},"end":{"line":79,"column":5}},"40":{"start":{"line":73,"column":6},"end":{"line":73,"column":84}},"41":{"start":{"line":74,"column":6},"end":{"line":74,"column":60}},"42":{"start":{"line":76,"column":6},"end":{"line":76,"column":60}},"43":{"start":{"line":78,"column":6},"end":{"line":78,"column":85}},"44":{"start":{"line":82,"column":19},"end":{"line":90,"column":5}},"45":{"start":{"line":92,"column":4},"end":{"line":92,"column":46}},"46":{"start":{"line":94,"column":4},"end":{"line":99,"column":7}},"47":{"start":{"line":102,"column":4},"end":{"line":102,"column":61}},"48":{"start":{"line":105,"column":4},"end":{"line":115,"column":5}},"49":{"start":{"line":106,"column":6},"end":{"line":114,"column":7}},"50":{"start":{"line":107,"column":25},"end":{"line":107,"column":86}},"51":{"start":{"line":108,"column":27},"end":{"line":108,"column":74}},"52":{"start":{"line":109,"column":8},"end":{"line":111,"column":9}},"53":{"start":{"line":110,"column":10},"end":{"line":110,"column":36}},"54":{"start":{"line":113,"column":8},"end":{"line":113,"column":63}},"55":{"start":{"line":117,"column":4},"end":{"line":117,"column":68}},"56":{"start":{"line":121,"column":0},"end":{"line":123,"column":2}}},"fnMap":{"0":{"name":"(anonymous_0)","decl":{"start":{"line":6,"column":33},"end":{"line":6,"column":34}},"loc":{"start":{"line":6,"column":53},"end":{"line":119,"column":1}},"line":6}},"branchMap":{"0":{"loc":{"start":{"line":16,"column":4},"end":{"line":18,"column":5}},"type":"if","locations":[{"start":{"line":16,"column":4},"end":{"line":18,"column":5}},{"start":{},"end":{}}],"line":16},"1":{"loc":{"start":{"line":22,"column":4},"end":{"line":26,"column":5}},"type":"if","locations":[{"start":{"line":22,"column":4},"end":{"line":26,"column":5}},{"start":{},"end":{}}],"line":22},"2":{"loc":{"start":{"line":36,"column":4},"end":{"line":38,"column":5}},"type":"if","locations":[{"start":{"line":36,"column":4},"end":{"line":38,"column":5}},{"start":{},"end":{}}],"line":36},"3":{"loc":{"start":{"line":48,"column":4},"end":{"line":50,"column":5}},"type":"if","locations":[{"start":{"line":48,"column":4},"end":{"line":50,"column":5}},{"start":{},"end":{}}],"line":48},"4":{"loc":{"start":{"line":55,"column":4},"end":{"line":57,"column":5}},"type":"if","locations":[{"start":{"line":55,"column":4},"end":{"line":57,"column":5}},{"start":{},"end":{}}],"line":55},"5":{"loc":{"start":{"line":60,"column":4},"end":{"line":62,"column":5}},"type":"if","locations":[{"start":{"line":60,"column":4},"end":{"line":62,"column":5}},{"start":{},"end":{}}],"line":60},"6":{"loc":{"start":{"line":73,"column":64},"end":{"line":73,"column":82}},"type":"binary-expr","locations":[{"start":{"line":73,"column":64},"end":{"line":73,"column":71}},{"start":{"line":73,"column":75},"end":{"line":73,"column":82}}],"line":73},"7":{"loc":{"start":{"line":98,"column":12},"end":{"line":98,"column":121}},"type":"cond-expr","locations":[{"start":{"line":98,"column":30},"end":{"line":98,"column":66}},{"start":{"line":98,"column":69},"end":{"line":98,"column":121}}],"line":98},"8":{"loc":{"start":{"line":105,"column":4},"end":{"line":115,"column":5}},"type":"if","locations":[{"start":{"line":105,"column":4},"end":{"line":115,"column":5}},{"start":{},"end":{}}],"line":105},"9":{"loc":{"start":{"line":109,"column":8},"end":{"line":111,"column":9}},"type":"if","locations":[{"start":{"line":109,"column":8},"end":{"line":111,"column":9}},{"start":{},"end":{}}],"line":109}},"s":{"0":1,"1":1,"2":1,"3":1,"4":1,"5":0,"6":0,"7":0,"8":0,"9":0,"10":0,"11":0,"12":0,"13":0,"14":0,"15":0,"16":0,"17":0,"18":0,"19":0,"20":0,"21":0,"22":0,"23":0,"24":0,"25":0,"26":0,"27":0,"28":0,"29":0,"30":0,"31":0,"32":0,"33":0,"34":0,"35":0,"36":0,"37":0,"38":0,"39":0,"40":0,"41":0,"42":0,"43":0,"44":0,"45":0,"46":0,"47":0,"48":0,"49":0,"50":0,"51":0,"52":0,"53":0,"54":0,"55":0,"56":1},"f":{"0":0},"b":{"0":[0,0],"1":[0,0],"2":[0,0],"3":[0,0],"4":[0,0],"5":[0,0],"6":[0,0],"7":[0,0],"8":[0,0],"9":[0,0]},"_coverageSchema":"1a1c01bbd47fc00a2c39e90264f33305004495a9","hash":"334ad5cb136d78c879d238e1d304b8c1bbc05050"}
,"/Users/rahulrajeshkumar/swe/AutoSocial_backend/controllers/WorkflowController.js": {"path":"/Users/rahulrajeshkumar/swe/AutoSocial_backend/controllers/WorkflowController.js","statementMap":{"0":{"start":{"line":1,"column":17},"end":{"line":1,"column":46}},"1":{"start":{"line":2,"column":12},"end":{"line":2,"column":41}},"2":{"start":{"line":3,"column":20},"end":{"line":3,"column":45}},"3":{"start":{"line":4,"column":0},"end":{"line":32,"column":2}},"4":{"start":{"line":5,"column":2},"end":{"line":31,"column":3}},"5":{"start":{"line":6,"column":34},"end":{"line":6,"column":42}},"6":{"start":{"line":8,"column":24},"end":{"line":8,"column":36}},"7":{"start":{"line":9,"column":5},"end":{"line":9,"column":37}},"8":{"start":{"line":11,"column":23},"end":{"line":11,"column":74}},"9":{"start":{"line":12,"column":4},"end":{"line":15,"column":5}},"10":{"start":{"line":13,"column":6},"end":{"line":14,"column":50}},"11":{"start":{"line":16,"column":4},"end":{"line":18,"column":5}},"12":{"start":{"line":17,"column":6},"end":{"line":17,"column":82}},"13":{"start":{"line":19,"column":19},"end":{"line":22,"column":18}},"14":{"start":{"line":23,"column":4},"end":{"line":23,"column":48}},"15":{"start":{"line":24,"column":4},"end":{"line":27,"column":7}},"16":{"start":{"line":29,"column":4},"end":{"line":29,"column":61}},"17":{"start":{"line":30,"column":4},"end":{"line":30,"column":68}},"18":{"start":{"line":35,"column":24},"end":{"line":60,"column":1}},"19":{"start":{"line":36,"column":2},"end":{"line":59,"column":3}},"20":{"start":{"line":38,"column":23},"end":{"line":38,"column":35}},"21":{"start":{"line":39,"column":4},"end":{"line":39,"column":23}},"22":{"start":{"line":40,"column":4},"end":{"line":40,"column":25}},"23":{"start":{"line":41,"column":19},"end":{"line":46,"column":7}},"24":{"start":{"line":48,"column":4},"end":{"line":50,"column":5}},"25":{"start":{"line":49,"column":6},"end":{"line":49,"column":83}},"26":{"start":{"line":51,"column":4},"end":{"line":51,"column":48}},"27":{"start":{"line":52,"column":4},"end":{"line":55,"column":7}},"28":{"start":{"line":57,"column":4},"end":{"line":57,"column":52}},"29":{"start":{"line":58,"column":4},"end":{"line":58,"column":68}},"30":{"start":{"line":63,"column":24},"end":{"line":89,"column":1}},"31":{"start":{"line":64,"column":2},"end":{"line":88,"column":3}},"32":{"start":{"line":65,"column":19},"end":{"line":65,"column":29}},"33":{"start":{"line":66,"column":23},"end":{"line":66,"column":35}},"34":{"start":{"line":68,"column":4},"end":{"line":68,"column":72}},"35":{"start":{"line":70,"column":19},"end":{"line":74,"column":5}},"36":{"start":{"line":76,"column":4},"end":{"line":78,"column":5}},"37":{"start":{"line":77,"column":6},"end":{"line":77,"column":90}},"38":{"start":{"line":80,"column":4},"end":{"line":80,"column":50}},"39":{"start":{"line":81,"column":4},"end":{"line":84,"column":7}},"40":{"start":{"line":86,"column":4},"end":{"line":86,"column":52}},"41":{"start":{"line":87,"column":4},"end":{"line":87,"column":68}},"42":{"start":{"line":92,"column":31},"end":{"line":122,"column":1}},"43":{"start":{"line":93,"column":2},"end":{"line":121,"column":3}},"44":{"start":{"line":94,"column":27},"end":{"line":94,"column":35}},"45":{"start":{"line":95,"column":23},"end":{"line":95,"column":35}},"46":{"start":{"line":98,"column":4},"end":{"line":100,"column":5}},"47":{"start":{"line":99,"column":6},"end":{"line":99,"column":86}},"48":{"start":{"line":103,"column":19},"end":{"line":107,"column":27}},"49":{"start":{"line":109,"column":4},"end":{"line":111,"column":5}},"50":{"start":{"line":110,"column":6},"end":{"line":110,"column":92}},"51":{"start":{"line":113,"column":4},"end":{"line":113,"column":57}},"52":{"start":{"line":114,"column":4},"end":{"line":117,"column":7}},"53":{"start":{"line":119,"column":4},"end":{"line":119,"column":59}},"54":{"start":{"line":120,"column":4},"end":{"line":120,"column":68}},"55":{"start":{"line":124,"column":0},"end":{"line":124,"column":104}}},"fnMap":{"0":{"name":"(anonymous_0)","decl":{"start":{"line":4,"column":27},"end":{"line":4,"column":28}},"loc":{"start":{"line":4,"column":47},"end":{"line":32,"column":1}},"line":4},"1":{"name":"(anonymous_1)","decl":{"start":{"line":35,"column":24},"end":{"line":35,"column":25}},"loc":{"start":{"line":35,"column":44},"end":{"line":60,"column":1}},"line":35},"2":{"name":"(anonymous_2)","decl":{"start":{"line":63,"column":24},"end":{"line":63,"column":25}},"loc":{"start":{"line":63,"column":44},"end":{"line":89,"column":1}},"line":63},"3":{"name":"(anonymous_3)","decl":{"start":{"line":92,"column":31},"end":{"line":92,"column":32}},"loc":{"start":{"line":92,"column":51},"end":{"line":122,"column":1}},"line":92}},"branchMap":{"0":{"loc":{"start":{"line":12,"column":4},"end":{"line":15,"column":5}},"type":"if","locations":[{"start":{"line":12,"column":4},"end":{"line":15,"column":5}},{"start":{},"end":{}}],"line":12},"1":{"loc":{"start":{"line":16,"column":4},"end":{"line":18,"column":5}},"type":"if","locations":[{"start":{"line":16,"column":4},"end":{"line":18,"column":5}},{"start":{},"end":{}}],"line":16},"2":{"loc":{"start":{"line":16,"column":8},"end":{"line":16,"column":29}},"type":"binary-expr","locations":[{"start":{"line":16,"column":8},"end":{"line":16,"column":13}},{"start":{"line":16,"column":17},"end":{"line":16,"column":29}}],"line":16},"3":{"loc":{"start":{"line":48,"column":4},"end":{"line":50,"column":5}},"type":"if","locations":[{"start":{"line":48,"column":4},"end":{"line":50,"column":5}},{"start":{},"end":{}}],"line":48},"4":{"loc":{"start":{"line":76,"column":4},"end":{"line":78,"column":5}},"type":"if","locations":[{"start":{"line":76,"column":4},"end":{"line":78,"column":5}},{"start":{},"end":{}}],"line":76},"5":{"loc":{"start":{"line":98,"column":4},"end":{"line":100,"column":5}},"type":"if","locations":[{"start":{"line":98,"column":4},"end":{"line":100,"column":5}},{"start":{},"end":{}}],"line":98},"6":{"loc":{"start":{"line":98,"column":8},"end":{"line":98,"column":35}},"type":"binary-expr","locations":[{"start":{"line":98,"column":8},"end":{"line":98,"column":11}},{"start":{"line":98,"column":15},"end":{"line":98,"column":35}}],"line":98},"7":{"loc":{"start":{"line":109,"column":4},"end":{"line":111,"column":5}},"type":"if","locations":[{"start":{"line":109,"column":4},"end":{"line":111,"column":5}},{"start":{},"end":{}}],"line":109}},"s":{"0":2,"1":2,"2":2,"3":2,"4":4,"5":4,"6":4,"7":4,"8":4,"9":4,"10":0,"11":4,"12":2,"13":2,"14":2,"15":2,"16":0,"17":0,"18":2,"19":2,"20":2,"21":2,"22":2,"23":2,"24":2,"25":0,"26":2,"27":2,"28":0,"29":0,"30":2,"31":2,"32":2,"33":2,"34":2,"35":2,"36":2,"37":0,"38":2,"39":2,"40":0,"41":0,"42":2,"43":4,"44":4,"45":4,"46":4,"47":2,"48":2,"49":2,"50":0,"51":2,"52":2,"53":0,"54":0,"55":2},"f":{"0":4,"1":2,"2":2,"3":4},"b":{"0":[0,4],"1":[2,2],"2":[4,4],"3":[0,2],"4":[0,2],"5":[2,2],"6":[4,4],"7":[0,2]},"_coverageSchema":"1a1c01bbd47fc00a2c39e90264f33305004495a9","hash":"da8034c07d35ddea1d4ec4404b659d8b6875fe04"}
,"/Users/rahulrajeshkumar/swe/AutoSocial_backend/controllers/exampleController.js": {"path":"/Users/rahulrajeshkumar/swe/AutoSocial_backend/controllers/exampleController.js","statementMap":{"0":{"start":{"line":1,"column":34},"end":{"line":1,"column":67}},"1":{"start":{"line":9,"column":2},"end":{"line":15,"column":3}},"2":{"start":{"line":10,"column":22},"end":{"line":10,"column":57}},"3":{"start":{"line":11,"column":17},"end":{"line":11,"column":43}},"4":{"start":{"line":12,"column":4},"end":{"line":12,"column":50}},"5":{"start":{"line":14,"column":4},"end":{"line":14,"column":67}},"6":{"start":{"line":24,"column":2},"end":{"line":36,"column":3}},"7":{"start":{"line":25,"column":22},"end":{"line":25,"column":57}},"8":{"start":{"line":26,"column":21},"end":{"line":26,"column":29}},"9":{"start":{"line":28,"column":4},"end":{"line":30,"column":5}},"10":{"start":{"line":29,"column":6},"end":{"line":29,"column":81}},"11":{"start":{"line":32,"column":19},"end":{"line":32,"column":56}},"12":{"start":{"line":33,"column":4},"end":{"line":33,"column":58}},"13":{"start":{"line":35,"column":4},"end":{"line":35,"column":67}},"14":{"start":{"line":39,"column":0},"end":{"line":42,"column":2}}},"fnMap":{"0":{"name":"getAllItems","decl":{"start":{"line":8,"column":15},"end":{"line":8,"column":26}},"loc":{"start":{"line":8,"column":37},"end":{"line":16,"column":1}},"line":8},"1":{"name":"createItem","decl":{"start":{"line":23,"column":15},"end":{"line":23,"column":25}},"loc":{"start":{"line":23,"column":36},"end":{"line":37,"column":1}},"line":23}},"branchMap":{"0":{"loc":{"start":{"line":10,"column":22},"end":{"line":10,"column":57}},"type":"binary-expr","locations":[{"start":{"line":10,"column":22},"end":{"line":10,"column":38}},{"start":{"line":10,"column":42},"end":{"line":10,"column":57}}],"line":10},"1":{"loc":{"start":{"line":25,"column":22},"end":{"line":25,"column":57}},"type":"binary-expr","locations":[{"start":{"line":25,"column":22},"end":{"line":25,"column":38}},{"start":{"line":25,"column":42},"end":{"line":25,"column":57}}],"line":25},"2":{"loc":{"start":{"line":28,"column":4},"end":{"line":30,"column":5}},"type":"if","locations":[{"start":{"line":28,"column":4},"end":{"line":30,"column":5}},{"start":{},"end":{}}],"line":28},"3":{"loc":{"start":{"line":28,"column":8},"end":{"line":28,"column":55}},"type":"binary-expr","locations":[{"start":{"line":28,"column":8},"end":{"line":28,"column":17}},{"start":{"line":28,"column":21},"end":{"line":28,"column":55}}],"line":28}},"s":{"0":1,"1":3,"2":3,"3":3,"4":2,"5":1,"6":3,"7":3,"8":3,"9":3,"10":1,"11":2,"12":1,"13":1,"14":1},"f":{"0":3,"1":3},"b":{"0":[3,2],"1":[3,2],"2":[1,2],"3":[3,3]},"_coverageSchema":"1a1c01bbd47fc00a2c39e90264f33305004495a9","hash":"bb3825e16706678f7ba9d77d99238cd818724529"}
,"/Users/rahulrajeshkumar/swe/AutoSocial_backend/routes/instagram.js": {"path":"/Users/rahulrajeshkumar/swe/AutoSocial_backend/routes/instagram.js","statementMap":{"0":{"start":{"line":1,"column":16},"end":{"line":1,"column":34}},"1":{"start":{"line":2,"column":15},"end":{"line":2,"column":31}},"2":{"start":{"line":3,"column":24},"end":{"line":3,"column":59}},"3":{"start":{"line":4,"column":23},"end":{"line":4,"column":53}},"4":{"start":{"line":5,"column":12},"end":{"line":5,"column":41}},"5":{"start":{"line":6,"column":70},"end":{"line":6,"column":115}},"6":{"start":{"line":12,"column":0},"end":{"line":70,"column":3}},"7":{"start":{"line":13,"column":2},"end":{"line":69,"column":3}},"8":{"start":{"line":14,"column":56},"end":{"line":14,"column":64}},"9":{"start":{"line":15,"column":19},"end":{"line":15,"column":30}},"10":{"start":{"line":17,"column":4},"end":{"line":19,"column":5}},"11":{"start":{"line":18,"column":6},"end":{"line":18,"column":72}},"12":{"start":{"line":22,"column":23},"end":{"line":22,"column":33}},"13":{"start":{"line":23,"column":4},"end":{"line":23,"column":76}},"14":{"start":{"line":26,"column":32},"end":{"line":29,"column":5}},"15":{"start":{"line":31,"column":4},"end":{"line":63,"column":5}},"16":{"start":{"line":33,"column":6},"end":{"line":41,"column":8}},"17":{"start":{"line":44,"column":6},"end":{"line":62,"column":8}},"18":{"start":{"line":65,"column":4},"end":{"line":65,"column":44}},"19":{"start":{"line":67,"column":4},"end":{"line":67,"column":58}},"20":{"start":{"line":68,"column":4},"end":{"line":68,"column":70}},"21":{"start":{"line":76,"column":0},"end":{"line":96,"column":3}},"22":{"start":{"line":77,"column":2},"end":{"line":95,"column":3}},"23":{"start":{"line":78,"column":19},"end":{"line":78,"column":30}},"24":{"start":{"line":80,"column":24},"end":{"line":86,"column":5}},"25":{"start":{"line":88,"column":4},"end":{"line":91,"column":7}},"26":{"start":{"line":93,"column":4},"end":{"line":93,"column":61}},"27":{"start":{"line":94,"column":4},"end":{"line":94,"column":72}},"28":{"start":{"line":99,"column":0},"end":{"line":99,"column":36}},"29":{"start":{"line":102,"column":0},"end":{"line":102,"column":79}},"30":{"start":{"line":103,"column":0},"end":{"line":103,"column":75}},"31":{"start":{"line":105,"column":0},"end":{"line":105,"column":24}}},"fnMap":{"0":{"name":"(anonymous_0)","decl":{"start":{"line":12,"column":56},"end":{"line":12,"column":57}},"loc":{"start":{"line":12,"column":76},"end":{"line":70,"column":1}},"line":12},"1":{"name":"(anonymous_1)","decl":{"start":{"line":76,"column":51},"end":{"line":76,"column":52}},"loc":{"start":{"line":76,"column":71},"end":{"line":96,"column":1}},"line":76}},"branchMap":{"0":{"loc":{"start":{"line":17,"column":4},"end":{"line":19,"column":5}},"type":"if","locations":[{"start":{"line":17,"column":4},"end":{"line":19,"column":5}},{"start":{},"end":{}}],"line":17},"1":{"loc":{"start":{"line":17,"column":8},"end":{"line":17,"column":40}},"type":"binary-expr","locations":[{"start":{"line":17,"column":8},"end":{"line":17,"column":24}},{"start":{"line":17,"column":28},"end":{"line":17,"column":40}}],"line":17},"2":{"loc":{"start":{"line":23,"column":53},"end":{"line":23,"column":73}},"type":"binary-expr","locations":[{"start":{"line":23,"column":53},"end":{"line":23,"column":62}},{"start":{"line":23,"column":66},"end":{"line":23,"column":73}}],"line":23},"3":{"loc":{"start":{"line":31,"column":4},"end":{"line":63,"column":5}},"type":"if","locations":[{"start":{"line":31,"column":4},"end":{"line":63,"column":5}},{"start":{"line":42,"column":11},"end":{"line":63,"column":5}}],"line":31},"4":{"loc":{"start":{"line":90,"column":17},"end":{"line":90,"column":74}},"type":"cond-expr","locations":[{"start":{"line":90,"column":42},"end":{"line":90,"column":67}},{"start":{"line":90,"column":70},"end":{"line":90,"column":74}}],"line":90}},"s":{"0":1,"1":1,"2":1,"3":1,"4":1,"5":1,"6":1,"7":2,"8":2,"9":2,"10":2,"11":1,"12":1,"13":1,"14":1,"15":1,"16":0,"17":1,"18":1,"19":0,"20":0,"21":1,"22":1,"23":1,"24":1,"25":1,"26":0,"27":0,"28":1,"29":1,"30":1,"31":1},"f":{"0":2,"1":1},"b":{"0":[1,1],"1":[2,2],"2":[1,0],"3":[0,1],"4":[1,0]},"_coverageSchema":"1a1c01bbd47fc00a2c39e90264f33305004495a9","hash":"c6840122197941ab3093b242531da64ac762f1b3"}
,"/Users/rahulrajeshkumar/swe/AutoSocial_backend/routes/workflow.js": {"path":"/Users/rahulrajeshkumar/swe/AutoSocial_backend/routes/workflow.js","statementMap":{"0":{"start":{"line":1,"column":16},"end":{"line":1,"column":34}},"1":{"start":{"line":2,"column":15},"end":{"line":2,"column":31}},"2":{"start":{"line":3,"column":95},"end":{"line":3,"column":139}},"3":{"start":{"line":4,"column":29},"end":{"line":4,"column":75}},"4":{"start":{"line":5,"column":24},"end":{"line":5,"column":49}},"5":{"start":{"line":6,"column":33},"end":{"line":6,"column":67}},"6":{"start":{"line":7,"column":28},"end":{"line":7,"column":62}},"7":{"start":{"line":8,"column":35},"end":{"line":8,"column":79}},"8":{"start":{"line":10,"column":0},"end":{"line":10,"column":58}},"9":{"start":{"line":11,"column":0},"end":{"line":11,"column":49}},"10":{"start":{"line":12,"column":0},"end":{"line":12,"column":52}},"11":{"start":{"line":13,"column":0},"end":{"line":13,"column":51}},"12":{"start":{"line":14,"column":0},"end":{"line":14,"column":44}},"13":{"start":{"line":15,"column":0},"end":{"line":15,"column":43}},"14":{"start":{"line":16,"column":0},"end":{"line":16,"column":63}},"15":{"start":{"line":17,"column":0},"end":{"line":17,"column":67}},"16":{"start":{"line":19,"column":0},"end":{"line":19,"column":24}}},"fnMap":{},"branchMap":{},"s":{"0":1,"1":1,"2":1,"3":1,"4":1,"5":1,"6":1,"7":1,"8":1,"9":1,"10":1,"11":1,"12":1,"13":1,"14":1,"15":1,"16":1},"f":{},"b":{},"_coverageSchema":"1a1c01bbd47fc00a2c39e90264f33305004495a9","hash":"bab47cb837d47c979eadecf2742667d289900132"}
,"/Users/rahulrajeshkumar/swe/AutoSocial_backend/tests/mocks/clerk.mock.js": {"path":"/Users/rahulrajeshkumar/swe/AutoSocial_backend/tests/mocks/clerk.mock.js","statementMap":{"0":{"start":{"line":2,"column":20},"end":{"line":18,"column":2}},"1":{"start":{"line":3,"column":2},"end":{"line":17,"column":4}},"2":{"start":{"line":20,"column":24},"end":{"line":33,"column":2}},"3":{"start":{"line":21,"column":2},"end":{"line":24,"column":4}},"4":{"start":{"line":25,"column":2},"end":{"line":31,"column":4}},"5":{"start":{"line":32,"column":2},"end":{"line":32,"column":9}},"6":{"start":{"line":35,"column":28},"end":{"line":43,"column":2}},"7":{"start":{"line":36,"column":2},"end":{"line":42,"column":4}},"8":{"start":{"line":37,"column":4},"end":{"line":40,"column":6}},"9":{"start":{"line":41,"column":4},"end":{"line":41,"column":11}},"10":{"start":{"line":45,"column":0},"end":{"line":49,"column":2}}},"fnMap":{"0":{"name":"(anonymous_0)","decl":{"start":{"line":2,"column":49},"end":{"line":2,"column":50}},"loc":{"start":{"line":2,"column":55},"end":{"line":18,"column":1}},"line":2},"1":{"name":"(anonymous_1)","decl":{"start":{"line":20,"column":53},"end":{"line":20,"column":54}},"loc":{"start":{"line":20,"column":73},"end":{"line":33,"column":1}},"line":20},"2":{"name":"(anonymous_2)","decl":{"start":{"line":35,"column":57},"end":{"line":35,"column":58}},"loc":{"start":{"line":35,"column":63},"end":{"line":43,"column":1}},"line":35},"3":{"name":"(anonymous_3)","decl":{"start":{"line":36,"column":9},"end":{"line":36,"column":10}},"loc":{"start":{"line":36,"column":29},"end":{"line":42,"column":3}},"line":36}},"branchMap":{},"s":{"0":4,"1":15,"2":4,"3":5,"4":5,"5":5,"6":4,"7":0,"8":0,"9":0,"10":4},"f":{"0":15,"1":5,"2":0,"3":0},"b":{},"_coverageSchema":"1a1c01bbd47fc00a2c39e90264f33305004495a9","hash":"f86649b443c5dd5d35ca4eff6e104ac06ba1955a"}
,"/Users/rahulrajeshkumar/swe/AutoSocial_backend/tests/mocks/database.mock.js": {"path":"/Users/rahulrajeshkumar/swe/AutoSocial_backend/tests/mocks/database.mock.js","statementMap":{"0":{"start":{"line":2,"column":16},"end":{"line":2,"column":25}},"1":{"start":{"line":5,"column":0},"end":{"line":63,"column":3}},"2":{"start":{"line":7,"column":16},"end":{"line":7,"column":33}},"3":{"start":{"line":10,"column":2},"end":{"line":12,"column":3}},"4":{"start":{"line":11,"column":4},"end":{"line":11,"column":67}},"5":{"start":{"line":14,"column":2},"end":{"line":16,"column":3}},"6":{"start":{"line":15,"column":4},"end":{"line":15,"column":48}},"7":{"start":{"line":18,"column":2},"end":{"line":29,"column":3}},"8":{"start":{"line":19,"column":4},"end":{"line":28,"column":7}},"9":{"start":{"line":31,"column":2},"end":{"line":42,"column":3}},"10":{"start":{"line":32,"column":4},"end":{"line":41,"column":7}},"11":{"start":{"line":44,"column":2},"end":{"line":51,"column":3}},"12":{"start":{"line":45,"column":4},"end":{"line":50,"column":7}},"13":{"start":{"line":53,"column":2},"end":{"line":59,"column":3}},"14":{"start":{"line":54,"column":4},"end":{"line":58,"column":7}},"15":{"start":{"line":62,"column":2},"end":{"line":62,"column":29}},"16":{"start":{"line":65,"column":0},"end":{"line":65,"column":25}}},"fnMap":{"0":{"name":"(anonymous_0)","decl":{"start":{"line":5,"column":27},"end":{"line":5,"column":28}},"loc":{"start":{"line":5,"column":51},"end":{"line":63,"column":1}},"line":5}},"branchMap":{"0":{"loc":{"start":{"line":10,"column":2},"end":{"line":12,"column":3}},"type":"if","locations":[{"start":{"line":10,"column":2},"end":{"line":12,"column":3}},{"start":{},"end":{}}],"line":10},"1":{"loc":{"start":{"line":14,"column":2},"end":{"line":16,"column":3}},"type":"if","locations":[{"start":{"line":14,"column":2},"end":{"line":16,"column":3}},{"start":{},"end":{}}],"line":14},"2":{"loc":{"start":{"line":18,"column":2},"end":{"line":29,"column":3}},"type":"if","locations":[{"start":{"line":18,"column":2},"end":{"line":29,"column":3}},{"start":{},"end":{}}],"line":18},"3":{"loc":{"start":{"line":31,"column":2},"end":{"line":42,"column":3}},"type":"if","locations":[{"start":{"line":31,"column":2},"end":{"line":42,"column":3}},{"start":{},"end":{}}],"line":31},"4":{"loc":{"start":{"line":44,"column":2},"end":{"line":51,"column":3}},"type":"if","locations":[{"start":{"line":44,"column":2},"end":{"line":51,"column":3}},{"start":{},"end":{}}],"line":44},"5":{"loc":{"start":{"line":53,"column":2},"end":{"line":59,"column":3}},"type":"if","locations":[{"start":{"line":53,"column":2},"end":{"line":59,"column":3}},{"start":{},"end":{}}],"line":53}},"s":{"0":4,"1":4,"2":15,"3":15,"4":4,"5":11,"6":0,"7":11,"8":2,"9":9,"10":4,"11":5,"12":2,"13":3,"14":0,"15":3,"16":4},"f":{"0":15},"b":{"0":[4,11],"1":[0,11],"2":[2,9],"3":[4,5],"4":[2,3],"5":[0,3]},"_coverageSchema":"1a1c01bbd47fc00a2c39e90264f33305004495a9","hash":"86db6e57971bc4619ee0c65461726feb564ecf52"}
,"/Users/rahulrajeshkumar/swe/AutoSocial_backend/utils/PageUtils.js": {"path":"/Users/rahulrajeshkumar/swe/AutoSocial_backend/utils/PageUtils.js","statementMap":{"0":{"start":{"line":1,"column":12},"end":{"line":1,"column":41}},"1":{"start":{"line":2,"column":14},"end":{"line":2,"column":30}},"2":{"start":{"line":9,"column":29},"end":{"line":25,"column":1}},"3":{"start":{"line":10,"column":2},"end":{"line":24,"column":3}},"4":{"start":{"line":11,"column":16},"end":{"line":11,"column":81}},"5":{"start":{"line":13,"column":21},"end":{"line":13,"column":41}},"6":{"start":{"line":14,"column":4},"end":{"line":14,"column":68}},"7":{"start":{"line":15,"column":4},"end":{"line":15,"column":25}},"8":{"start":{"line":17,"column":4},"end":{"line":22,"column":7}},"9":{"start":{"line":23,"column":4},"end":{"line":23,"column":16}},"10":{"start":{"line":32,"column":28},"end":{"line":54,"column":1}},"11":{"start":{"line":33,"column":2},"end":{"line":53,"column":3}},"12":{"start":{"line":35,"column":22},"end":{"line":39,"column":23}},"13":{"start":{"line":41,"column":19},"end":{"line":47,"column":5}},"14":{"start":{"line":49,"column":4},"end":{"line":49,"column":48}},"15":{"start":{"line":51,"column":4},"end":{"line":51,"column":52}},"16":{"start":{"line":52,"column":4},"end":{"line":52,"column":16}},"17":{"start":{"line":62,"column":28},"end":{"line":99,"column":1}},"18":{"start":{"line":63,"column":2},"end":{"line":98,"column":3}},"19":{"start":{"line":64,"column":22},"end":{"line":68,"column":23}},"20":{"start":{"line":70,"column":19},"end":{"line":91,"column":5}},"21":{"start":{"line":93,"column":4},"end":{"line":93,"column":62}},"22":{"start":{"line":94,"column":4},"end":{"line":94,"column":21}},"23":{"start":{"line":96,"column":4},"end":{"line":96,"column":52}},"24":{"start":{"line":97,"column":4},"end":{"line":97,"column":16}},"25":{"start":{"line":107,"column":28},"end":{"line":181,"column":1}},"26":{"start":{"line":109,"column":16},"end":{"line":109,"column":42}},"27":{"start":{"line":111,"column":2},"end":{"line":117,"column":3}},"28":{"start":{"line":112,"column":4},"end":{"line":116,"column":6}},"29":{"start":{"line":119,"column":2},"end":{"line":180,"column":3}},"30":{"start":{"line":120,"column":19},"end":{"line":120,"column":23}},"31":{"start":{"line":121,"column":17},"end":{"line":121,"column":27}},"32":{"start":{"line":124,"column":4},"end":{"line":137,"column":5}},"33":{"start":{"line":125,"column":6},"end":{"line":125,"column":68}},"34":{"start":{"line":126,"column":6},"end":{"line":126,"column":50}},"35":{"start":{"line":128,"column":6},"end":{"line":136,"column":7}},"36":{"start":{"line":129,"column":8},"end":{"line":129,"column":72}},"37":{"start":{"line":130,"column":8},"end":{"line":135,"column":10}},"38":{"start":{"line":140,"column":4},"end":{"line":140,"column":62}},"39":{"start":{"line":141,"column":24},"end":{"line":141,"column":57}},"40":{"start":{"line":143,"column":4},"end":{"line":149,"column":5}},"41":{"start":{"line":144,"column":6},"end":{"line":148,"column":8}},"42":{"start":{"line":152,"column":4},"end":{"line":152,"column":55}},"43":{"start":{"line":153,"column":23},"end":{"line":153,"column":68}},"44":{"start":{"line":155,"column":4},"end":{"line":164,"column":5}},"45":{"start":{"line":157,"column":6},"end":{"line":157,"column":67}},"46":{"start":{"line":158,"column":6},"end":{"line":163,"column":8}},"47":{"start":{"line":166,"column":4},"end":{"line":171,"column":6}},"48":{"start":{"line":174,"column":4},"end":{"line":174,"column":56}},"49":{"start":{"line":175,"column":4},"end":{"line":179,"column":6}},"50":{"start":{"line":186,"column":23},"end":{"line":218,"column":1}},"51":{"start":{"line":187,"column":2},"end":{"line":217,"column":3}},"52":{"start":{"line":188,"column":44},"end":{"line":188,"column":53}},"53":{"start":{"line":189,"column":25},"end":{"line":189,"column":49}},"54":{"start":{"line":191,"column":19},"end":{"line":191,"column":72}},"55":{"start":{"line":193,"column":4},"end":{"line":209,"column":5}},"56":{"start":{"line":194,"column":6},"end":{"line":202,"column":9}},"57":{"start":{"line":204,"column":6},"end":{"line":208,"column":9}},"58":{"start":{"line":212,"column":4},"end":{"line":212,"column":51}},"59":{"start":{"line":213,"column":4},"end":{"line":216,"column":7}},"60":{"start":{"line":225,"column":18},"end":{"line":228,"column":1}},"61":{"start":{"line":226,"column":17},"end":{"line":226,"column":55}},"62":{"start":{"line":227,"column":2},"end":{"line":227,"column":73}},"63":{"start":{"line":234,"column":27},"end":{"line":248,"column":1}},"64":{"start":{"line":235,"column":2},"end":{"line":247,"column":3}},"65":{"start":{"line":236,"column":19},"end":{"line":240,"column":5}},"66":{"start":{"line":242,"column":4},"end":{"line":242,"column":72}},"67":{"start":{"line":243,"column":4},"end":{"line":243,"column":25}},"68":{"start":{"line":245,"column":4},"end":{"line":245,"column":45}},"69":{"start":{"line":246,"column":4},"end":{"line":246,"column":13}},"70":{"start":{"line":251,"column":28},"end":{"line":268,"column":1}},"71":{"start":{"line":271,"column":36},"end":{"line":321,"column":1}},"72":{"start":{"line":273,"column":30},"end":{"line":318,"column":3}},"73":{"start":{"line":275,"column":23},"end":{"line":275,"column":61}},"74":{"start":{"line":277,"column":4},"end":{"line":280,"column":5}},"75":{"start":{"line":278,"column":6},"end":{"line":278,"column":66}},"76":{"start":{"line":279,"column":6},"end":{"line":279,"column":18}},"77":{"start":{"line":282,"column":4},"end":{"line":282,"column":102}},"78":{"start":{"line":283,"column":4},"end":{"line":283,"column":90}},"79":{"start":{"line":286,"column":18},"end":{"line":286,"column":59}},"80":{"start":{"line":288,"column":4},"end":{"line":317,"column":5}},"81":{"start":{"line":289,"column":23},"end":{"line":302,"column":7}},"82":{"start":{"line":304,"column":19},"end":{"line":304,"column":40}},"83":{"start":{"line":306,"column":6},"end":{"line":309,"column":7}},"84":{"start":{"line":307,"column":8},"end":{"line":307,"column":51}},"85":{"start":{"line":308,"column":8},"end":{"line":308,"column":20}},"86":{"start":{"line":311,"column":6},"end":{"line":311,"column":56}},"87":{"start":{"line":312,"column":6},"end":{"line":312,"column":18}},"88":{"start":{"line":315,"column":6},"end":{"line":315,"column":75}},"89":{"start":{"line":316,"column":6},"end":{"line":316,"column":18}},"90":{"start":{"line":320,"column":2},"end":{"line":320,"column":33}},"91":{"start":{"line":324,"column":31},"end":{"line":354,"column":1}},"92":{"start":{"line":325,"column":2},"end":{"line":353,"column":3}},"93":{"start":{"line":327,"column":23},"end":{"line":327,"column":50}},"94":{"start":{"line":329,"column":4},"end":{"line":333,"column":5}},"95":{"start":{"line":330,"column":6},"end":{"line":330,"column":73}},"96":{"start":{"line":332,"column":6},"end":{"line":332,"column":106}},"97":{"start":{"line":336,"column":24},"end":{"line":336,"column":32}},"98":{"start":{"line":341,"column":4},"end":{"line":348,"column":7}},"99":{"start":{"line":351,"column":4},"end":{"line":351,"column":60}},"100":{"start":{"line":352,"column":4},"end":{"line":352,"column":61}},"101":{"start":{"line":356,"column":0},"end":{"line":367,"column":2}}},"fnMap":{"0":{"name":"(anonymous_0)","decl":{"start":{"line":9,"column":29},"end":{"line":9,"column":30}},"loc":{"start":{"line":9,"column":52},"end":{"line":25,"column":1}},"line":9},"1":{"name":"(anonymous_1)","decl":{"start":{"line":32,"column":28},"end":{"line":32,"column":29}},"loc":{"start":{"line":32,"column":51},"end":{"line":54,"column":1}},"line":32},"2":{"name":"(anonymous_2)","decl":{"start":{"line":62,"column":28},"end":{"line":62,"column":29}},"loc":{"start":{"line":62,"column":61},"end":{"line":99,"column":1}},"line":62},"3":{"name":"(anonymous_3)","decl":{"start":{"line":107,"column":28},"end":{"line":107,"column":29}},"loc":{"start":{"line":107,"column":80},"end":{"line":181,"column":1}},"line":107},"4":{"name":"(anonymous_4)","decl":{"start":{"line":186,"column":23},"end":{"line":186,"column":24}},"loc":{"start":{"line":186,"column":43},"end":{"line":218,"column":1}},"line":186},"5":{"name":"(anonymous_5)","decl":{"start":{"line":225,"column":18},"end":{"line":225,"column":19}},"loc":{"start":{"line":225,"column":48},"end":{"line":228,"column":1}},"line":225},"6":{"name":"(anonymous_6)","decl":{"start":{"line":234,"column":27},"end":{"line":234,"column":28}},"loc":{"start":{"line":234,"column":51},"end":{"line":248,"column":1}},"line":234},"7":{"name":"(anonymous_7)","decl":{"start":{"line":271,"column":36},"end":{"line":271,"column":37}},"loc":{"start":{"line":271,"column":42},"end":{"line":321,"column":1}},"line":271},"8":{"name":"(anonymous_8)","decl":{"start":{"line":273,"column":30},"end":{"line":273,"column":31}},"loc":{"start":{"line":273,"column":86},"end":{"line":318,"column":3}},"line":273},"9":{"name":"(anonymous_9)","decl":{"start":{"line":324,"column":31},"end":{"line":324,"column":32}},"loc":{"start":{"line":324,"column":51},"end":{"line":354,"column":1}},"line":324}},"branchMap":{"0":{"loc":{"start":{"line":49,"column":11},"end":{"line":49,"column":47}},"type":"cond-expr","locations":[{"start":{"line":49,"column":31},"end":{"line":49,"column":40}},{"start":{"line":49,"column":43},"end":{"line":49,"column":47}}],"line":49},"1":{"loc":{"start":{"line":79,"column":10},"end":{"line":79,"column":31}},"type":"binary-expr","locations":[{"start":{"line":79,"column":10},"end":{"line":79,"column":23}},{"start":{"line":79,"column":27},"end":{"line":79,"column":31}}],"line":79},"2":{"loc":{"start":{"line":86,"column":17},"end":{"line":86,"column":38}},"type":"binary-expr","locations":[{"start":{"line":86,"column":17},"end":{"line":86,"column":30}},{"start":{"line":86,"column":34},"end":{"line":86,"column":38}}],"line":86},"3":{"loc":{"start":{"line":107,"column":35},"end":{"line":107,"column":53}},"type":"default-arg","locations":[{"start":{"line":107,"column":49},"end":{"line":107,"column":53}}],"line":107},"4":{"loc":{"start":{"line":107,"column":55},"end":{"line":107,"column":75}},"type":"default-arg","locations":[{"start":{"line":107,"column":70},"end":{"line":107,"column":75}}],"line":107},"5":{"loc":{"start":{"line":111,"column":2},"end":{"line":117,"column":3}},"type":"if","locations":[{"start":{"line":111,"column":2},"end":{"line":117,"column":3}},{"start":{},"end":{}}],"line":111},"6":{"loc":{"start":{"line":124,"column":4},"end":{"line":137,"column":5}},"type":"if","locations":[{"start":{"line":124,"column":4},"end":{"line":137,"column":5}},{"start":{},"end":{}}],"line":124},"7":{"loc":{"start":{"line":128,"column":6},"end":{"line":136,"column":7}},"type":"if","locations":[{"start":{"line":128,"column":6},"end":{"line":136,"column":7}},{"start":{},"end":{}}],"line":128},"8":{"loc":{"start":{"line":143,"column":4},"end":{"line":149,"column":5}},"type":"if","locations":[{"start":{"line":143,"column":4},"end":{"line":149,"column":5}},{"start":{},"end":{}}],"line":143},"9":{"loc":{"start":{"line":155,"column":4},"end":{"line":164,"column":5}},"type":"if","locations":[{"start":{"line":155,"column":4},"end":{"line":164,"column":5}},{"start":{},"end":{}}],"line":155},"10":{"loc":{"start":{"line":193,"column":4},"end":{"line":209,"column":5}},"type":"if","locations":[{"start":{"line":193,"column":4},"end":{"line":209,"column":5}},{"start":{"line":203,"column":11},"end":{"line":209,"column":5}}],"line":193},"11":{"loc":{"start":{"line":196,"column":17},"end":{"line":196,"column":54}},"type":"binary-expr","locations":[{"start":{"line":196,"column":17},"end":{"line":196,"column":36}},{"start":{"line":196,"column":40},"end":{"line":196,"column":54}}],"line":196},"12":{"loc":{"start":{"line":199,"column":16},"end":{"line":199,"column":38}},"type":"binary-expr","locations":[{"start":{"line":199,"column":16},"end":{"line":199,"column":29}},{"start":{"line":199,"column":33},"end":{"line":199,"column":38}}],"line":199},"13":{"loc":{"start":{"line":201,"column":17},"end":{"line":201,"column":39}},"type":"binary-expr","locations":[{"start":{"line":201,"column":17},"end":{"line":201,"column":31}},{"start":{"line":201,"column":35},"end":{"line":201,"column":39}}],"line":201},"14":{"loc":{"start":{"line":225,"column":25},"end":{"line":225,"column":43}},"type":"default-arg","locations":[{"start":{"line":225,"column":39},"end":{"line":225,"column":43}}],"line":225},"15":{"loc":{"start":{"line":227,"column":9},"end":{"line":227,"column":72}},"type":"cond-expr","locations":[{"start":{"line":227,"column":27},"end":{"line":227,"column":64}},{"start":{"line":227,"column":68},"end":{"line":227,"column":72}}],"line":227},"16":{"loc":{"start":{"line":227,"column":27},"end":{"line":227,"column":64}},"type":"binary-expr","locations":[{"start":{"line":227,"column":27},"end":{"line":227,"column":46}},{"start":{"line":227,"column":50},"end":{"line":227,"column":64}}],"line":227},"17":{"loc":{"start":{"line":234,"column":34},"end":{"line":234,"column":46}},"type":"default-arg","locations":[{"start":{"line":234,"column":44},"end":{"line":234,"column":46}}],"line":234},"18":{"loc":{"start":{"line":273,"column":63},"end":{"line":273,"column":81}},"type":"default-arg","locations":[{"start":{"line":273,"column":77},"end":{"line":273,"column":81}}],"line":273},"19":{"loc":{"start":{"line":277,"column":4},"end":{"line":280,"column":5}},"type":"if","locations":[{"start":{"line":277,"column":4},"end":{"line":280,"column":5}},{"start":{},"end":{}}],"line":277},"20":{"loc":{"start":{"line":283,"column":60},"end":{"line":283,"column":86}},"type":"binary-expr","locations":[{"start":{"line":283,"column":60},"end":{"line":283,"column":77}},{"start":{"line":283,"column":81},"end":{"line":283,"column":86}}],"line":283},"21":{"loc":{"start":{"line":286,"column":18},"end":{"line":286,"column":59}},"type":"binary-expr","locations":[{"start":{"line":286,"column":18},"end":{"line":286,"column":29}},{"start":{"line":286,"column":33},"end":{"line":286,"column":59}}],"line":286},"22":{"loc":{"start":{"line":306,"column":6},"end":{"line":309,"column":7}},"type":"if","locations":[{"start":{"line":306,"column":6},"end":{"line":309,"column":7}},{"start":{},"end":{}}],"line":306},"23":{"loc":{"start":{"line":329,"column":4},"end":{"line":333,"column":5}},"type":"if","locations":[{"start":{"line":329,"column":4},"end":{"line":333,"column":5}},{"start":{"line":331,"column":11},"end":{"line":333,"column":5}}],"line":329},"24":{"loc":{"start":{"line":343,"column":17},"end":{"line":347,"column":14}},"type":"cond-expr","locations":[{"start":{"line":343,"column":38},"end":{"line":347,"column":7}},{"start":{"line":347,"column":10},"end":{"line":347,"column":14}}],"line":343}},"s":{"0":1,"1":1,"2":1,"3":0,"4":0,"5":0,"6":0,"7":0,"8":0,"9":0,"10":1,"11":0,"12":0,"13":0,"14":0,"15":0,"16":0,"17":1,"18":0,"19":0,"20":0,"21":0,"22":0,"23":0,"24":0,"25":1,"26":0,"27":0,"28":0,"29":0,"30":0,"31":0,"32":0,"33":0,"34":0,"35":0,"36":0,"37":0,"38":0,"39":0,"40":0,"41":0,"42":0,"43":0,"44":0,"45":0,"46":0,"47":0,"48":0,"49":0,"50":1,"51":0,"52":0,"53":0,"54":0,"55":0,"56":0,"57":0,"58":0,"59":0,"60":1,"61":0,"62":0,"63":1,"64":0,"65":0,"66":0,"67":0,"68":0,"69":0,"70":1,"71":1,"72":0,"73":0,"74":0,"75":0,"76":0,"77":0,"78":0,"79":0,"80":0,"81":0,"82":0,"83":0,"84":0,"85":0,"86":0,"87":0,"88":0,"89":0,"90":0,"91":1,"92":0,"93":0,"94":0,"95":0,"96":0,"97":0,"98":0,"99":0,"100":0,"101":1},"f":{"0":0,"1":0,"2":0,"3":0,"4":0,"5":0,"6":0,"7":0,"8":0,"9":0},"b":{"0":[0,0],"1":[0,0],"2":[0,0],"3":[0],"4":[0],"5":[0,0],"6":[0,0],"7":[0,0],"8":[0,0],"9":[0,0],"10":[0,0],"11":[0,0],"12":[0,0],"13":[0,0],"14":[0],"15":[0,0],"16":[0,0],"17":[0],"18":[0],"19":[0,0],"20":[0,0],"21":[0,0],"22":[0,0],"23":[0,0],"24":[0,0]},"_coverageSchema":"1a1c01bbd47fc00a2c39e90264f33305004495a9","hash":"920b7a484f5786ac1b5eb2a33fd871ecd844d48b"}
,"/Users/rahulrajeshkumar/swe/AutoSocial_backend/utils/geminiUtils.js": {"path":"/Users/rahulrajeshkumar/swe/AutoSocial_backend/utils/geminiUtils.js","statementMap":{"0":{"start":{"line":1,"column":0},"end":{"line":1,"column":27}},"1":{"start":{"line":3,"column":31},"end":{"line":3,"column":63}},"2":{"start":{"line":11,"column":15},"end":{"line":48,"column":1}},"3":{"start":{"line":12,"column":17},"end":{"line":12,"column":43}},"4":{"start":{"line":13,"column":2},"end":{"line":16,"column":3}},"5":{"start":{"line":14,"column":4},"end":{"line":14,"column":47}},"6":{"start":{"line":15,"column":4},"end":{"line":15,"column":16}},"7":{"start":{"line":18,"column":2},"end":{"line":21,"column":3}},"8":{"start":{"line":19,"column":4},"end":{"line":19,"column":64}},"9":{"start":{"line":20,"column":4},"end":{"line":20,"column":16}},"10":{"start":{"line":23,"column":2},"end":{"line":47,"column":3}},"11":{"start":{"line":24,"column":4},"end":{"line":24,"column":69}},"12":{"start":{"line":27,"column":18},"end":{"line":27,"column":48}},"13":{"start":{"line":28,"column":18},"end":{"line":36,"column":6}},"14":{"start":{"line":38,"column":19},"end":{"line":38,"column":54}},"15":{"start":{"line":39,"column":21},"end":{"line":39,"column":42}},"16":{"start":{"line":40,"column":25},"end":{"line":40,"column":40}},"17":{"start":{"line":42,"column":4},"end":{"line":42,"column":80}},"18":{"start":{"line":43,"column":4},"end":{"line":43,"column":24}},"19":{"start":{"line":45,"column":4},"end":{"line":45,"column":51}},"20":{"start":{"line":46,"column":4},"end":{"line":46,"column":16}},"21":{"start":{"line":50,"column":0},"end":{"line":52,"column":6}}},"fnMap":{"0":{"name":"(anonymous_0)","decl":{"start":{"line":11,"column":15},"end":{"line":11,"column":16}},"loc":{"start":{"line":11,"column":47},"end":{"line":48,"column":1}},"line":11}},"branchMap":{"0":{"loc":{"start":{"line":11,"column":30},"end":{"line":11,"column":42}},"type":"default-arg","locations":[{"start":{"line":11,"column":40},"end":{"line":11,"column":42}}],"line":11},"1":{"loc":{"start":{"line":13,"column":2},"end":{"line":16,"column":3}},"type":"if","locations":[{"start":{"line":13,"column":2},"end":{"line":16,"column":3}},{"start":{},"end":{}}],"line":13},"2":{"loc":{"start":{"line":18,"column":2},"end":{"line":21,"column":3}},"type":"if","locations":[{"start":{"line":18,"column":2},"end":{"line":21,"column":3}},{"start":{},"end":{}}],"line":18},"3":{"loc":{"start":{"line":18,"column":6},"end":{"line":18,"column":43}},"type":"binary-expr","locations":[{"start":{"line":18,"column":6},"end":{"line":18,"column":13}},{"start":{"line":18,"column":17},"end":{"line":18,"column":43}}],"line":18},"4":{"loc":{"start":{"line":29,"column":13},"end":{"line":29,"column":48}},"type":"binary-expr","locations":[{"start":{"line":29,"column":13},"end":{"line":29,"column":26}},{"start":{"line":29,"column":30},"end":{"line":29,"column":48}}],"line":29},"5":{"loc":{"start":{"line":31,"column":21},"end":{"line":31,"column":47}},"type":"binary-expr","locations":[{"start":{"line":31,"column":21},"end":{"line":31,"column":40}},{"start":{"line":31,"column":44},"end":{"line":31,"column":47}}],"line":31},"6":{"loc":{"start":{"line":32,"column":14},"end":{"line":32,"column":32}},"type":"binary-expr","locations":[{"start":{"line":32,"column":14},"end":{"line":32,"column":26}},{"start":{"line":32,"column":30},"end":{"line":32,"column":32}}],"line":32},"7":{"loc":{"start":{"line":33,"column":14},"end":{"line":33,"column":34}},"type":"binary-expr","locations":[{"start":{"line":33,"column":14},"end":{"line":33,"column":26}},{"start":{"line":33,"column":30},"end":{"line":33,"column":34}}],"line":33},"8":{"loc":{"start":{"line":34,"column":25},"end":{"line":34,"column":50}},"type":"binary-expr","locations":[{"start":{"line":34,"column":25},"end":{"line":34,"column":42}},{"start":{"line":34,"column":46},"end":{"line":34,"column":50}}],"line":34}},"s":{"0":1,"1":1,"2":1,"3":0,"4":0,"5":0,"6":0,"7":0,"8":0,"9":0,"10":0,"11":0,"12":0,"13":0,"14":0,"15":0,"16":0,"17":0,"18":0,"19":0,"20":0,"21":1},"f":{"0":0},"b":{"0":[0],"1":[0,0],"2":[0,0],"3":[0,0],"4":[0,0],"5":[0,0],"6":[0,0],"7":[0,0],"8":[0,0]},"_coverageSchema":"1a1c01bbd47fc00a2c39e90264f33305004495a9","hash":"8bffeba85796e1d5ed34c2884c221a1e7a7c2755"}
,"/Users/rahulrajeshkumar/swe/AutoSocial_backend/utils/instagramUtils.js": {"path":"/Users/rahulrajeshkumar/swe/AutoSocial_backend/utils/instagramUtils.js","statementMap":{"0":{"start":{"line":1,"column":0},"end":{"line":1,"column":27}},"1":{"start":{"line":2,"column":14},"end":{"line":2,"column":30}},"2":{"start":{"line":3,"column":19},"end":{"line":3,"column":43}},"3":{"start":{"line":4,"column":22},"end":{"line":4,"column":44}},"4":{"start":{"line":5,"column":12},"end":{"line":5,"column":41}},"5":{"start":{"line":6,"column":24},"end":{"line":6,"column":29}},"6":{"start":{"line":9,"column":25},"end":{"line":46,"column":1}},"7":{"start":{"line":10,"column":2},"end":{"line":45,"column":3}},"8":{"start":{"line":12,"column":4},"end":{"line":17,"column":5}},"9":{"start":{"line":13,"column":6},"end":{"line":16,"column":8}},"10":{"start":{"line":20,"column":21},"end":{"line":24,"column":5}},"11":{"start":{"line":26,"column":4},"end":{"line":32,"column":5}},"12":{"start":{"line":28,"column":6},"end":{"line":31,"column":8}},"13":{"start":{"line":34,"column":4},"end":{"line":37,"column":6}},"14":{"start":{"line":39,"column":4},"end":{"line":39,"column":64}},"15":{"start":{"line":41,"column":4},"end":{"line":44,"column":6}},"16":{"start":{"line":48,"column":27},"end":{"line":100,"column":1}},"17":{"start":{"line":49,"column":30},"end":{"line":49,"column":60}},"18":{"start":{"line":51,"column":2},"end":{"line":54,"column":3}},"19":{"start":{"line":52,"column":4},"end":{"line":52,"column":60}},"20":{"start":{"line":53,"column":4},"end":{"line":53,"column":16}},"21":{"start":{"line":56,"column":2},"end":{"line":99,"column":3}},"22":{"start":{"line":58,"column":26},"end":{"line":60,"column":5}},"23":{"start":{"line":62,"column":4},"end":{"line":65,"column":5}},"24":{"start":{"line":63,"column":6},"end":{"line":63,"column":54}},"25":{"start":{"line":64,"column":6},"end":{"line":64,"column":18}},"26":{"start":{"line":67,"column":22},"end":{"line":67,"column":48}},"27":{"start":{"line":69,"column":4},"end":{"line":72,"column":5}},"28":{"start":{"line":70,"column":6},"end":{"line":70,"column":47}},"29":{"start":{"line":71,"column":6},"end":{"line":71,"column":18}},"30":{"start":{"line":75,"column":19},"end":{"line":75,"column":39}},"31":{"start":{"line":76,"column":30},"end":{"line":78,"column":5}},"32":{"start":{"line":80,"column":4},"end":{"line":83,"column":5}},"33":{"start":{"line":81,"column":6},"end":{"line":81,"column":66}},"34":{"start":{"line":82,"column":6},"end":{"line":82,"column":18}},"35":{"start":{"line":85,"column":26},"end":{"line":85,"column":56}},"36":{"start":{"line":87,"column":4},"end":{"line":90,"column":5}},"37":{"start":{"line":88,"column":6},"end":{"line":88,"column":76}},"38":{"start":{"line":89,"column":6},"end":{"line":89,"column":18}},"39":{"start":{"line":92,"column":21},"end":{"line":92,"column":64}},"40":{"start":{"line":93,"column":4},"end":{"line":93,"column":56}},"41":{"start":{"line":94,"column":4},"end":{"line":94,"column":20}},"42":{"start":{"line":97,"column":4},"end":{"line":97,"column":69}},"43":{"start":{"line":98,"column":4},"end":{"line":98,"column":16}},"44":{"start":{"line":102,"column":28},"end":{"line":175,"column":1}},"45":{"start":{"line":103,"column":30},"end":{"line":103,"column":60}},"46":{"start":{"line":104,"column":19},"end":{"line":104,"column":51}},"47":{"start":{"line":106,"column":2},"end":{"line":109,"column":3}},"48":{"start":{"line":107,"column":4},"end":{"line":107,"column":53}},"49":{"start":{"line":108,"column":4},"end":{"line":108,"column":16}},"50":{"start":{"line":111,"column":2},"end":{"line":114,"column":3}},"51":{"start":{"line":112,"column":4},"end":{"line":112,"column":62}},"52":{"start":{"line":113,"column":4},"end":{"line":113,"column":16}},"53":{"start":{"line":116,"column":2},"end":{"line":174,"column":3}},"54":{"start":{"line":117,"column":4},"end":{"line":117,"column":46}},"55":{"start":{"line":120,"column":27},"end":{"line":133,"column":5}},"56":{"start":{"line":135,"column":23},"end":{"line":135,"column":50}},"57":{"start":{"line":137,"column":4},"end":{"line":140,"column":5}},"58":{"start":{"line":138,"column":6},"end":{"line":138,"column":75}},"59":{"start":{"line":139,"column":6},"end":{"line":139,"column":18}},"60":{"start":{"line":142,"column":23},"end":{"line":142,"column":36}},"61":{"start":{"line":143,"column":4},"end":{"line":143,"column":58}},"62":{"start":{"line":146,"column":28},"end":{"line":158,"column":5}},"63":{"start":{"line":160,"column":24},"end":{"line":160,"column":52}},"64":{"start":{"line":162,"column":4},"end":{"line":165,"column":5}},"65":{"start":{"line":163,"column":6},"end":{"line":163,"column":72}},"66":{"start":{"line":164,"column":6},"end":{"line":164,"column":18}},"67":{"start":{"line":167,"column":4},"end":{"line":167,"column":61}},"68":{"start":{"line":168,"column":4},"end":{"line":168,"column":44}},"69":{"start":{"line":169,"column":4},"end":{"line":169,"column":23}},"70":{"start":{"line":172,"column":4},"end":{"line":172,"column":67}},"71":{"start":{"line":173,"column":4},"end":{"line":173,"column":16}},"72":{"start":{"line":178,"column":33},"end":{"line":284,"column":1}},"73":{"start":{"line":179,"column":30},"end":{"line":179,"column":60}},"74":{"start":{"line":180,"column":19},"end":{"line":180,"column":51}},"75":{"start":{"line":182,"column":2},"end":{"line":185,"column":3}},"76":{"start":{"line":183,"column":4},"end":{"line":183,"column":53}},"77":{"start":{"line":184,"column":4},"end":{"line":184,"column":16}},"78":{"start":{"line":187,"column":2},"end":{"line":190,"column":3}},"79":{"start":{"line":188,"column":4},"end":{"line":188,"column":68}},"80":{"start":{"line":189,"column":4},"end":{"line":189,"column":16}},"81":{"start":{"line":192,"column":2},"end":{"line":283,"column":3}},"82":{"start":{"line":193,"column":4},"end":{"line":193,"column":52}},"83":{"start":{"line":196,"column":27},"end":{"line":210,"column":5}},"84":{"start":{"line":212,"column":23},"end":{"line":212,"column":50}},"85":{"start":{"line":214,"column":4},"end":{"line":217,"column":5}},"86":{"start":{"line":215,"column":6},"end":{"line":215,"column":81}},"87":{"start":{"line":216,"column":6},"end":{"line":216,"column":18}},"88":{"start":{"line":219,"column":23},"end":{"line":219,"column":36}},"89":{"start":{"line":220,"column":4},"end":{"line":220,"column":64}},"90":{"start":{"line":223,"column":18},"end":{"line":223,"column":23}},"91":{"start":{"line":224,"column":19},"end":{"line":224,"column":20}},"92":{"start":{"line":225,"column":24},"end":{"line":225,"column":26}},"93":{"start":{"line":227,"column":4},"end":{"line":247,"column":5}},"94":{"start":{"line":228,"column":6},"end":{"line":228,"column":90}},"95":{"start":{"line":230,"column":29},"end":{"line":232,"column":7}},"96":{"start":{"line":234,"column":25},"end":{"line":234,"column":52}},"97":{"start":{"line":236,"column":6},"end":{"line":246,"column":7}},"98":{"start":{"line":237,"column":8},"end":{"line":237,"column":23}},"99":{"start":{"line":238,"column":8},"end":{"line":238,"column":52}},"100":{"start":{"line":239,"column":13},"end":{"line":246,"column":7}},"101":{"start":{"line":240,"column":8},"end":{"line":240,"column":51}},"102":{"start":{"line":241,"column":8},"end":{"line":241,"column":20}},"103":{"start":{"line":243,"column":8},"end":{"line":243,"column":49}},"104":{"start":{"line":244,"column":8},"end":{"line":244,"column":64}},"105":{"start":{"line":244,"column":37},"end":{"line":244,"column":62}},"106":{"start":{"line":245,"column":8},"end":{"line":245,"column":19}},"107":{"start":{"line":249,"column":4},"end":{"line":252,"column":5}},"108":{"start":{"line":250,"column":6},"end":{"line":250,"column":48}},"109":{"start":{"line":251,"column":6},"end":{"line":251,"column":18}},"110":{"start":{"line":255,"column":28},"end":{"line":267,"column":5}},"111":{"start":{"line":269,"column":24},"end":{"line":269,"column":52}},"112":{"start":{"line":271,"column":4},"end":{"line":274,"column":5}},"113":{"start":{"line":272,"column":6},"end":{"line":272,"column":78}},"114":{"start":{"line":273,"column":6},"end":{"line":273,"column":18}},"115":{"start":{"line":276,"column":4},"end":{"line":276,"column":67}},"116":{"start":{"line":277,"column":4},"end":{"line":277,"column":44}},"117":{"start":{"line":278,"column":4},"end":{"line":278,"column":23}},"118":{"start":{"line":281,"column":4},"end":{"line":281,"column":73}},"119":{"start":{"line":282,"column":4},"end":{"line":282,"column":16}},"120":{"start":{"line":287,"column":32},"end":{"line":394,"column":1}},"121":{"start":{"line":288,"column":30},"end":{"line":288,"column":60}},"122":{"start":{"line":289,"column":19},"end":{"line":289,"column":51}},"123":{"start":{"line":291,"column":2},"end":{"line":294,"column":3}},"124":{"start":{"line":292,"column":4},"end":{"line":292,"column":53}},"125":{"start":{"line":293,"column":4},"end":{"line":293,"column":16}},"126":{"start":{"line":296,"column":2},"end":{"line":299,"column":3}},"127":{"start":{"line":297,"column":4},"end":{"line":297,"column":64}},"128":{"start":{"line":298,"column":4},"end":{"line":298,"column":16}},"129":{"start":{"line":301,"column":2},"end":{"line":393,"column":3}},"130":{"start":{"line":302,"column":4},"end":{"line":302,"column":55}},"131":{"start":{"line":305,"column":21},"end":{"line":305,"column":23}},"132":{"start":{"line":307,"column":4},"end":{"line":335,"column":5}},"133":{"start":{"line":307,"column":17},"end":{"line":307,"column":18}},"134":{"start":{"line":308,"column":19},"end":{"line":308,"column":32}},"135":{"start":{"line":309,"column":22},"end":{"line":309,"column":43}},"136":{"start":{"line":311,"column":29},"end":{"line":324,"column":7}},"137":{"start":{"line":326,"column":25},"end":{"line":326,"column":52}},"138":{"start":{"line":328,"column":6},"end":{"line":331,"column":7}},"139":{"start":{"line":329,"column":8},"end":{"line":329,"column":94}},"140":{"start":{"line":330,"column":8},"end":{"line":330,"column":20}},"141":{"start":{"line":333,"column":6},"end":{"line":333,"column":35}},"142":{"start":{"line":334,"column":6},"end":{"line":334,"column":70}},"143":{"start":{"line":338,"column":29},"end":{"line":352,"column":5}},"144":{"start":{"line":354,"column":25},"end":{"line":354,"column":54}},"145":{"start":{"line":356,"column":4},"end":{"line":359,"column":5}},"146":{"start":{"line":357,"column":6},"end":{"line":357,"column":82}},"147":{"start":{"line":358,"column":6},"end":{"line":358,"column":18}},"148":{"start":{"line":361,"column":23},"end":{"line":361,"column":38}},"149":{"start":{"line":362,"column":4},"end":{"line":362,"column":61}},"150":{"start":{"line":365,"column":28},"end":{"line":377,"column":5}},"151":{"start":{"line":379,"column":24},"end":{"line":379,"column":52}},"152":{"start":{"line":381,"column":4},"end":{"line":384,"column":5}},"153":{"start":{"line":382,"column":6},"end":{"line":382,"column":81}},"154":{"start":{"line":383,"column":6},"end":{"line":383,"column":18}},"155":{"start":{"line":386,"column":4},"end":{"line":386,"column":65}},"156":{"start":{"line":387,"column":4},"end":{"line":387,"column":44}},"157":{"start":{"line":388,"column":4},"end":{"line":388,"column":23}},"158":{"start":{"line":391,"column":4},"end":{"line":391,"column":71}},"159":{"start":{"line":392,"column":4},"end":{"line":392,"column":16}},"160":{"start":{"line":398,"column":20},"end":{"line":462,"column":1}},"161":{"start":{"line":399,"column":26},"end":{"line":399,"column":56}},"162":{"start":{"line":400,"column":2},"end":{"line":400,"column":32}},"163":{"start":{"line":401,"column":2},"end":{"line":401,"column":46}},"164":{"start":{"line":404,"column":2},"end":{"line":407,"column":3}},"165":{"start":{"line":405,"column":4},"end":{"line":405,"column":60}},"166":{"start":{"line":406,"column":4},"end":{"line":406,"column":16}},"167":{"start":{"line":409,"column":2},"end":{"line":412,"column":3}},"168":{"start":{"line":410,"column":4},"end":{"line":410,"column":64}},"169":{"start":{"line":411,"column":4},"end":{"line":411,"column":16}},"170":{"start":{"line":418,"column":2},"end":{"line":461,"column":3}},"171":{"start":{"line":419,"column":4},"end":{"line":419,"column":62}},"172":{"start":{"line":420,"column":21},"end":{"line":437,"column":5}},"173":{"start":{"line":439,"column":4},"end":{"line":439,"column":74}},"174":{"start":{"line":440,"column":17},"end":{"line":440,"column":38}},"175":{"start":{"line":443,"column":4},"end":{"line":453,"column":5}},"176":{"start":{"line":444,"column":6},"end":{"line":451,"column":9}},"177":{"start":{"line":452,"column":6},"end":{"line":452,"column":18}},"178":{"start":{"line":455,"column":4},"end":{"line":455,"column":54}},"179":{"start":{"line":456,"column":4},"end":{"line":456,"column":16}},"180":{"start":{"line":459,"column":4},"end":{"line":459,"column":73}},"181":{"start":{"line":460,"column":4},"end":{"line":460,"column":16}},"182":{"start":{"line":464,"column":18},"end":{"line":534,"column":1}},"183":{"start":{"line":465,"column":30},"end":{"line":465,"column":60}},"184":{"start":{"line":468,"column":2},"end":{"line":471,"column":3}},"185":{"start":{"line":469,"column":4},"end":{"line":469,"column":60}},"186":{"start":{"line":470,"column":4},"end":{"line":470,"column":16}},"187":{"start":{"line":473,"column":2},"end":{"line":476,"column":3}},"188":{"start":{"line":474,"column":4},"end":{"line":474,"column":61}},"189":{"start":{"line":475,"column":4},"end":{"line":475,"column":16}},"190":{"start":{"line":480,"column":2},"end":{"line":483,"column":3}},"191":{"start":{"line":481,"column":4},"end":{"line":481,"column":60}},"192":{"start":{"line":482,"column":4},"end":{"line":482,"column":68}},"193":{"start":{"line":485,"column":2},"end":{"line":533,"column":3}},"194":{"start":{"line":486,"column":4},"end":{"line":486,"column":60}},"195":{"start":{"line":487,"column":21},"end":{"line":509,"column":5}},"196":{"start":{"line":511,"column":4},"end":{"line":511,"column":74}},"197":{"start":{"line":512,"column":17},"end":{"line":512,"column":38}},"198":{"start":{"line":515,"column":4},"end":{"line":525,"column":5}},"199":{"start":{"line":516,"column":6},"end":{"line":523,"column":9}},"200":{"start":{"line":524,"column":6},"end":{"line":524,"column":18}},"201":{"start":{"line":527,"column":4},"end":{"line":527,"column":52}},"202":{"start":{"line":528,"column":4},"end":{"line":528,"column":16}},"203":{"start":{"line":531,"column":4},"end":{"line":531,"column":71}},"204":{"start":{"line":532,"column":4},"end":{"line":532,"column":16}},"205":{"start":{"line":536,"column":29},"end":{"line":549,"column":1}},"206":{"start":{"line":537,"column":19},"end":{"line":537,"column":31}},"207":{"start":{"line":538,"column":28},"end":{"line":538,"column":58}},"208":{"start":{"line":540,"column":4},"end":{"line":548,"column":5}},"209":{"start":{"line":541,"column":25},"end":{"line":543,"column":9}},"210":{"start":{"line":544,"column":8},"end":{"line":544,"column":32}},"211":{"start":{"line":546,"column":8},"end":{"line":546,"column":64}},"212":{"start":{"line":547,"column":8},"end":{"line":547,"column":65}},"213":{"start":{"line":551,"column":24},"end":{"line":596,"column":1}},"214":{"start":{"line":552,"column":2},"end":{"line":554,"column":3}},"215":{"start":{"line":553,"column":4},"end":{"line":553,"column":34}},"216":{"start":{"line":556,"column":30},"end":{"line":556,"column":60}},"217":{"start":{"line":559,"column":2},"end":{"line":562,"column":3}},"218":{"start":{"line":560,"column":4},"end":{"line":560,"column":55}},"219":{"start":{"line":561,"column":4},"end":{"line":561,"column":16}},"220":{"start":{"line":564,"column":2},"end":{"line":595,"column":3}},"221":{"start":{"line":565,"column":21},"end":{"line":567,"column":5}},"222":{"start":{"line":569,"column":4},"end":{"line":569,"column":74}},"223":{"start":{"line":571,"column":17},"end":{"line":571,"column":38}},"224":{"start":{"line":574,"column":4},"end":{"line":584,"column":5}},"225":{"start":{"line":575,"column":6},"end":{"line":582,"column":9}},"226":{"start":{"line":583,"column":6},"end":{"line":583,"column":18}},"227":{"start":{"line":586,"column":4},"end":{"line":586,"column":40}},"228":{"start":{"line":587,"column":4},"end":{"line":589,"column":5}},"229":{"start":{"line":588,"column":6},"end":{"line":588,"column":65}},"230":{"start":{"line":590,"column":4},"end":{"line":590,"column":27}},"231":{"start":{"line":593,"column":4},"end":{"line":593,"column":57}},"232":{"start":{"line":594,"column":4},"end":{"line":594,"column":16}},"233":{"start":{"line":598,"column":23},"end":{"line":666,"column":1}},"234":{"start":{"line":599,"column":30},"end":{"line":599,"column":60}},"235":{"start":{"line":601,"column":20},"end":{"line":621,"column":3}},"236":{"start":{"line":622,"column":2},"end":{"line":622,"column":49}},"237":{"start":{"line":624,"column":2},"end":{"line":627,"column":3}},"238":{"start":{"line":625,"column":4},"end":{"line":625,"column":60}
[...]
mn":4},"end":{"line":688,"column":26}},"257":{"start":{"line":690,"column":4},"end":{"line":690,"column":62}},"258":{"start":{"line":691,"column":4},"end":{"line":691,"column":14}},"259":{"start":{"line":698,"column":0},"end":{"line":709,"column":2}}},"fnMap":{"0":{"name":"(anonymous_0)","decl":{"start":{"line":9,"column":25},"end":{"line":9,"column":26}},"loc":{"start":{"line":9,"column":43},"end":{"line":46,"column":1}},"line":9},"1":{"name":"(anonymous_1)","decl":{"start":{"line":48,"column":27},"end":{"line":48,"column":28}},"loc":{"start":{"line":48,"column":45},"end":{"line":100,"column":1}},"line":48},"2":{"name":"(anonymous_2)","decl":{"start":{"line":102,"column":28},"end":{"line":102,"column":29}},"loc":{"start":{"line":102,"column":70},"end":{"line":175,"column":1}},"line":102},"3":{"name":"(anonymous_3)","decl":{"start":{"line":178,"column":33},"end":{"line":178,"column":34}},"loc":{"start":{"line":178,"column":75},"end":{"line":284,"column":1}},"line":178},"4":{"name":"(anonymous_4)","decl":{"start":{"line":244,"column":26},"end":{"line":244,"column":27}},"loc":{"start":{"line":244,"column":37},"end":{"line":244,"column":62}},"line":244},"5":{"name":"(anonymous_5)","decl":{"start":{"line":287,"column":32},"end":{"line":287,"column":33}},"loc":{"start":{"line":287,"column":76},"end":{"line":394,"column":1}},"line":287},"6":{"name":"(anonymous_6)","decl":{"start":{"line":398,"column":20},"end":{"line":398,"column":21}},"loc":{"start":{"line":398,"column":64},"end":{"line":462,"column":1}},"line":398},"7":{"name":"(anonymous_7)","decl":{"start":{"line":464,"column":18},"end":{"line":464,"column":19}},"loc":{"start":{"line":464,"column":59},"end":{"line":534,"column":1}},"line":464},"8":{"name":"(anonymous_8)","decl":{"start":{"line":536,"column":29},"end":{"line":536,"column":30}},"loc":{"start":{"line":536,"column":49},"end":{"line":549,"column":1}},"line":536},"9":{"name":"(anonymous_9)","decl":{"start":{"line":551,"column":24},"end":{"line":551,"column":25}},"loc":{"start":{"line":551,"column":51},"end":{"line":596,"column":1}},"line":551},"10":{"name":"(anonymous_10)","decl":{"start":{"line":598,"column":23},"end":{"line":598,"column":24}},"loc":{"start":{"line":598,"column":65},"end":{"line":666,"column":1}},"line":598},"11":{"name":"(anonymous_11)","decl":{"start":{"line":668,"column":24},"end":{"line":668,"column":25}},"loc":{"start":{"line":668,"column":86},"end":{"line":693,"column":1}},"line":668}},"branchMap":{"0":{"loc":{"start":{"line":12,"column":4},"end":{"line":17,"column":5}},"type":"if","locations":[{"start":{"line":12,"column":4},"end":{"line":17,"column":5}},{"start":{},"end":{}}],"line":12},"1":{"loc":{"start":{"line":15,"column":25},"end":{"line":15,"column":82}},"type":"binary-expr","locations":[{"start":{"line":15,"column":25},"end":{"line":15,"column":51}},{"start":{"line":15,"column":55},"end":{"line":15,"column":82}}],"line":15},"2":{"loc":{"start":{"line":26,"column":4},"end":{"line":32,"column":5}},"type":"if","locations":[{"start":{"line":26,"column":4},"end":{"line":32,"column":5}},{"start":{},"end":{}}],"line":26},"3":{"loc":{"start":{"line":26,"column":8},"end":{"line":26,"column":94}},"type":"binary-expr","locations":[{"start":{"line":26,"column":8},"end":{"line":26,"column":29}},{"start":{"line":26,"column":34},"end":{"line":26,"column":59}},{"start":{"line":26,"column":63},"end":{"line":26,"column":93}}],"line":26},"4":{"loc":{"start":{"line":30,"column":25},"end":{"line":30,"column":82}},"type":"binary-expr","locations":[{"start":{"line":30,"column":25},"end":{"line":30,"column":51}},{"start":{"line":30,"column":55},"end":{"line":30,"column":82}}],"line":30},"5":{"loc":{"start":{"line":36,"column":23},"end":{"line":36,"column":80}},"type":"binary-expr","locations":[{"start":{"line":36,"column":23},"end":{"line":36,"column":52}},{"start":{"line":36,"column":56},"end":{"line":36,"column":80}}],"line":36},"6":{"loc":{"start":{"line":43,"column":23},"end":{"line":43,"column":80}},"type":"binary-expr","locations":[{"start":{"line":43,"column":23},"end":{"line":43,"column":49}},{"start":{"line":43,"column":53},"end":{"line":43,"column":80}}],"line":43},"7":{"loc":{"start":{"line":51,"column":2},"end":{"line":54,"column":3}},"type":"if","locations":[{"start":{"line":51,"column":2},"end":{"line":54,"column":3}},{"start":{},"end":{}}],"line":51},"8":{"loc":{"start":{"line":62,"column":4},"end":{"line":65,"column":5}},"type":"if","locations":[{"start":{"line":62,"column":4},"end":{"line":65,"column":5}},{"start":{},"end":{}}],"line":62},"9":{"loc":{"start":{"line":69,"column":4},"end":{"line":72,"column":5}},"type":"if","locations":[{"start":{"line":69,"column":4},"end":{"line":72,"column":5}},{"start":{},"end":{}}],"line":69},"10":{"loc":{"start":{"line":69,"column":8},"end":{"line":69,"column":54}},"type":"binary-expr","locations":[{"start":{"line":69,"column":8},"end":{"line":69,"column":23}},{"start":{"line":69,"column":27},"end":{"line":69,"column":54}}],"line":69},"11":{"loc":{"start":{"line":80,"column":4},"end":{"line":83,"column":5}},"type":"if","locations":[{"start":{"line":80,"column":4},"end":{"line":83,"column":5}},{"start":{},"end":{}}],"line":80},"12":{"loc":{"start":{"line":87,"column":4},"end":{"line":90,"column":5}},"type":"if","locations":[{"start":{"line":87,"column":4},"end":{"line":90,"column":5}},{"start":{},"end":{}}],"line":87},"13":{"loc":{"start":{"line":102,"column":45},"end":{"line":102,"column":57}},"type":"default-arg","locations":[{"start":{"line":102,"column":55},"end":{"line":102,"column":57}}],"line":102},"14":{"loc":{"start":{"line":106,"column":2},"end":{"line":109,"column":3}},"type":"if","locations":[{"start":{"line":106,"column":2},"end":{"line":109,"column":3}},{"start":{},"end":{}}],"line":106},"15":{"loc":{"start":{"line":111,"column":2},"end":{"line":114,"column":3}},"type":"if","locations":[{"start":{"line":111,"column":2},"end":{"line":114,"column":3}},{"start":{},"end":{}}],"line":111},"16":{"loc":{"start":{"line":137,"column":4},"end":{"line":140,"column":5}},"type":"if","locations":[{"start":{"line":137,"column":4},"end":{"line":140,"column":5}},{"start":{},"end":{}}],"line":137},"17":{"loc":{"start":{"line":138,"column":43},"end":{"line":138,"column":73}},"type":"binary-expr","locations":[{"start":{"line":138,"column":43},"end":{"line":138,"column":59}},{"start":{"line":138,"column":63},"end":{"line":138,"column":73}}],"line":138},"18":{"loc":{"start":{"line":162,"column":4},"end":{"line":165,"column":5}},"type":"if","locations":[{"start":{"line":162,"column":4},"end":{"line":165,"column":5}},{"start":{},"end":{}}],"line":162},"19":{"loc":{"start":{"line":163,"column":38},"end":{"line":163,"column":70}},"type":"binary-expr","locations":[{"start":{"line":163,"column":38},"end":{"line":163,"column":55}},{"start":{"line":163,"column":59},"end":{"line":163,"column":70}}],"line":163},"20":{"loc":{"start":{"line":178,"column":50},"end":{"line":178,"column":62}},"type":"default-arg","locations":[{"start":{"line":178,"column":60},"end":{"line":178,"column":62}}],"line":178},"21":{"loc":{"start":{"line":182,"column":2},"end":{"line":185,"column":3}},"type":"if","locations":[{"start":{"line":182,"column":2},"end":{"line":185,"column":3}},{"start":{},"end":{}}],"line":182},"22":{"loc":{"start":{"line":187,"column":2},"end":{"line":190,"column":3}},"type":"if","locations":[{"start":{"line":187,"column":2},"end":{"line":190,"column":3}},{"start":{},"end":{}}],"line":187},"23":{"loc":{"start":{"line":214,"column":4},"end":{"line":217,"column":5}},"type":"if","locations":[{"start":{"line":214,"column":4},"end":{"line":217,"column":5}},{"start":{},"end":{}}],"line":214},"24":{"loc":{"start":{"line":215,"column":49},"end":{"line":215,"column":79}},"type":"binary-expr","locations":[{"start":{"line":215,"column":49},"end":{"line":215,"column":65}},{"start":{"line":215,"column":69},"end":{"line":215,"column":79}}],"line":215},"25":{"loc":{"start":{"line":227,"column":11},"end":{"line":227,"column":45}},"type":"binary-expr","locations":[{"start":{"line":227,"column":11},"end":{"line":227,"column":19}},{"start":{"line":227,"column":23},"end":{"line":227,"column":45}}],"line":227},"26":{"loc":{"start":{"line":236,"column":6},"end":{"line":246,"column":7}},"type":"if","locations":[{"start":{"line":236,"column":6},"end":{"line":246,"column":7}},{"start":{"line":239,"column":13},"end":{"line":246,"column":7}}],"line":236},"27":{"loc":{"start":{"line":239,"column":13},"end":{"line":246,"column":7}},"type":"if","locations":[{"start":{"line":239,"column":13},"end":{"line":246,"column":7}},{"start":{"line":242,"column":13},"end":{"line":246,"column":7}}],"line":239},"28":{"loc":{"start":{"line":249,"column":4},"end":{"line":252,"column":5}},"type":"if","locations":[{"start":{"line":249,"column":4},"end":{"line":252,"column":5}},{"start":{},"end":{}}],"line":249},"29":{"loc":{"start":{"line":271,"column":4},"end":{"line":274,"column":5}},"type":"if","locations":[{"start":{"line":271,"column":4},"end":{"line":274,"column":5}},{"start":{},"end":{}}],"line":271},"30":{"loc":{"start":{"line":272,"column":44},"end":{"line":272,"column":76}},"type":"binary-expr","locations":[{"start":{"line":272,"column":44},"end":{"line":272,"column":61}},{"start":{"line":272,"column":65},"end":{"line":272,"column":76}}],"line":272},"31":{"loc":{"start":{"line":287,"column":51},"end":{"line":287,"column":63}},"type":"default-arg","locations":[{"start":{"line":287,"column":61},"end":{"line":287,"column":63}}],"line":287},"32":{"loc":{"start":{"line":291,"column":2},"end":{"line":294,"column":3}},"type":"if","locations":[{"start":{"line":291,"column":2},"end":{"line":294,"column":3}},{"start":{},"end":{}}],"line":291},"33":{"loc":{"start":{"line":296,"column":2},"end":{"line":299,"column":3}},"type":"if","locations":[{"start":{"line":296,"column":2},"end":{"line":299,"column":3}},{"start":{},"end":{}}],"line":296},"34":{"loc":{"start":{"line":296,"column":6},"end":{"line":296,"column":44}},"type":"binary-expr","locations":[{"start":{"line":296,"column":6},"end":{"line":296,"column":17}},{"start":{"line":296,"column":21},"end":{"line":296,"column":44}}],"line":296},"35":{"loc":{"start":{"line":319,"column":13},"end":{"line":319,"column":48}},"type":"cond-expr","locations":[{"start":{"line":319,"column":23},"end":{"line":319,"column":34}},{"start":{"line":319,"column":37},"end":{"line":319,"column":48}}],"line":319},"36":{"loc":{"start":{"line":328,"column":6},"end":{"line":331,"column":7}},"type":"if","locations":[{"start":{"line":328,"column":6},"end":{"line":331,"column":7}},{"start":{},"end":{}}],"line":328},"37":{"loc":{"start":{"line":329,"column":62},"end":{"line":329,"column":92}},"type":"binary-expr","locations":[{"start":{"line":329,"column":62},"end":{"line":329,"column":78}},{"start":{"line":329,"column":82},"end":{"line":329,"column":92}}],"line":329},"38":{"loc":{"start":{"line":356,"column":4},"end":{"line":359,"column":5}},"type":"if","locations":[{"start":{"line":356,"column":4},"end":{"line":359,"column":5}},{"start":{},"end":{}}],"line":356},"39":{"loc":{"start":{"line":357,"column":46},"end":{"line":357,"column":80}},"type":"binary-expr","locations":[{"start":{"line":357,"column":46},"end":{"line":357,"column":64}},{"start":{"line":357,"column":68},"end":{"line":357,"column":80}}],"line":357},"40":{"loc":{"start":{"line":381,"column":4},"end":{"line":384,"column":5}},"type":"if","locations":[{"start":{"line":381,"column":4},"end":{"line":384,"column":5}},{"start":{},"end":{}}],"line":381},"41":{"loc":{"start":{"line":382,"column":47},"end":{"line":382,"column":79}},"type":"binary-expr","locations":[{"start":{"line":382,"column":47},"end":{"line":382,"column":64}},{"start":{"line":382,"column":68},"end":{"line":382,"column":79}}],"line":382},"42":{"loc":{"start":{"line":404,"column":2},"end":{"line":407,"column":3}},"type":"if","locations":[{"start":{"line":404,"column":2},"end":{"line":407,"column":3}},{"start":{},"end":{}}],"line":404},"43":{"loc":{"start":{"line":409,"column":2},"end":{"line":412,"column":3}},"type":"if","locations":[{"start":{"line":409,"column":2},"end":{"line":412,"column":3}},{"start":{},"end":{}}],"line":409},"44":{"loc":{"start":{"line":409,"column":6},"end":{"line":409,"column":34}},"type":"binary-expr","locations":[{"start":{"line":409,"column":6},"end":{"line":409,"column":18}},{"start":{"line":409,"column":22},"end":{"line":409,"column":34}}],"line":409},"45":{"loc":{"start":{"line":443,"column":4},"end":{"line":453,"column":5}},"type":"if","locations":[{"start":{"line":443,"column":4},"end":{"line":453,"column":5}},{"start":{},"end":{}}],"line":443},"46":{"loc":{"start":{"line":446,"column":15},"end":{"line":446,"column":33}},"type":"binary-expr","locations":[{"start":{"line":446,"column":15},"end":{"line":446,"column":25}},{"start":{"line":446,"column":29},"end":{"line":446,"column":33}}],"line":446},"47":{"loc":{"start":{"line":468,"column":2},"end":{"line":471,"column":3}},"type":"if","locations":[{"start":{"line":468,"column":2},"end":{"line":471,"column":3}},{"start":{},"end":{}}],"line":468},"48":{"loc":{"start":{"line":473,"column":2},"end":{"line":476,"column":3}},"type":"if","locations":[{"start":{"line":473,"column":2},"end":{"line":476,"column":3}},{"start":{},"end":{}}],"line":473},"49":{"loc":{"start":{"line":473,"column":6},"end":{"line":473,"column":31}},"type":"binary-expr","locations":[{"start":{"line":473,"column":6},"end":{"line":473,"column":18}},{"start":{"line":473,"column":22},"end":{"line":473,"column":31}}],"line":473},"50":{"loc":{"start":{"line":480,"column":2},"end":{"line":483,"column":3}},"type":"if","locations":[{"start":{"line":480,"column":2},"end":{"line":483,"column":3}},{"start":{},"end":{}}],"line":480},"51":{"loc":{"start":{"line":515,"column":4},"end":{"line":525,"column":5}},"type":"if","locations":[{"start":{"line":515,"column":4},"end":{"line":525,"column":5}},{"start":{},"end":{}}],"line":515},"52":{"loc":{"start":{"line":518,"column":15},"end":{"line":518,"column":33}},"type":"binary-expr","locations":[{"start":{"line":518,"column":15},"end":{"line":518,"column":25}},{"start":{"line":518,"column":29},"end":{"line":518,"column":33}}],"line":518},"53":{"loc":{"start":{"line":552,"column":2},"end":{"line":554,"column":3}},"type":"if","locations":[{"start":{"line":552,"column":2},"end":{"line":554,"column":3}},{"start":{},"end":{}}],"line":552},"54":{"loc":{"start":{"line":559,"column":2},"end":{"line":562,"column":3}},"type":"if","locations":[{"start":{"line":559,"column":2},"end":{"line":562,"column":3}},{"start":{},"end":{}}],"line":559},"55":{"loc":{"start":{"line":574,"column":4},"end":{"line":584,"column":5}},"type":"if","locations":[{"start":{"line":574,"column":4},"end":{"line":584,"column":5}},{"start":{},"end":{}}],"line":574},"56":{"loc":{"start":{"line":577,"column":15},"end":{"line":577,"column":33}},"type":"binary-expr","locations":[{"start":{"line":577,"column":15},"end":{"line":577,"column":25}},{"start":{"line":577,"column":29},"end":{"line":577,"column":33}}],"line":577},"57":{"loc":{"start":{"line":587,"column":4},"end":{"line":589,"column":5}},"type":"if","locations":[{"start":{"line":587,"column":4},"end":{"line":589,"column":5}},{"start":{},"end":{}}],"line":587},"58":{"loc":{"start":{"line":587,"column":8},"end":{"line":587,"column":41}},"type":"binary-expr","locations":[{"start":{"line":587,"column":8},"end":{"line":587,"column":17}},{"start":{"line":587,"column":21},"end":{"line":587,"column":41}}],"line":587},"59":{"loc":{"start":{"line":590,"column":11},"end":{"line":590,"column":26}},"type":"binary-expr","locations":[{"start":{"line":590,"column":11},"end":{"line":590,"column":20}},{"start":{"line":590,"column":24},"end":{"line":590,"column":26}}],"line":590},"60":{"loc":{"start":{"line":624,"column":2},"end":{"line":627,"column":3}},"type":"if","locations":[{"start":{"line":624,"column":2},"end":{"line":627,"column":3}},{"start":{},"end":{}}],"line":624},"61":{"loc":{"start":{"line":629,"column":2},"end":{"line":632,"column":3}},"type":"if","locations":[{"start":{"line":629,"column":2},"end":{"line":632,"column":3}},{"start":{},"end":{}}],"line":629},"62":{"loc":{"start":{"line":629,"column":6},"end":{"line":629,"column":30}},"type":"binary-expr","locations":[{"start":{"line":629,"column":6},"end":{"line":629,"column":16}},{"start":{"line":629,"column":20},"end":{"line":629,"column":30}}],"line":629},"63":{"loc":{"start":{"line":651,"column":4},"end":{"line":657,"column":5}},"type":"if","locations":[{"start":{"line":651,"column":4},"end":{"line":657,"column":5}},{"start":{},"end":{}}],"line":651},"64":{"loc":{"start":{"line":654,"column":15},"end":{"line":654,"column":33}},"type":"binary-expr","locations":[{"start":{"line":654,"column":15},"end":{"line":654,"column":25}},{"start":{"line":654,"column":29},"end":{"line":654,"column":33}}],"line":654},"65":{"loc":{"start":{"line":668,"column":49},"end":{"line":668,"column":81}},"type":"default-arg","locations":[{"start":{"line":668,"column":62},"end":{"line":668,"column":81}}],"line":668}},"s":{"0":1,"1":1,"2":1,"3":1,"4":1,"5":1,"6":1,"7":0,"8":0,"9":0,"10":0,"11":0,"12":0,"13":0,"14":0,"15":0,"16":1,"17":0,"18":0,"19":0,"20":0,"21":0,"22":0,"23":0,"24":0,"25":0,"26":0,"27":0,"28":0,"29":0,"30":0,"31":0,"32":0,"33":0,"34":0,"35":0,"36":0,"37":0,"38":0,"39":0,"40":0,"41":0,"42":0,"43":0,"44":1,"45":0,"46":0,"47":0,"48":0,"49":0,"50":0,"51":0,"52":0,"53":0,"54":0,"55":0,"56":0,"57":0,"58":0,"59":0,"60":0,"61":0,"62":0,"63":0,"64":0,"65":0,"66":0,"67":0,"68":0,"69":0,"70":0,"71":0,"72":1,"73":0,"74":0,"75":0,"76":0,"77":0,"78":0,"79":0,"80":0,"81":0,"82":0,"83":0,"84":0,"85":0,"86":0,"87":0,"88":0,"89":0,"90":0,"91":0,"92":0,"93":0,"94":0,"95":0,"96":0,"97":0,"98":0,"99":0,"100":0,"101":0,"102":0,"103":0,"104":0,"105":0,"106":0,"107":0,"108":0,"109":0,"110":0,"111":0,"112":0,"113":0,"114":0,"115":0,"116":0,"117":0,"118":0,"119":0,"120":1,"121":0,"122":0,"123":0,"124":0,"125":0,"126":0,"127":0,"128":0,"129":0,"130":0,"131":0,"132":0,"133":0,"134":0,"135":0,"136":0,"137":0,"138":0,"139":0,"140":0,"141":0,"142":0,"143":0,"144":0,"145":0,"146":0,"147":0,"148":0,"149":0,"150":0,"151":0,"152":0,"153":0,"154":0,"155":0,"156":0,"157":0,"158":0,"159":0,"160":1,"161":0,"162":0,"163":0,"164":0,"165":0,"166":0,"167":0,"168":0,"169":0,"170":0,"171":0,"172":0,"173":0,"174":0,"175":0,"176":0,"177":0,"178":0,"179":0,"180":0,"181":0,"182":1,"183":0,"184":0,"185":0,"186":0,"187":0,"188":0,"189":0,"190":0,"191":0,"192":0,"193":0,"194":0,"195":0,"196":0,"197":0,"198":0,"199":0,"200":0,"201":0,"202":0,"203":0,"204":0,"205":1,"206":0,"207":0,"208":0,"209":0,"210":0,"211":0,"212":0,"213":1,"214":0,"215":0,"216":0,"217":0,"218":0,"219":0,"220":0,"221":0,"222":0,"223":0,"224":0,"225":0,"226":0,"227":0,"228":0,"229":0,"230":0,"231":0,"232":0,"233":1,"234":0,"235":0,"236":0,"237":0,"238":0,"239":0,"240":0,"241":0,"242":0,"243":0,"244":0,"245":0,"246":0,"247":0,"248":0,"249":0,"250":0,"251":0,"252":0,"253":1,"254":0,"255":0,"256":0,"257":0,"258":0,"259":1},"f":{"0":0,"1":0,"2":0,"3":0,"4":0,"5":0,"6":0,"7":0,"8":0,"9":0,"10":0,"11":0},"b":{"0":[0,0],"1":[0,0],"2":[0,0],"3":[0,0,0],"4":[0,0],"5":[0,0],"6":[0,0],"7":[0,0],"8":[0,0],"9":[0,0],"10":[0,0],"11":[0,0],"12":[0,0],"13":[0],"14":[0,0],"15":[0,0],"16":[0,0],"17":[0,0],"18":[0,0],"19":[0,0],"20":[0],"21":[0,0],"22":[0,0],"23":[0,0],"24":[0,0],"25":[0,0],"26":[0,0],"27":[0,0],"28":[0,0],"29":[0,0],"30":[0,0],"31":[0],"32":[0,0],"33":[0,0],"34":[0,0],"35":[0,0],"36":[0,0],"37":[0,0],"38":[0,0],"39":[0,0],"40":[0,0],"41":[0,0],"42":[0,0],"43":[0,0],"44":[0,0],"45":[0,0],"46":[0,0],"47":[0,0],"48":[0,0],"49":[0,0],"50":[0,0],"51":[0,0],"52":[0,0],"53":[0,0],"54":[0,0],"55":[0,0],"56":[0,0],"57":[0,0],"58":[0,0],"59":[0,0],"60":[0,0],"61":[0,0],"62":[0,0],"63":[0,0],"64":[0,0],"65":[0]},"_coverageSchema":"1a1c01bbd47fc00a2c39e90264f33305004495a9","hash":"19ba40685e1e2156caedf6501cb0a587fe19ff23"}
}
