{"/Users/rahulrajeshkumar/swe/AutoSocial_backend/controllers/AutomationController.js": {"path":"/Users/rahulrajeshkumar/swe/AutoSocial_backend/controllers/AutomationController.js","statementMap":{"0":{"start":{"line":1,"column":12},"end":{"line":1,"column":41}},"1":{"start":{"line":2,"column":20},"end":{"line":2,"column":45}},"2":{"start":{"line":5,"column":27},"end":{"line":50,"column":1}},"3":{"start":{"line":7,"column":34},"end":{"line":7,"column":61}},"4":{"start":{"line":8,"column":4},"end":{"line":14,"column":5}},"5":{"start":{"line":9,"column":6},"end":{"line":13,"column":8}},"6":{"start":{"line":15,"column":4},"end":{"line":15,"column":16}},"7":{"start":{"line":20,"column":4},"end":{"line":24,"column":6}},"8":{"start":{"line":29,"column":4},"end":{"line":33,"column":6}},"9":{"start":{"line":37,"column":4},"end":{"line":41,"column":6}},"10":{"start":{"line":44,"column":4},"end":{"line":48,"column":5}},"11":{"start":{"line":53,"column":31},"end":{"line":91,"column":1}},"12":{"start":{"line":54,"column":18},"end":{"line":54,"column":20}},"13":{"start":{"line":57,"column":23},"end":{"line":62,"column":4}},"14":{"start":{"line":58,"column":27},"end":{"line":58,"column":52}},"15":{"start":{"line":60,"column":4},"end":{"line":61,"column":72}},"16":{"start":{"line":65,"column":2},"end":{"line":88,"column":3}},"17":{"start":{"line":66,"column":23},"end":{"line":66,"column":98}},"18":{"start":{"line":67,"column":20},"end":{"line":67,"column":70}},"19":{"start":{"line":69,"column":4},"end":{"line":87,"column":5}},"20":{"start":{"line":70,"column":6},"end":{"line":86,"column":7}},"21":{"start":{"line":71,"column":23},"end":{"line":71,"column":61}},"22":{"start":{"line":72,"column":8},"end":{"line":78,"column":9}},"23":{"start":{"line":73,"column":10},"end":{"line":77,"column":13}},"24":{"start":{"line":80,"column":8},"end":{"line":80,"column":69}},"25":{"start":{"line":81,"column":8},"end":{"line":85,"column":11}},"26":{"start":{"line":90,"column":2},"end":{"line":90,"column":17}},"27":{"start":{"line":94,"column":29},"end":{"line":146,"column":1}},"28":{"start":{"line":95,"column":19},"end":{"line":100,"column":3}},"29":{"start":{"line":103,"column":2},"end":{"line":134,"column":5}},"30":{"start":{"line":104,"column":27},"end":{"line":104,"column":31}},"31":{"start":{"line":105,"column":27},"end":{"line":105,"column":47}},"32":{"start":{"line":107,"column":4},"end":{"line":133,"column":5}},"33":{"start":{"line":108,"column":6},"end":{"line":120,"column":7}},"34":{"start":{"line":109,"column":8},"end":{"line":113,"column":11}},"35":{"start":{"line":114,"column":13},"end":{"line":120,"column":7}},"36":{"start":{"line":115,"column":8},"end":{"line":119,"column":11}},"37":{"start":{"line":121,"column":11},"end":{"line":133,"column":5}},"38":{"start":{"line":122,"column":6},"end":{"line":126,"column":9}},"39":{"start":{"line":127,"column":10},"end":{"line":133,"column":5}},"40":{"start":{"line":128,"column":6},"end":{"line":132,"column":8}},"41":{"start":{"line":137,"column":2},"end":{"line":143,"column":5}},"42":{"start":{"line":138,"column":4},"end":{"line":142,"column":7}},"43":{"start":{"line":145,"column":2},"end":{"line":145,"column":18}},"44":{"start":{"line":148,"column":25},"end":{"line":200,"column":1}},"45":{"start":{"line":149,"column":2},"end":{"line":199,"column":3}},"46":{"start":{"line":150,"column":29},"end":{"line":150,"column":37}},"47":{"start":{"line":151,"column":23},"end":{"line":151,"column":35}},"48":{"start":{"line":153,"column":4},"end":{"line":153,"column":58}},"49":{"start":{"line":156,"column":19},"end":{"line":161,"column":5}},"50":{"start":{"line":163,"column":4},"end":{"line":167,"column":5}},"51":{"start":{"line":164,"column":6},"end":{"line":166,"column":9}},"52":{"start":{"line":169,"column":25},"end":{"line":169,"column":37}},"53":{"start":{"line":172,"column":25},"end":{"line":172,"column":55}},"54":{"start":{"line":173,"column":4},"end":{"line":173,"column":48}},"55":{"start":{"line":176,"column":30},"end":{"line":176,"column":82}},"56":{"start":{"line":177,"column":4},"end":{"line":177,"column":58}},"57":{"start":{"line":179,"column":4},"end":{"line":187,"column":6}},"58":{"start":{"line":189,"column":4},"end":{"line":194,"column":7}},"59":{"start":{"line":197,"column":4},"end":{"line":197,"column":53}},"60":{"start":{"line":198,"column":4},"end":{"line":198,"column":68}},"61":{"start":{"line":203,"column":22},"end":{"line":231,"column":1}},"62":{"start":{"line":204,"column":2},"end":{"line":230,"column":3}},"63":{"start":{"line":205,"column":24},"end":{"line":205,"column":32}},"64":{"start":{"line":208,"column":24},"end":{"line":213,"column":5}},"65":{"start":{"line":215,"column":4},"end":{"line":224,"column":5}},"66":{"start":{"line":216,"column":27},"end":{"line":216,"column":51}},"67":{"start":{"line":219,"column":28},"end":{"line":219,"column":77}},"68":{"start":{"line":221,"column":6},"end":{"line":223,"column":7}},"69":{"start":{"line":222,"column":8},"end":{"line":222,"column":57}},"70":{"start":{"line":226,"column":4},"end":{"line":226,"column":72}},"71":{"start":{"line":228,"column":4},"end":{"line":228,"column":54}},"72":{"start":{"line":229,"column":4},"end":{"line":229,"column":61}},"73":{"start":{"line":234,"column":31},"end":{"line":247,"column":1}},"74":{"start":{"line":237,"column":2},"end":{"line":244,"column":3}},"75":{"start":{"line":238,"column":20},"end":{"line":238,"column":55}},"76":{"start":{"line":239,"column":26},"end":{"line":239,"column":77}},"77":{"start":{"line":239,"column":49},"end":{"line":239,"column":76}},"78":{"start":{"line":241,"column":4},"end":{"line":243,"column":5}},"79":{"start":{"line":241,"column":57},"end":{"line":241,"column":82}},"80":{"start":{"line":242,"column":6},"end":{"line":242,"column":18}},"81":{"start":{"line":246,"column":2},"end":{"line":246,"column":15}},"82":{"start":{"line":250,"column":26},"end":{"line":255,"column":1}},"83":{"start":{"line":251,"column":2},"end":{"line":251,"column":81}},"84":{"start":{"line":257,"column":0},"end":{"line":262,"column":2}}},"fnMap":{"0":{"name":"(anonymous_0)","decl":{"start":{"line":6,"column":18},"end":{"line":6,"column":19}},"loc":{"start":{"line":6,"column":52},"end":{"line":16,"column":3}},"line":6},"1":{"name":"(anonymous_1)","decl":{"start":{"line":18,"column":21},"end":{"line":18,"column":22}},"loc":{"start":{"line":18,"column":55},"end":{"line":25,"column":3}},"line":18},"2":{"name":"(anonymous_2)","decl":{"start":{"line":27,"column":18},"end":{"line":27,"column":19}},"loc":{"start":{"line":27,"column":52},"end":{"line":34,"column":3}},"line":27},"3":{"name":"(anonymous_3)","decl":{"start":{"line":36,"column":16},"end":{"line":36,"column":17}},"loc":{"start":{"line":36,"column":50},"end":{"line":42,"column":3}},"line":36},"4":{"name":"(anonymous_4)","decl":{"start":{"line":43,"column":14},"end":{"line":43,"column":15}},"loc":{"start":{"line":43,"column":46},"end":{"line":49,"column":3}},"line":43},"5":{"name":"(anonymous_5)","decl":{"start":{"line":53,"column":31},"end":{"line":53,"column":32}},"loc":{"start":{"line":53,"column":65},"end":{"line":91,"column":1}},"line":53},"6":{"name":"(anonymous_6)","decl":{"start":{"line":57,"column":45},"end":{"line":57,"column":46}},"loc":{"start":{"line":57,"column":53},"end":{"line":62,"column":3}},"line":57},"7":{"name":"(anonymous_7)","decl":{"start":{"line":94,"column":29},"end":{"line":94,"column":30}},"loc":{"start":{"line":94,"column":43},"end":{"line":146,"column":1}},"line":94},"8":{"name":"(anonymous_8)","decl":{"start":{"line":103,"column":25},"end":{"line":103,"column":26}},"loc":{"start":{"line":103,"column":33},"end":{"line":134,"column":3}},"line":103},"9":{"name":"(anonymous_9)","decl":{"start":{"line":137,"column":25},"end":{"line":137,"column":26}},"loc":{"start":{"line":137,"column":33},"end":{"line":143,"column":3}},"line":137},"10":{"name":"(anonymous_10)","decl":{"start":{"line":148,"column":25},"end":{"line":148,"column":26}},"loc":{"start":{"line":148,"column":45},"end":{"line":200,"column":1}},"line":148},"11":{"name":"(anonymous_11)","decl":{"start":{"line":203,"column":22},"end":{"line":203,"column":23}},"loc":{"start":{"line":203,"column":42},"end":{"line":231,"column":1}},"line":203},"12":{"name":"(anonymous_12)","decl":{"start":{"line":234,"column":31},"end":{"line":234,"column":32}},"loc":{"start":{"line":234,"column":62},"end":{"line":247,"column":1}},"line":234},"13":{"name":"(anonymous_13)","decl":{"start":{"line":239,"column":39},"end":{"line":239,"column":40}},"loc":{"start":{"line":239,"column":49},"end":{"line":239,"column":76}},"line":239},"14":{"name":"(anonymous_14)","decl":{"start":{"line":241,"column":52},"end":{"line":241,"column":53}},"loc":{"start":{"line":241,"column":57},"end":{"line":241,"column":82}},"line":241},"15":{"name":"(anonymous_15)","decl":{"start":{"line":250,"column":26},"end":{"line":250,"column":27}},"loc":{"start":{"line":250,"column":61},"end":{"line":255,"column":1}},"line":250}},"branchMap":{"0":{"loc":{"start":{"line":7,"column":34},"end":{"line":7,"column":61}},"type":"binary-expr","locations":[{"start":{"line":7,"column":34},"end":{"line":7,"column":55}},{"start":{"line":7,"column":59},"end":{"line":7,"column":61}}],"line":7},"1":{"loc":{"start":{"line":8,"column":4},"end":{"line":14,"column":5}},"type":"if","locations":[{"start":{"line":8,"column":4},"end":{"line":14,"column":5}},{"start":{},"end":{}}],"line":8},"2":{"loc":{"start":{"line":8,"column":8},"end":{"line":8,"column":27}},"type":"binary-expr","locations":[{"start":{"line":8,"column":8},"end":{"line":8,"column":16}},{"start":{"line":8,"column":20},"end":{"line":8,"column":27}}],"line":8},"3":{"loc":{"start":{"line":60,"column":11},"end":{"line":61,"column":71}},"type":"binary-expr","locations":[{"start":{"line":60,"column":12},"end":{"line":60,"column":26}},{"start":{"line":60,"column":30},"end":{"line":60,"column":64}},{"start":{"line":61,"column":12},"end":{"line":61,"column":36}},{"start":{"line":61,"column":40},"end":{"line":61,"column":70}}],"line":60},"4":{"loc":{"start":{"line":66,"column":23},"end":{"line":66,"column":98}},"type":"binary-expr","locations":[{"start":{"line":66,"column":23},"end":{"line":66,"column":48}},{"start":{"line":66,"column":53},"end":{"line":66,"column":97}}],"line":66},"5":{"loc":{"start":{"line":66,"column":53},"end":{"line":66,"column":97}},"type":"cond-expr","locations":[{"start":{"line":66,"column":80},"end":{"line":66,"column":90}},{"start":{"line":66,"column":93},"end":{"line":66,"column":97}}],"line":66},"6":{"loc":{"start":{"line":67,"column":20},"end":{"line":67,"column":70}},"type":"cond-expr","locations":[{"start":{"line":67,"column":33},"end":{"line":67,"column":63}},{"start":{"line":67,"column":66},"end":{"line":67,"column":70}}],"line":67},"7":{"loc":{"start":{"line":69,"column":4},"end":{"line":87,"column":5}},"type":"if","locations":[{"start":{"line":69,"column":4},"end":{"line":87,"column":5}},{"start":{},"end":{}}],"line":69},"8":{"loc":{"start":{"line":72,"column":8},"end":{"line":78,"column":9}},"type":"if","locations":[{"start":{"line":72,"column":8},"end":{"line":78,"column":9}},{"start":{},"end":{}}],"line":72},"9":{"loc":{"start":{"line":76,"column":20},"end":{"line":76,"column":39}},"type":"binary-expr","locations":[{"start":{"line":76,"column":20},"end":{"line":76,"column":29}},{"start":{"line":76,"column":33},"end":{"line":76,"column":39}}],"line":76},"10":{"loc":{"start":{"line":107,"column":4},"end":{"line":133,"column":5}},"type":"if","locations":[{"start":{"line":107,"column":4},"end":{"line":133,"column":5}},{"start":{"line":121,"column":11},"end":{"line":133,"column":5}}],"line":107},"11":{"loc":{"start":{"line":108,"column":6},"end":{"line":120,"column":7}},"type":"if","locations":[{"start":{"line":108,"column":6},"end":{"line":120,"column":7}},{"start":{"line":114,"column":13},"end":{"line":120,"column":7}}],"line":108},"12":{"loc":{"start":{"line":108,"column":10},"end":{"line":108,"column":80}},"type":"binary-expr","locations":[{"start":{"line":108,"column":10},"end":{"line":108,"column":45}},{"start":{"line":108,"column":49},"end":{"line":108,"column":80}}],"line":108},"13":{"loc":{"start":{"line":114,"column":13},"end":{"line":120,"column":7}},"type":"if","locations":[{"start":{"line":114,"column":13},"end":{"line":120,"column":7}},{"start":{},"end":{}}],"line":114},"14":{"loc":{"start":{"line":121,"column":11},"end":{"line":133,"column":5}},"type":"if","locations":[{"start":{"line":121,"column":11},"end":{"line":133,"column":5}},{"start":{"line":127,"column":10},"end":{"line":133,"column":5}}],"line":121},"15":{"loc":{"start":{"line":127,"column":10},"end":{"line":133,"column":5}},"type":"if","locations":[{"start":{"line":127,"column":10},"end":{"line":133,"column":5}},{"start":{},"end":{}}],"line":127},"16":{"loc":{"start":{"line":163,"column":4},"end":{"line":167,"column":5}},"type":"if","locations":[{"start":{"line":163,"column":4},"end":{"line":167,"column":5}},{"start":{},"end":{}}],"line":163},"17":{"loc":{"start":{"line":221,"column":6},"end":{"line":223,"column":7}},"type":"if","locations":[{"start":{"line":221,"column":6},"end":{"line":223,"column":7}},{"start":{},"end":{}}],"line":221},"18":{"loc":{"start":{"line":237,"column":2},"end":{"line":244,"column":3}},"type":"if","locations":[{"start":{"line":237,"column":2},"end":{"line":244,"column":3}},{"start":{},"end":{}}],"line":237},"19":{"loc":{"start":{"line":237,"column":6},"end":{"line":237,"column":61}},"type":"binary-expr","locations":[{"start":{"line":237,"column":6},"end":{"line":237,"column":40}},{"start":{"line":237,"column":44},"end":{"line":237,"column":61}}],"line":237},"20":{"loc":{"start":{"line":238,"column":20},"end":{"line":238,"column":55}},"type":"binary-expr","locations":[{"start":{"line":238,"column":20},"end":{"line":238,"column":49}},{"start":{"line":238,"column":53},"end":{"line":238,"column":55}}],"line":238},"21":{"loc":{"start":{"line":241,"column":4},"end":{"line":243,"column":5}},"type":"if","locations":[{"start":{"line":241,"column":4},"end":{"line":243,"column":5}},{"start":{},"end":{}}],"line":241},"22":{"loc":{"start":{"line":241,"column":8},"end":{"line":241,"column":83}},"type":"binary-expr","locations":[{"start":{"line":241,"column":8},"end":{"line":241,"column":21}},{"start":{"line":241,"column":25},"end":{"line":241,"column":83}}],"line":241}},"s":{"0":2,"1":2,"2":2,"3":1,"4":1,"5":1,"6":0,"7":0,"8":1,"9":0,"10":1,"11":2,"12":1,"13":1,"14":4,"15":4,"16":1,"17":3,"18":3,"19":3,"20":3,"21":3,"22":3,"23":3,"24":0,"25":0,"26":1,"27":2,"28":1,"29":1,"30":4,"31":4,"32":4,"33":2,"34":1,"35":1,"36":1,"37":2,"38":1,"39":1,"40":1,"41":1,"42":2,"43":1,"44":2,"45":3,"46":3,"47":3,"48":3,"49":3,"50":2,"51":1,"52":1,"53":1,"54":1,"55":1,"56":1,"57":1,"58":1,"59":1,"60":1,"61":2,"62":0,"63":0,"64":0,"65":0,"66":0,"67":0,"68":0,"69":0,"70":0,"71":0,"72":0,"73":2,"74":0,"75":0,"76":0,"77":0,"78":0,"79":0,"80":0,"81":0,"82":2,"83":0,"84":2},"f":{"0":1,"1":0,"2":1,"3":0,"4":1,"5":1,"6":4,"7":1,"8":4,"9":2,"10":3,"11":0,"12":0,"13":0,"14":0,"15":0},"b":{"0":[1,0],"1":[1,0],"2":[1,1],"3":[4,2,2,1],"4":[3,1],"5":[1,0],"6":[3,0],"7":[3,0],"8":[3,0],"9":[3,0],"10":[2,2],"11":[1,1],"12":[2,2],"13":[1,0],"14":[1,1],"15":[1,0],"16":[1,1],"17":[0,0],"18":[0,0],"19":[0,0],"20":[0,0],"21":[0,0],"22":[0,0]},"_coverageSchema":"1a1c01bbd47fc00a2c39e90264f33305004495a9","hash":"f9500751cfa611f0e1ac86f00a3f793c7ae2d342"}
,"/Users/rahulrajeshkumar/swe/AutoSocial_backend/controllers/InstagramController.js": {"path":"/Users/rahulrajeshkumar/swe/AutoSocial_backend/controllers/InstagramController.js","statementMap":{"0":{"start":{"line":1,"column":23},"end":{"line":1,"column":57}},"1":{"start":{"line":2,"column":12},"end":{"line":2,"column":41}},"2":{"start":{"line":3,"column":51},"end":{"line":3,"column":85}},"3":{"start":{"line":4,"column":19},"end":{"line":4,"column":50}},"4":{"start":{"line":7,"column":29},"end":{"line":86,"column":1}},"5":{"start":{"line":9,"column":20},"end":{"line":9,"column":45}},"6":{"start":{"line":10,"column":21},"end":{"line":10,"column":51}},"7":{"start":{"line":11,"column":22},"end":{"line":11,"column":41}},"8":{"start":{"line":12,"column":24},"end":{"line":12,"column":45}},"9":{"start":{"line":13,"column":20},"end":{"line":13,"column":44}},"10":{"start":{"line":17,"column":30},"end":{"line":21,"column":5}},"11":{"start":{"line":22,"column":23},"end":{"line":22,"column":52}},"12":{"start":{"line":24,"column":4},"end":{"line":40,"column":5}},"13":{"start":{"line":26,"column":6},"end":{"line":39,"column":7}},"14":{"start":{"line":27,"column":8},"end":{"line":38,"column":10}},"15":{"start":{"line":41,"column":4},"end":{"line":41,"column":36}},"16":{"start":{"line":46,"column":4},"end":{"line":49,"column":5}},"17":{"start":{"line":47,"column":6},"end":{"line":47,"column":82}},"18":{"start":{"line":48,"column":6},"end":{"line":48,"column":38}},"19":{"start":{"line":52,"column":21},"end":{"line":52,"column":75}},"20":{"start":{"line":53,"column":24},"end":{"line":53,"column":50}},"21":{"start":{"line":54,"column":24},"end":{"line":54,"column":78}},"22":{"start":{"line":55,"column":22},"end":{"line":55,"column":74}},"23":{"start":{"line":56,"column":22},"end":{"line":56,"column":45}},"24":{"start":{"line":58,"column":4},"end":{"line":58,"column":77}},"25":{"start":{"line":61,"column":30},"end":{"line":64,"column":5}},"26":{"start":{"line":65,"column":23},"end":{"line":65,"column":52}},"27":{"start":{"line":67,"column":4},"end":{"line":67,"column":56}},"28":{"start":{"line":69,"column":4},"end":{"line":82,"column":5}},"29":{"start":{"line":70,"column":6},"end":{"line":81,"column":8}},"30":{"start":{"line":84,"column":4},"end":{"line":84,"column":36}},"31":{"start":{"line":89,"column":28},"end":{"line":103,"column":1}},"32":{"start":{"line":90,"column":2},"end":{"line":102,"column":3}},"33":{"start":{"line":91,"column":4},"end":{"line":91,"column":26}},"34":{"start":{"line":92,"column":9},"end":{"line":102,"column":3}},"35":{"start":{"line":93,"column":4},"end":{"line":93,"column":32}},"36":{"start":{"line":94,"column":9},"end":{"line":102,"column":3}},"37":{"start":{"line":95,"column":4},"end":{"line":95,"column":26}},"38":{"start":{"line":96,"column":9},"end":{"line":102,"column":3}},"39":{"start":{"line":97,"column":4},"end":{"line":97,"column":35}},"40":{"start":{"line":98,"column":9},"end":{"line":102,"column":3}},"41":{"start":{"line":99,"column":4},"end":{"line":99,"column":22}},"42":{"start":{"line":101,"column":4},"end":{"line":101,"column":21}},"43":{"start":{"line":106,"column":22},"end":{"line":607,"column":1}},"44":{"start":{"line":108,"column":19},"end":{"line":108,"column":42}},"45":{"start":{"line":109,"column":26},"end":{"line":109,"column":32}},"46":{"start":{"line":112,"column":4},"end":{"line":114,"column":5}},"47":{"start":{"line":113,"column":6},"end":{"line":113,"column":89}},"48":{"start":{"line":115,"column":4},"end":{"line":117,"column":5}},"49":{"start":{"line":116,"column":6},"end":{"line":116,"column":89}},"50":{"start":{"line":118,"column":4},"end":{"line":120,"column":5}},"51":{"start":{"line":119,"column":6},"end":{"line":119,"column":87}},"52":{"start":{"line":121,"column":4},"end":{"line":123,"column":5}},"53":{"start":{"line":122,"column":6},"end":{"line":122,"column":88}},"54":{"start":{"line":126,"column":21},"end":{"line":126,"column":36}},"55":{"start":{"line":129,"column":4},"end":{"line":139,"column":5}},"56":{"start":{"line":131,"column":6},"end":{"line":133,"column":7}},"57":{"start":{"line":132,"column":8},"end":{"line":132,"column":103}},"58":{"start":{"line":134,"column":11},"end":{"line":139,"column":5}},"59":{"start":{"line":136,"column":6},"end":{"line":138,"column":7}},"60":{"start":{"line":137,"column":8},"end":{"line":137,"column":143}},"61":{"start":{"line":141,"column":4},"end":{"line":141,"column":55}},"62":{"start":{"line":144,"column":27},"end":{"line":144,"column":51}},"63":{"start":{"line":146,"column":4},"end":{"line":150,"column":6}},"64":{"start":{"line":154,"column":2},"end":{"line":154,"column":77}},"65":{"start":{"line":156,"column":25},"end":{"line":156,"column":93}},"66":{"start":{"line":157,"column":20},"end":{"line":157,"column":77}},"67":{"start":{"line":160,"column":20},"end":{"line":160,"column":82}},"68":{"start":{"line":161,"column":19},"end":{"line":161,"column":47}},"69":{"start":{"line":162,"column":13},"end":{"line":162,"column":41}},"70":{"start":{"line":164,"column":2},"end":{"line":164,"column":37}},"71":{"start":{"line":165,"column":2},"end":{"line":165,"column":40}},"72":{"start":{"line":166,"column":2},"end":{"line":172,"column":15}},"73":{"start":{"line":175,"column":2},"end":{"line":196,"column":3}},"74":{"start":{"line":176,"column":21},"end":{"line":176,"column":134}},"75":{"start":{"line":177,"column":4},"end":{"line":195,"column":6}},"76":{"start":{"line":199,"column":2},"end":{"line":339,"column":3}},"77":{"start":{"line":201,"column":29},"end":{"line":210,"column":18}},"78":{"start":{"line":212,"column":4},"end":{"line":338,"column":5}},"79":{"start":{"line":214,"column":29},"end":{"line":214,"column":59}},"80":{"start":{"line":217,"column":26},"end":{"line":217,"column":47}},"81":{"start":{"line":218,"column":6},"end":{"line":220,"column":7}},"82":{"start":{"line":219,"column":8},"end":{"line":219,"column":87}},"83":{"start":{"line":221,"column":6},"end":{"line":223,"column":7}},"84":{"start":{"line":222,"column":8},"end":{"line":222,"column":83}},"85":{"start":{"line":225,"column":28},"end":{"line":225,"column":53}},"86":{"start":{"line":228,"column":25},"end":{"line":235,"column":7}},"87":{"start":{"line":241,"column":6},"end":{"line":287,"column":7}},"88":{"start":{"line":243,"column":30},"end":{"line":252,"column":60}},"89":{"start":{"line":254,"column":8},"end":{"line":254,"column":40}},"90":{"start":{"line":255,"column":8},"end":{"line":255,"column":31}},"91":{"start":{"line":258,"column":8},"end":{"line":282,"column":9}},"92":{"start":{"line":259,"column":10},"end":{"line":277,"column":12}},"93":{"start":{"line":278,"column":10},"end":{"line":278,"column":72}},"94":{"start":{"line":280,"column":10},"end":{"line":280,"column":67}},"95":{"start":{"line":285,"column":8},"end":{"line":285,"column":177}},"96":{"start":{"line":286,"column":8},"end":{"line":286,"column":37}},"97":{"start":{"line":289,"column":6},"end":{"line":308,"column":8}},"98":{"start":{"line":310,"column":6},"end":{"line":310,"column":55}},"99":{"start":{"line":313,"column":23},"end":{"line":313,"column":211}},"100":{"start":{"line":316,"column":6},"end":{"line":337,"column":8}},"101":{"start":{"line":342,"column":2},"end":{"line":461,"column":3}},"102":{"start":{"line":343,"column":23},"end":{"line":343,"column":51}},"103":{"start":{"line":345,"column":4},"end":{"line":366,"column":5}},"104":{"start":{"line":346,"column":27},"end":{"line":346,"column":119}},"105":{"start":{"line":347,"column":6},"end":{"line":365,"column":8}},"106":{"start":{"line":369,"column":24},"end":{"line":373,"column":5}},"107":{"start":{"line":375,"column":26},"end":{"line":384,"column":60}},"108":{"start":{"line":387,"column":4},"end":{"line":424,"column":5}},"109":{"start":{"line":388,"column":6},"end":{"line":399,"column":8}},"110":{"start":{"line":401,"column":6},"end":{"line":419,"column":8}},"111":{"start":{"line":420,"column":6},"end":{"line":420,"column":59}},"112":{"start":{"line":422,"column":6},"end":{"line":422,"column":63}},"113":{"start":{"line":427,"column":24},"end":{"line":427,"column":37}},"114":{"start":{"line":428,"column":4},"end":{"line":438,"column":5}},"115":{"start":{"line":429,"column":6},"end":{"line":437,"column":145}},"116":{"start":{"line":440,"column":4},"end":{"line":460,"column":6}},"117":{"start":{"line":464,"column":2},"end":{"line":481,"column":3}},"118":{"start":{"line":465,"column":4},"end":{"line":480,"column":6}},"119":{"start":{"line":484,"column":2},"end":{"line":484,"column":82}},"120":{"start":{"line":485,"column":2},"end":{"line":485,"column":48}},"121":{"start":{"line":486,"column":2},"end":{"line":486,"column":75}},"122":{"start":{"line":489,"column":2},"end":{"line":498,"column":3}},"123":{"start":{"line":491,"column":4},"end":{"line":491,"column":131}},"124":{"start":{"line":492,"column":9},"end":{"line":498,"column":3}},"125":{"start":{"line":494,"column":4},"end":{"line":494,"column":132}},"126":{"start":{"line":497,"column":4},"end":{"line":497,"column":132}},"127":{"start":{"line":500,"column":2},"end":{"line":519,"column":4}},"128":{"start":{"line":525,"column":31},"end":{"line":525,"column":40}},"129":{"start":{"line":526,"column":4},"end":{"line":526,"column":80}},"130":{"start":{"line":527,"column":4},"end":{"line":527,"column":52}},"131":{"start":{"line":528,"column":4},"end":{"line":528,"column":62}},"132":{"start":{"line":529,"column":4},"end":{"line":529,"column":88}},"133":{"start":{"line":531,"column":4},"end":{"line":603,"column":5}},"134":{"start":{"line":534,"column":25},"end":{"line":534,"column":75}},"135":{"start":{"line":535,"column":24},"end":{"line":535,"column":72}},"136":{"start":{"line":536,"column":25},"end":{"line":536,"column":75}},"137":{"start":{"line":538,"column":8},"end":{"line":538,"column":79}},"138":{"start":{"line":540,"column":8},"end":{"line":580,"column":9}},"139":{"start":{"line":541,"column":27},"end":{"line":541,"column":58}},"140":{"start":{"line":543,"column":10},"end":{"line":543,"column":105}},"141":{"start":{"line":546,"column":24},"end":{"line":549,"column":42}},"142":{"start":{"line":552,"column":10},"end":{"line":552,"column":48}},"143":{"start":{"line":553,"column":10},"end":{"line":553,"column":73}},"144":{"start":{"line":554,"column":10},"end":{"line":554,"column":59}},"145":{"start":{"line":555,"column":10},"end":{"line":555,"column":67}},"146":{"start":{"line":556,"column":10},"end":{"line":556,"column":61}},"147":{"start":{"line":559,"column":10},"end":{"line":570,"column":11}},"148":{"start":{"line":560,"column":12},"end":{"line":560,"column":111}},"149":{"start":{"line":563,"column":12},"end":{"line":569,"column":13}},"150":{"start":{"line":564,"column":14},"end":{"line":564,"column":127}},"151":{"start":{"line":565,"column":19},"end":{"line":569,"column":13}},"152":{"start":{"line":566,"column":14},"end":{"line":566,"column":102}},"153":{"start":{"line":568,"column":14},"end":{"line":568,"column":81}},"154":{"start":{"line":572,"column":25},"end":{"line":572,"column":79}},"155":{"start":{"line":574,"column":10},"end":{"line":574,"column":122}},"156":{"start":{"line":575,"column":10},"end":{"line":575,"column":55}},"157":{"start":{"line":576,"column":10},"end":{"line":576,"column":74}},"158":{"start":{"line":578,"column":10},"end":{"line":578,"column":71}},"159":{"start":{"line":579,"column":10},"end":{"line":579,"column":85}},"160":{"start":{"line":581,"column":8},"end":{"line":581,"column":14}},"161":{"start":{"line":584,"column":8},"end":{"line":589,"column":9}},"162":{"start":{"line":585,"column":27},"end":{"line":585,"column":63}},"163":{"start":{"line":586,"column":25},"end":{"line":586,"column":79}},"164":{"start":{"line":587,"column":10},"end":{"line":587,"column":64}},"165":{"start":{"line":588,"column":10},"end":{"line":588,"column":72}},"166":{"start":{"line":590,"column":8},"end":{"line":590,"column":14}},"167":{"start":{"line":593,"column":8},"end":{"line":598,"column":9}},"168":{"start":{"line":594,"column":28},"end":{"line":594,"column":114}},"169":{"start":{"line":595,"column":25},"end":{"line":595,"column":79}},"170":{"start":{"line":596,"column":10},"end":{"line":596,"column":69}},"171":{"start":{"line":597,"column":10},"end":{"line":597,"column":89}},"172":{"start":{"line":599,"column":8},"end":{"line":599,"column":14}},"173":{"start":{"line":602,"column":8},"end":{"line":602,"column":89}},"174":{"start":{"line":605,"column":4},"end":{"line":605,"column":87}},"175":{"start":{"line":611,"column":17},"end":{"line":611,"column":152}},"176":{"start":{"line":614,"column":4},"end":{"line":614,"column":48}},"177":{"start":{"line":615,"column":4},"end":{"line":619,"column":7}},"178":{"start":{"line":616,"column":8},"end":{"line":618,"column":9}},"179":{"start":{"line":617,"column":12},"end":{"line":617,"column":45}},"180":{"start":{"line":622,"column":4},"end":{"line":626,"column":5}},"181":{"start":{"line":623,"column":8},"end":{"line":623,"column":76}},"182":{"start":{"line":624,"column":11},"end":{"line":626,"column":5}},"183":{"start":{"line":625,"column":8},"end":{"line":625,"column":76}},"184":{"start":{"line":629,"column":4},"end":{"line":629,"column":50}},"185":{"start":{"line":630,"column":4},"end":{"line":638,"column":7}},"186":{"start":{"line":631,"column":34},"end":{"line":636,"column":9}},"187":{"start":{"line":637,"column":8},"end":{"line":637,"column":61}},"188":{"start":{"line":640,"column":4},"end":{"line":640,"column":275}},"189":{"start":{"line":642,"column":4},"end":{"line":642,"column":18}},"190":{"start":{"line":647,"column":56},"end":{"line":647,"column":66}},"191":{"start":{"line":650,"column":26},"end":{"line":650,"column":28}},"192":{"start":{"line":651,"column":4},"end":{"line":651,"column":80}},"193":{"start":{"line":651,"column":47},"end":{"line":651,"column":80}},"194":{"start":{"line":652,"column":4},"end":{"line":652,"column":85}},"195":{"start":{"line":652,"column":51},"end":{"line":652,"column":85}},"196":{"start":{"line":653,"column":4},"end":{"line":653,"column":76}},"197":{"start":{"line":653,"column":45},"end":{"line":653,"column":76}},"198":{"start":{"line":654,"column":4},"end":{"line":654,"column":67}},"199":{"start":{"line":654,"column":39},"end":{"line":654,"column":67}},"200":{"start":{"line":656,"column":4},"end":{"line":669,"column":5}},"201":{"start":{"line":657,"column":8},"end":{"line":668,"column":10}},"202":{"start":{"line":672,"column":25},"end":{"line":685,"column":123}},"203":{"start":{"line":687,"column":4},"end":{"line":687,"column":69}},"204":{"start":{"line":689,"column":4},"end":{"line":763,"column":5}},"205":{"start":{"line":690,"column":31},"end":{"line":690,"column":59}},"206":{"start":{"line":692,"column":8},"end":{"line":694,"column":9}},"207":{"start":{"line":693,"column":12},"end":{"line":693,"column":55}},"208":{"start":{"line":697,"column":25},"end":{"line":697,"column":65}},"209":{"start":{"line":700,"column":8},"end":{"line":724,"column":9}},"210":{"start":{"line":722,"column":12},"end":{"line":722,"column":54}},"211":{"start":{"line":726,"column":30},"end":{"line":726,"column":97}},"212":{"start":{"line":728,"column":8},"end":{"line":741,"column":10}},"213":{"start":{"line":744,"column":8},"end":{"line":744,"column":66}},"214":{"start":{"line":747,"column":33},"end":{"line":747,"column":271}},"215":{"start":{"line":749,"column":8},"end":{"line":762,"column":10}},"216":{"start":{"line":767,"column":30},"end":{"line":900,"column":1}},"217":{"start":{"line":768,"column":34},"end":{"line":768,"column":44}},"218":{"start":{"line":769,"column":27},"end":{"line":769,"column":46}},"219":{"start":{"line":771,"column":2},"end":{"line":771,"column":68}},"220":{"start":{"line":774,"column":2},"end":{"line":774,"column":84}},"221":{"start":{"line":777,"column":25},"end":{"line":777,"column":93}},"222":{"start":{"line":779,"column":2},"end":{"line":799,"column":3}},"223":{"start":{"line":781,"column":27},"end":{"line":787,"column":5}},"224":{"start":{"line":789,"column":4},"end":{"line":795,"column":5}},"225":{"start":{"line":790,"column":6},"end":{"line":790,"column":87}},"226":{"start":{"line":791,"column":6},"end":{"line":791,"column":59}},"227":{"start":{"line":792,"column":6},"end":{"line":792,"column":90}},"228":{"start":{"line":794,"column":6},"end":{"line":794,"column":81}},"229":{"start":{"line":797,"column":4},"end":{"line":797,"column":59}},"230":{"start":{"line":802,"column":23},"end":{"line":808,"column":4}},"231":{"start":{"line":803,"column":27},"end":{"line":803,"column":52}},"232":{"start":{"line":804,"column":4},"end":{"line":807,"column":6}},"233":{"start":{"line":810,"column":2},"end":{"line":813,"column":3}},"234":{"start":{"line":811,"column":4},"end":{"line":811,"column":55}},"235":{"start":{"line":812,"column":4},"end":{"line":812,"column":64}},"236":{"start":{"line":816,"column":24},"end":{"line":816,"column":76}},"237":{"start":{"line":817,"column":2},"end":{"line":817,"column":79}},"238":{"start":{"line":817,"column":56},"end":{"line":817,"column":76}},"239":{"start":{"line":819,"column":23},"end":{"line":819,"column":27}},"240":{"start":{"line":820,"column":27},"end":{"line":820,"column":29}},"241":{"start":{"line":823,"column":2},"end":{"line":887,"column":3}},"242":{"start":{"line":824,"column":4},"end":{"line":827,"column":5}},"243":{"start":{"line":826,"column":6},"end":{"line":826,"column":15}},"244":{"start":{"line":829,"column":4},"end":{"line":886,"column":5}},"245":{"start":{"line":830,"column":23},"end":{"line":830,"column":47}},"246":{"start":{"line":831,"column":6},"end":{"line":878,"column":7}},"247":{"start":{"line":832,"column":8},"end":{"line":832,"column":70}},"248":{"start":{"line":833,"column":23},"end":{"line":833,"column":68}},"249":{"start":{"line":835,"column":8},"end":{"line":839,"column":11}},"250":{"start":{"line":841,"column":8},"end":{"line":841,"column":32}},"251":{"start":{"line":842,"column":8},"end":{"line":842,"column":57}},"252":{"start":{"line":845,"column":8},"end":{"line":845,"column":67}},"253":{"start":{"line":846,"column":8},"end":{"line":846,"column":52}},"254":{"start":{"line":847,"column":8},"end":{"line":847,"column":50}},"255":{"start":{"line":848,"column":8},"end":{"line":848,"column":83}},"256":{"start":{"line":849,"column":8},"end":{"line":849,"column":77}},"257":{"start":{"line":852,"column":8},"end":{"line":856,"column":9}},"258":{"start":{"line":853,"column":10},"end":{"line":853,"column":72}},"259":{"start":{"line":854,"column":10},"end":{"line":854,"column":42}},"260":{"start":{"line":855,"column":10},"end":{"line":855,"column":49}},"261":{"start":{"line":859,"column":8},"end":{"line":875,"column":9}},"262":{"start":{"line":860,"column":10},"end":{"line":874,"column":11}},"263":{"start":{"line":861,"column":12},"end":{"line":862,"column":72}},"264":{"start":{"line":865,"column":12},"end":{"line":870,"column":14}},"265":{"start":{"line":871,"column":12},"end":{"line":871,"column":59}},"266":{"start":{"line":873,"column":12},"end":{"line":873,"column":63}},"267":{"start":{"line":877,"column":8},"end":{"line":877,"column":69}},"268":{"start":{"line":880,"column":6},"end":{"line":880,"column":63}},"269":{"start":{"line":881,"column":6},"end":{"line":885,"column":9}},"270":{"start":{"line":890,"column":2},"end":{"line":893,"column":4}},"271":{"start":{"line":895,"column":2},"end":{"line":899,"column":4}},"272":{"start":{"line":903,"column":27},"end":{"line":923,"column":1}},"273":{"start":{"line":904,"column":18},"end":{"line":904,"column":27}},"274":{"start":{"line":905,"column":15},"end":{"line":905,"column":17}},"275":{"start":{"line":907,"column":19},"end":{"line":919,"column":3}},"276":{"start":{"line":908,"column":4},"end":{"line":908,"column":36}},"277":{"start":{"line":908,"column":29},"end":{"line":908,"column":36}},"278":{"start":{"line":909,"column":4},"end":{"line":909,"column":24}},"279":{"start":{"line":911,"column":17},"end":{"line":911,"column":49}},"280":{"start":{"line":911,"column":33},"end":{"line":911,"column":48}},"281":{"start":{"line":912,"column":4},"end":{"line":918,"column":5}},"282":{"start":{"line":913,"column":6},"end":{"line":913,"column":22}},"283":{"start":{"line":916,"column":28},"end":{"line":916,"column":72}},"284":{"start":{"line":916,"column":49},"end":{"line":916,"column":71}},"285":{"start":{"line":917,"column":6},"end":{"line":917,"column":59}},"286":{"start":{"line":917,"column":36},"end":{"line":917,"column":57}},"287":{"start":{"line":921,"column":2},"end":{"line":921,"column":24}},"288":{"start":{"line":922,"column":2},"end":{"line":922,"column":14}},"289":{"start":{"line":926,"column":19},"end":{"line":1077,"column":1}},"290":{"start":{"line":927,"column":2},"end":{"line":1076,"column":3}},"291":{"start":{"line":928,"column":24},"end":{"line":928,"column":32}},"292":{"start":{"line":929,"column":4},"end":{"line":929,"column":75}},"293":{"start":{"line":932,"column":4},"end":{"line":934,"column":5}},"294":{"start":{"line":933,"column":6},"end":{"line":933,"column":73}},"295":{"start":{"line":936,"column":18},"end":{"line":936,"column":38}},"296":{"start":{"line":939,"column":29},"end":{"line":939,"column":78}},"297":{"start":{"line":942,"column":29},"end":{"line":942,"column":74}},"298":{"start":{"line":944,"column":4},"end":{"line":946,"column":5}},"299":{"start":{"line":945,"column":6},"end":{"line":945,"column":78}},"300":{"start":{"line":949,"column":24},"end":{"line":962,"column":5}},"301":{"start":{"line":964,"column":4},"end":{"line":968,"column":5}},"302":{"start":{"line":965,"column":6},"end":{"line":967,"column":9}},"303":{"start":{"line":970,"column":24},"end":{"line":970,"column":25}},"304":{"start":{"line":971,"column":29},"end":{"line":971,"column":31}},"305":{"start":{"line":972,"column":26},"end":{"line":972,"column":28}},"306":{"start":{"line":975,"column":4},"end":{"line":1022,"column":5}},"307":{"start":{"line":976,"column":6},"end":{"line":976,"column":48}},"308":{"start":{"line":978,"column":6},"end":{"line":1021,"column":7}},"309":{"start":{"line":979,"column":26},"end":{"line":979,"column":61}},"310":{"start":{"line":980,"column":8},"end":{"line":980,"column":88}},"311":{"start":{"line":983,"column":8},"end":{"line":987,"column":9}},"312":{"start":{"line":984,"column":10},"end":{"line":984,"column":53}},"313":{"start":{"line":985,"column":10},"end":{"line":985,"column":87}},"314":{"start":{"line":986,"column":10},"end":{"line":986,"column":19}},"315":{"start":{"line":990,"column":8},"end":{"line":994,"column":9}},"316":{"start":{"line":991,"column":10},"end":{"line":991,"column":53}},"317":{"start":{"line":992,"column":10},"end":{"line":992,"column":80}},"318":{"start":{"line":993,"column":10},"end":{"line":993,"column":19}},"319":{"start":{"line":997,"column":8},"end":{"line":1020,"column":9}},"320":{"start":{"line":998,"column":10},"end":{"line":1019,"column":11}},"321":{"start":{"line":999,"column":30},"end":{"line":999,"column":69}},"322":{"start":{"line":1000,"column":12},"end":{"line":1012,"column":13}},"323":{"start":{"line":1001,"column":29},"end":{"line":1001,"column":72}},"324":{"start":{"line":1003,"column":14},"end":{"line":1011,"column":15}},"325":{"start":{"line":1004,"column":16},"end":{"line":1004,"column":78}},"326":{"start":{"line":1005,"column":40},"end":{"line":1005,"column":95}},"327":{"start":{"line":1006,"column":16},"end":{"line":1009,"column":19}},"328":{"start":{"line":1010,"column":16},"end":{"line":1010,"column":32}},"329":{"start":{"line":1014,"column":12},"end":{"line":1014,"column":90}},"330":{"start":{"line":1015,"column":12},"end":{"line":1018,"column":15}},"331":{"start":{"line":1025,"column":4},"end":{"line":1059,"column":5}},"332":{"start":{"line":1026,"column":6},"end":{"line":1026,"column":48}},"333":{"start":{"line":1028,"column":6},"end":{"line":1058,"column":7}},"334":{"start":{"line":1029,"column":8},"end":{"line":1029,"column":58}},"335":{"start":{"line":1031,"column":8},"end":{"line":1057,"column":9}},"336":{"start":{"line":1033,"column":10},"end":{"line":1056,"column":11}},"337":{"start":{"line":1034,"column":12},"end":{"line":1055,"column":13}},"338":{"start":{"line":1035,"column":32},"end":{"line":1035,"column":68}},"339":{"start":{"line":1036,"column":14},"end":{"line":1048,"column":15}},"340":{"start":{"line":1037,"column":31},"end":{"line":1037,"column":66}},"341":{"start":{"line":1039,"column":16},"end":{"line":1047,"column":17}},"342":{"start":{"line":1040,"column":18},"end":{"line":1040,"column":80}},"343":{"start":{"line":1041,"column":42},"end":{"line":1041,"column":97}},"344":{"start":{"line":1042,"column":18},"end":{"line":1045,"column":21}},"345":{"start":{"line":1046,"column":18},"end":{"line":1046,"column":34}},"346":{"start":{"line":1050,"column":14},"end":{"line":1050,"column":92}},"347":{"start":{"line":1051,"column":14},"end":{"line":1054,"column":17}},"348":{"start":{"line":1061,"column":4},"end":{"line":1068,"column":7}},"349":{"start":{"line":1071,"column":4},"end":{"line":1071,"column":54}},"350":{"start":{"line":1072,"column":4},"end":{"line":1075,"column":7}},"351":{"start":{"line":1080,"column":22},"end":{"line":1095,"column":1}},"352":{"start":{"line":1081,"column":15},"end":{"line":1081,"column":36}},"353":{"start":{"line":1082,"column":16},"end":{"line":1082,"column":45}},"354":{"start":{"line":1083,"column":20},"end":{"line":1083,"column":46}},"355":{"start":{"line":1086,"column":23},"end":{"line":1086,"column":80}},"356":{"start":{"line":1088,"column":2},"end":{"line":1094,"column":3}},"357":{"start":{"line":1089,"column":4},"end":{"line":1089,"column":49}},"358":{"start":{"line":1090,"column":4},"end":{"line":1090,"column":36}},"359":{"start":{"line":1092,"column":4},"end":{"line":1092,"column":47}},"360":{"start":{"line":1093,"column":4},"end":{"line":1093,"column":38}},"361":{"start":{"line":1104,"column":29},"end":{"line":1134,"column":1}},"362":{"start":{"line":1105,"column":2},"end":{"line":1133,"column":3}},"363":{"start":{"line":1107,"column":4},"end":{"line":1109,"column":5}},"364":{"start":{"line":1108,"column":6},"end":{"line":1108,"column":86}},"365":{"start":{"line":1111,"column":19},"end":{"line":1111,"column":30}},"366":{"start":{"line":1113,"column":21},"end":{"line":1117,"column":5}},"367":{"start":{"line":1119,"column":4},"end":{"line":1124,"column":5}},"368":{"start":{"line":1120,"column":6},"end":{"line":1123,"column":9}},"369":{"start":{"line":1126,"column":4},"end":{"line":1129,"column":7}},"370":{"start":{"line":1131,"column":4},"end":{"line":1131,"column":63}},"371":{"start":{"line":1132,"column":4},"end":{"line":1132,"column":74}},"372":{"start":{"line":1141,"column":32},"end":{"line":1191,"column":1}},"373":{"start":{"line":1142,"column":2},"end":{"line":1190,"column":3}},"374":{"start":{"line":1143,"column":80},"end":{"line":1143,"column":88}},"375":{"start":{"line":1146,"column":4},"end":{"line":1148,"column":5}},"376":{"start":{"line":1147,"column":6},"end":{"line":1147,"column":86}},"377":{"start":{"line":1150,"column":19},"end":{"line":1150,"column":30}},"378":{"start":{"line":1152,"column":4},"end":{"line":1154,"column":5}},"379":{"start":{"line":1153,"column":6},"end":{"line":1153,"column":79}},"380":{"start":{"line":1157,"column":29},"end":{"line":1160,"column":5}},"381":{"start":{"line":1162,"column":4},"end":{"line":1184,"column":5}},"382":{"start":{"line":1164,"column":6},"end":{"line":1170,"column":8}},"383":{"start":{"line":1173,"column":6},"end":{"line":1183,"column":8}},"384":{"start":{"line":1186,"column":4},"end":{"line":1186,"column":96}},"385":{"start":{"line":1188,"column":4},"end":{"line":1188,"column":63}},"386":{"start":{"line":1189,"column":4},"end":{"line":1189,"column":75}},"387":{"start":{"line":1194,"column":0},"end":{"line":1202,"column":2}}},"fnMap":{"0":{"name":"(anonymous_0)","decl":{"start":{"line":8,"column":18},"end":{"line":8,"column":19}},"loc":{"start":{"line":8,"column":52},"end":{"line":42,"column":3}},"line":8},"1":{"name":"(anonymous_1)","decl":{"start":{"line":44,"column":21},"end":{"line":44,"column":22}},"loc":{"start":{"line":44,"column":58},"end":{"line":85,"column":3}},"line":44},"2":{"name":"(anonymous_2)","decl":{"start":{"line":89,"column":28},"end":{"line":89,"column":29}},"loc":{"start":{"line":89,"column":48},"end":{"line":103,"column":1}},"line":89},"3":{"name":"(anonymous_3)","decl":{"start":{"line":107,"column":12},"end":{"line":107,"column":13}},"loc":{"start":{"line":107,"column":37},"end":{"line":151,"column":3}},"line":107},"4":{"name":"(anonymous_4)","decl":{"start":{"line":153,"column":12},"end":{"line":153,"column":13}},"loc":{"start":{"line":153,"column":53},"end":{"line":520,"column":1}},"line":153},"5":{"name":"(anonymous_5)","decl":{"start":{"line":524,"column":14},"end":{"line":524,"column":15}},"loc":{"start":{"line":524,"column":55},"end":{"line":606,"column":3}},"line":524},"6":{"name":"createInfoGatheringPrompt","decl":{"start":{"line":610,"column":9},"end":{"line":610,"column":34}},"loc":{"start":{"line":610,"column":72},"end":{"line":643,"column":1}},"line":610},"7":{"name":"(anonymous_7)","decl":{"start":{"line":615,"column":40},"end":{"line":615,"column":41}},"loc":{"start":{"line":615,"column":58},"end":{"line":619,"column":5}},"line":615},"8":{"name":"(anonymous_8)","decl":{"start":{"line":630,"column":26},"end":{"line":630,"column":27}},"loc":{"start":{"line":630,"column":35},"end":{"line":638,"column":5}},"line":630},"9":{"name":"processCompleteTicket","decl":{"start":{"line":646,"column":15},"end":{"line":646,"column":36}},"loc":{"start":{"line":646,"column":58},"end":{"line":764,"column":1}},"line":646},"10":{"name":"(anonymous_10)","decl":{"start":{"line":767,"column":30},"end":{"line":767,"column":31}},"loc":{"start":{"line":767,"column":61},"end":{"line":900,"column":1}},"line":767},"11":{"name":"(anonymous_11)","decl":{"start":{"line":802,"column":36},"end":{"line":802,"column":37}},"loc":{"start":{"line":802,"column":44},"end":{"line":808,"column":3}},"line":802},"12":{"name":"(anonymous_12)","decl":{"start":{"line":817,"column":51},"end":{"line":817,"column":52}},"loc":{"start":{"line":817,"column":56},"end":{"line":817,"column":76}},"line":817},"13":{"name":"(anonymous_13)","decl":{"start":{"line":903,"column":27},"end":{"line":903,"column":28}},"loc":{"start":{"line":903,"column":58},"end":{"line":923,"column":1}},"line":903},"14":{"name":"(anonymous_14)","decl":{"start":{"line":907,"column":19},"end":{"line":907,"column":20}},"loc":{"start":{"line":907,"column":31},"end":{"line":919,"column":3}},"line":907},"15":{"name":"(anonymous_15)","decl":{"start":{"line":911,"column":28},"end":{"line":911,"column":29}},"loc":{"start":{"line":911,"column":33},"end":{"line":911,"column":48}},"line":911},"16":{"name":"(anonymous_16)","decl":{"start":{"line":916,"column":41},"end":{"line":916,"column":42}},"loc":{"start":{"line":916,"column":49},"end":{"line":916,"column":71}},"line":916},"17":{"name":"(anonymous_17)","decl":{"start":{"line":917,"column":28},"end":{"line":917,"column":29}},"loc":{"start":{"line":917,"column":36},"end":{"line":917,"column":57}},"line":917},"18":{"name":"(anonymous_18)","decl":{"start":{"line":926,"column":19},"end":{"line":926,"column":20}},"loc":{"start":{"line":926,"column":39},"end":{"line":1077,"column":1}},"line":926},"19":{"name":"(anonymous_19)","decl":{"start":{"line":1080,"column":22},"end":{"line":1080,"column":23}},"loc":{"start":{"line":1080,"column":36},"end":{"line":1095,"column":1}},"line":1080},"20":{"name":"(anonymous_20)","decl":{"start":{"line":1104,"column":29},"end":{"line":1104,"column":30}},"loc":{"start":{"line":1104,"column":49},"end":{"line":1134,"column":1}},"line":1104},"21":{"name":"(anonymous_21)","decl":{"start":{"line":1141,"column":32},"end":{"line":1141,"column":33}},"loc":{"start":{"line":1141,"column":52},"end":{"line":1191,"column":1}},"line":1141}},"branchMap":{"0":{"loc":{"start":{"line":24,"column":4},"end":{"line":40,"column":5}},"type":"if","locations":[{"start":{"line":24,"column":4},"end":{"line":40,"column":5}},{"start":{},"end":{}}],"line":24},"1":{"loc":{"start":{"line":26,"column":6},"end":{"line":39,"column":7}},"type":"if","locations":[{"start":{"line":26,"column":6},"end":{"line":39,"column":7}},{"start":{},"end":{}}],"line":26},"2":{"loc":{"start":{"line":46,"column":4},"end":{"line":49,"column":5}},"type":"if","locations":[{"start":{"line":46,"column":4},"end":{"line":49,"column":5}},{"start":{},"end":{}}],"line":46},"3":{"loc":{"start":{"line":46,"column":8},"end":{"line":46,"column":61}},"type":"binary-expr","locations":[{"start":{"line":46,"column":8},"end":{"line":46,"column":30}},{"start":{"line":46,"column":34},"end":{"line":46,"column":61}}],"line":46},"4":{"loc":{"start":{"line":52,"column":21},"end":{"line":52,"column":75}},"type":"binary-expr","locations":[{"start":{"line":52,"column":21},"end":{"line":52,"column":44}},{"start":{"line":52,"column":48},"end":{"line":52,"column":75}}],"line":52},"5":{"loc":{"start":{"line":54,"column":24},"end":{"line":54,"column":78}},"type":"binary-expr","locations":[{"start":{"line":54,"column":24},"end":{"line":54,"column":50}},{"start":{"line":54,"column":54},"end":{"line":54,"column":78}}],"line":54},"6":{"loc":{"start":{"line":55,"column":22},"end":{"line":55,"column":74}},"type":"binary-expr","locations":[{"start":{"line":55,"column":22},"end":{"line":55,"column":47}},{"start":{"line":55,"column":52},"end":{"line":55,"column":74}}],"line":55},"7":{"loc":{"start":{"line":69,"column":4},"end":{"line":82,"column":5}},"type":"if","locations":[{"start":{"line":69,"column":4},"end":{"line":82,"column":5}},{"start":{},"end":{}}],"line":69},"8":{"loc":{"start":{"line":90,"column":2},"end":{"line":102,"column":3}},"type":"if","locations":[{"start":{"line":90,"column":2},"end":{"line":102,"column":3}},{"start":{"line":92,"column":9},"end":{"line":102,"column":3}}],"line":90},"9":{"loc":{"start":{"line":90,"column":6},"end":{"line":90,"column":59}},"type":"binary-expr","locations":[{"start":{"line":90,"column":6},"end":{"line":90,"column":28}},{"start":{"line":90,"column":32},"end":{"line":90,"column":59}}],"line":90},"10":{"loc":{"start":{"line":92,"column":9},"end":{"line":102,"column":3}},"type":"if","locations":[{"start":{"line":92,"column":9},"end":{"line":102,"column":3}},{"start":{"line":94,"column":9},"end":{"line":102,"column":3}}],"line":92},"11":{"loc":{"start":{"line":92,"column":13},"end":{"line":92,"column":73}},"type":"binary-expr","locations":[{"start":{"line":92,"column":13},"end":{"line":92,"column":35}},{"start":{"line":92,"column":39},"end":{"line":92,"column":73}}],"line":92},"12":{"loc":{"start":{"line":94,"column":9},"end":{"line":102,"column":3}},"type":"if","locations":[{"start":{"line":94,"column":9},"end":{"line":102,"column":3}},{"start":{"line":96,"column":9},"end":{"line":102,"column":3}}],"line":94},"13":{"loc":{"start":{"line":96,"column":9},"end":{"line":102,"column":3}},"type":"if","locations":[{"start":{"line":96,"column":9},"end":{"line":102,"column":3}},{"start":{"line":98,"column":9},"end":{"line":102,"column":3}}],"line":96},"14":{"loc":{"start":{"line":98,"column":9},"end":{"line":102,"column":3}},"type":"if","locations":[{"start":{"line":98,"column":9},"end":{"line":102,"column":3}},{"start":{"line":100,"column":9},"end":{"line":102,"column":3}}],"line":98},"15":{"loc":{"start":{"line":108,"column":19},"end":{"line":108,"column":42}},"type":"binary-expr","locations":[{"start":{"line":108,"column":19},"end":{"line":108,"column":36}},{"start":{"line":108,"column":40},"end":{"line":108,"column":42}}],"line":108},"16":{"loc":{"start":{"line":112,"column":4},"end":{"line":114,"column":5}},"type":"if","locations":[{"start":{"line":112,"column":4},"end":{"line":114,"column":5}},{"start":{},"end":{}}],"line":112},"17":{"loc":{"start":{"line":115,"column":4},"end":{"line":117,"column":5}},"type":"if","locations":[{"start":{"line":115,"column":4},"end":{"line":117,"column":5}},{"start":{},"end":{}}],"line":115},"18":{"loc":{"start":{"line":118,"column":4},"end":{"line":120,"column":5}},"type":"if","locations":[{"start":{"line":118,"column":4},"end":{"line":120,"column":5}},{"start":{},"end":{}}],"line":118},"19":{"loc":{"start":{"line":121,"column":4},"end":{"line":123,"column":5}},"type":"if","locations":[{"start":{"line":121,"column":4},"end":{"line":123,"column":5}},{"start":{},"end":{}}],"line":121},"20":{"loc":{"start":{"line":129,"column":4},"end":{"line":139,"column":5}},"type":"if","locations":[{"start":{"line":129,"column":4},"end":{"line":139,"column":5}},{"start":{"line":134,"column":11},"end":{"line":139,"column":5}}],"line":129},"21":{"loc":{"start":{"line":129,"column":8},"end":{"line":129,"column":64}},"type":"binary-expr","locations":[{"start":{"line":129,"column":8},"end":{"line":129,"column":41}},{"start":{"line":129,"column":45},"end":{"line":129,"column":64}}],"line":129},"22":{"loc":{"start":{"line":131,"column":6},"end":{"line":133,"column":7}},"type":"if","locations":[{"start":{"line":131,"column":6},"end":{"line":133,"column":7}},{"start":{},"end":{}}],"line":131},"23":{"loc":{"start":{"line":134,"column":11},"end":{"line":139,"column":5}},"type":"if","locations":[{"start":{"line":134,"column":11},"end":{"line":139,"column":5}},{"start":{},"end":{}}],"line":134},"24":{"loc":{"start":{"line":134,"column":15},"end":{"line":134,"column":71}},"type":"binary-expr","locations":[{"start":{"line":134,"column":15},"end":{"line":134,"column":48}},{"start":{"line":134,"column":52},"end":{"line":134,"column":71}}],"line":134},"25":{"loc":{"start":{"line":136,"column":6},"end":{"line":138,"column":7}},"type":"if","locations":[{"start":{"line":136,"column":6},"end":{"line":138,"column":7}},{"start":{},"end":{}}],"line":136},"26":{"loc":{"start":{"line":137,"column":47},"end":{"line":137,"column":73}},"type":"binary-expr","locations":[{"start":{"line":137,"column":47},"end":{"line":137,"column":63}},{"start":{"line":137,"column":67},"end":{"line":137,"column":73}}],"line":137},"27":{"loc":{"start":{"line":148,"column":14},"end":{"line":148,"column":59}},"type":"binary-expr","locations":[{"start":{"line":148,"column":14},"end":{"line":148,"column":28}},{"start":{"line":148,"column":32},"end":{"line":148,"column":59}}],"line":148},"28":{"loc":{"start":{"line":156,"column":25},"end":{"line":156,"column":93}},"type":"binary-expr","locations":[{"start":{"line":156,"column":25},"end":{"line":156,"column":41}},{"start":{"line":156,"column":45},"end":{"line":156,"column":60}},{"start":{"line":156,"column":64},"end":{"line":156,"column":80}},{"start":{"line":156,"column":84},"end":{"line":156,"column":93}}],"line":156},"29":{"loc":{"start":{"line":157,"column":21},"end":{"line":157,"column":69}},"type":"binary-expr","locations":[{"start":{"line":157,"column":21},"end":{"line":157,"column":40}},{"start":{"line":157,"column":44},"end":{"line":157,"column":63}},{"start":{"line":157,"column":67},"end":{"line":157,"column":69}}],"line":157},"30":{"loc":{"start":{"line":160,"column":20},"end":{"line":160,"column":82}},"type":"binary-expr","locations":[{"start":{"line":160,"column":20},"end":{"line":160,"column":39}},{"start":{"line":160,"column":43},"end":{"line":160,"column":76}},{"start":{"line":160,"column":80},"end":{"line":160,"column":82}}],"line":160},"31":{"loc":{"start":{"line":161,"column":19},"end":{"line":161,"column":47}},"type":"binary-expr","locations":[{"start":{"line":161,"column":19},"end":{"line":161,"column":41}},{"start":{"line":161,"column":45},"end":{"line":161,"column":47}}],"line":161},"32":{"loc":{"start":{"line":162,"column":13},"end":{"line":162,"column":41}},"type":"binary-expr","locations":[{"start":{"line":162,"column":13},"end":{"line":162,"column":28}},{"start":{"line":162,"column":32},"end":{"line":162,"column":41}}],"line":162},"33":{"loc":{"start":{"line":175,"column":2},"end":{"line":196,"column":3}},"type":"if","locations":[{"start":{"line":175,"column":2},"end":{"line":196,"column":3}},{"start":{},"end":{}}],"line":175},"34":{"loc":{"start":{"line":199,"column":2},"end":{"line":339,"column":3}},"type":"if","locations":[{"start":{"line":199,"column":2},"end":{"line":339,"column":3}},{"start":{},"end":{}}],"line":199},"35":{"loc":{"start":{"line":199,"column":6},"end":{"line":199,"column":44}},"type":"binary-expr","locations":[{"start":{"line":199,"column":6},"end":{"line":199,"column":31}},{"start":{"line":199,"column":35},"end":{"line":199,"column":44}}],"line":199},"36":{"loc":{"start":{"line":218,"column":6},"end":{"line":220,"column":7}},"type":"if","locations":[{"start":{"line":218,"column":6},"end":{"line":220,"column":7}},{"start":{},"end":{}}],"line":218},"37":{"loc":{"start":{"line":221,"column":6},"end":{"line":223,"column":7}},"type":"if","locations":[{"start":{"line":221,"column":6},"end":{"line":223,"column":7}},{"start":{},"end":{}}],"line":221},"38":{"loc":{"start":{"line":229,"column":19},"end":{"line":229,"column":55}},"type":"binary-expr","locations":[{"start":{"line":229,"column":19},"end":{"line":229,"column":42}},{"start":{"line":229,"column":46},"end":{"line":229,"column":55}}],"line":229},"39":{"loc":{"start":{"line":230,"column":21},"end":{"line":230,"column":59}},"type":"binary-expr","locations":[{"start":{"line":230,"column":21},"end":{"line":230,"column":46}},{"start":{"line":230,"column":50},"end":{"line":230,"column":59}}],"line":230},"40":{"loc":{"start":{"line":231,"column":18},"end":{"line":231,"column":52}},"type":"binary-expr","locations":[{"start":{"line":231,"column":18},"end":{"line":231,"column":40}},{"start":{"line":231,"column":44},"end":{"line":231,"column":52}}],"line":231},"41":{"loc":{"start":{"line":232,"column":15},"end":{"line":232,"column":42}},"type":"binary-expr","locations":[{"start":{"line":232,"column":15},"end":{"line":232,"column":34}},{"start":{"line":232,"column":38},"end":{"line":232,"column":42}}],"line":232},"42":{"loc":{"start":{"line":241,"column":6},"end":{"line":287,"column":7}},"type":"if","locations":[{"start":{"line":241,"column":6},"end":{"line":287,"column":7}},{"start":{"line":283,"column":13},"end":{"line":287,"column":7}}],"line":241},"43":{"loc":{"start":{"line":248,"column":60},"end":{"line":248,"column":108}},"type":"cond-expr","locations":[{"start":{"line":248,"column":98},"end":{"line":248,"column":103}},{"start":{"line":248,"column":106},"end":{"line":248,"column":108}}],"line":248},"44":{"loc":{"start":{"line":342,"column":2},"end":{"line":461,"column":3}},"type":"if","locations":[{"start":{"line":342,"column":2},"end":{"line":461,"column":3}},{"start":{},"end":{}}],"line":342},"45":{"loc":{"start":{"line":342,"column":6},"end":{"line":342,"column":45}},"type":"binary-expr","locations":[{"start":{"line":342,"column":6},"end":{"line":342,"column":32}},{"start":{"line":342,"column":36},"end":{"line":342,"column":45}}],"line":342},"46":{"loc":{"start":{"line":345,"column":4},"end":{"line":366,"column":5}},"type":"if","locations":[{"start":{"line":345,"column":4},"end":{"line":366,"column":5}},{"start":{},"end":{}}],"line":345},"47":{"loc":{"start":{"line":380,"column":61},"end":{"line":380,"column":110}},"type":"cond-expr","locations":[{"start":{"line":380,"column":100},"end":{"line":380,"column":105}},{"start":{"line":380,"column":108},"end":{"line":380,"column":110}}],"line":380},"48":{"loc":{"start":{"line":382,"column":15},"end":{"line":382,"column":79}},"type":"binary-expr","locations":[{"start":{"line":382,"column":15},"end":{"line":382,"column":35}},{"start":{"line":382,"column":39},"end":{"line":382,"column":79}}],"line":382},"49":{"loc":{"start":{"line":415,"column":12},"end":{"line":415,"column":76}},"type":"binary-expr","locations":[{"start":{"line":415,"column":12},"end":{"line":415,"column":32}},{"start":{"line":415,"column":36},"end":{"line":415,"column":76}}],"line":415},"50":{"loc":{"start":{"line":428,"column":4},"end":{"line":438,"column":5}},"type":"if","locations":[{"start":{"line":428,"column":4},"end":{"line":438,"column":5}},{"start":{},"end":{}}],"line":428},"51":{"loc":{"start":{"line":435,"column":15},"end":{"line":435,"column":79}},"type":"binary-expr","locations":[{"start":{"line":435,"column":15},"end":{"line":435,"column":35}},{"start":{"line":435,"column":39},"end":{"line":435,"column":79}}],"line":435},"52":{"loc":{"start":{"line":464,"column":2},"end":{"line":481,"column":3}},"type":"if","locations":[{"start":{"line":464,"column":2},"end":{"line":481,"column":3}},{"start":{},"end":{}}],"line":464},"53":{"loc":{"start":{"line":489,"column":2},"end":{"line":498,"column":3}},"type":"if","locations":[{"start":{"line":489,"column":2},"end":{"line":498,"column":3}},{"start":{"line":492,"column":9},"end":{"line":498,"column":3}}],"line":489},"54":{"loc":{"start":{"line":492,"column":9},"end":{"line":498,"column":3}},"type":"if","locations":[{"start":{"line":492,"column":9},"end":{"line":498,"column":3}},{"start":{"line":495,"column":9},"end":{"line":498,"column":3}}],"line":492},"55":{"loc":{"start":{"line":492,"column":13},"end":{"line":492,"column":51}},"type":"binary-expr","locations":[{"start":{"line":492,"column":13},"end":{"line":492,"column":38}},{"start":{"line":492,"column":42},"end":{"line":492,"column":51}}],"line":492},"56":{"loc":{"start":{"line":509,"column":16},"end":{"line":509,"column":81}},"type":"cond-expr","locations":[{"start":{"line":509,"column":45},"end":{"line":509,"column":62}},{"start":{"line":509,"column":65},"end":{"line":509,"column":81}}],"line":509},"57":{"loc":{"start":{"line":531,"column":4},"end":{"line":603,"column":5}},"type":"switch","locations":[{"start":{"line":532,"column":6},"end":{"line":581,"column":14}},{"start":{"line":583,"column":6},"end":{"line":590,"column":14}},{"start":{"line":592,"column":6},"end":{"line":599,"column":14}},{"start":{"line":601,"column":6},"end":{"line":602,"column":89}}],"line":531},"58":{"loc":{"start":{"line":534,"column":25},"end":{"line":534,"column":75}},"type":"binary-expr","locations":[{"start":{"line":534,"column":25},"end":{"line":534,"column":41}},{"start":{"line":534,"column":45},"end":{"line":534,"column":75}}],"line":534},"59":{"loc":{"start":{"line":535,"column":24},"end":{"line":535,"column":72}},"type":"binary-expr","locations":[{"start":{"line":535,"column":24},"end":{"line":535,"column":39}},{"start":{"line":535,"column":43},"end":{"line":535,"column":72}}],"line":535},"60":{"loc":{"start":{"line":536,"column":25},"end":{"line":536,"column":75}},"type":"binary-expr","locations":[{"start":{"line":536,"column":25},"end":{"line":536,"column":41}},{"start":{"line":536,"column":45},"end":{"line":536,"column":75}}],"line":536},"61":{"loc":{"start":{"line":540,"column":8},"end":{"line":580,"column":9}},"type":"if","locations":[{"start":{"line":540,"column":8},"end":{"line":580,"column":9}},{"start":{"line":577,"column":15},"end":{"line":580,"column":9}}],"line":540},"62":{"loc":{"start":{"line":540,"column":12},"end":{"line":540,"column":43}},"type":"binary-expr","locations":[{"start":{"line":540,"column":12},"end":{"line":540,"column":20}},{"start":{"line":540,"column":24},"end":{"line":540,"column":32}},{"start":{"line":540,"column":36},"end":{"line":540,"column":43}}],"line":540},"63":{"loc":{"start":{"line":541,"column":27},"end":{"line":541,"column":58}},"type":"binary-expr","locations":[{"start":{"line":541,"column":27},"end":{"line":541,"column":35}},{"start":{"line":541,"column":39},"end":{"line":541,"column":46}},{"start":{"line":541,"column":50},"end":{"line":541,"column":58}}],"line":541},"64":{"loc":{"start":{"line":546,"column":24},"end":{"line":549,"column":42}},"type":"binary-expr","locations":[{"start":{"line":546,"column":24},"end":{"line":546,"column":56}},{"start":{"line":547,"column":24},"end":{"line":547,"column":46}},{"start":{"line":548,"column":24},"end":{"line":548,"column":53}},{"start":{"line":549,"column":24},"end":{"line":549,"column":42}}],"line":546},"65":{"loc":{"start":{"line":559,"column":10},"end":{"line":570,"column":11}},"type":"if","locations":[{"start":{"line":559,"column":10},"end":{"line":570,"column":11}},{"start":{},"end":{}}],"line":559},"66":{"loc":{"start":{"line":559,"column":14},"end":{"line":559,"column":47}},"type":"binary-expr","locations":[{"start":{"line":559,"column":14},"end":{"line":559,"column":22}},{"start":{"line":559,"column":26},"end":{"line":559,"column":47}}],"line":559},"67":{"loc":{"start":{"line":563,"column":12},"end":{"line":569,"column":13}},"type":"if","locations":[{"start":{"line":563,"column":12},"end":{"line":569,"column":13}},{"start":{"line":565,"column":19},"end":{"line":569,"column":13}}],"line":563},"68":{"loc":{"start":{"line":565,"column":19},"end":{"line":569,"column":13}},"type":"if","locations":[{"start":{"line":565,"column":19},"end":{"line":569,"column":13}},{"start":{"line":567,"column":19},"end":{"line":569,"column":13}}],"line":565},"69":{"loc":{"start":{"line":572,"column":25},"end":{"line":572,"column":79}},"type":"binary-expr","locations":[{"start":{"line":572,"column":25},"end":{"line":572,"column":43}},{"start":{"line":572,"column":47},"end":{"line":572,"column":79}}],"line":572},"70":{"loc":{"start":{"line":574,"column":85},"end":{"line":574,"column":117}},"type":"cond-expr","locations":[{"start":{"line":574,"column":107},"end":{"line":574,"column":112}},{"start":{"line":574,"column":115},"end":{"line":574,"column":117}}],"line":574},"71":{"loc":{"start":{"line":584,"column":8},"end":{"line":589,"column":9}},"type":"if","locations":[{"start":{"line":584,"column":8},"end":{"line":589,"column":9}},{"start":{},"end":{}}],"line":584},"72":{"loc":{"start":{"line":584,"column":12},"end":{"line":584,"column":73}},"type":"binary-expr","locations":[{"start":{"line":584,"column":13},"end":{"line":584,"column":29}},{"start":{"line":584,"column":33},"end":{"line":584,"column":49}},{"start":{"line":584,"column":54},"end":{"line":584,"column":73}}],"line":584},"73":{"loc":{"start":{"line":585,"column":27},"end":{"line":585,"column":63}},"type":"binary-expr","locations":[{"start":{"line":585,"column":27},"end":{"line":585,"column":43}},{"start":{"line":585,"column":47},"end":{"line":585,"column":63}}],"line":585},"74":{"loc":{"start":{"line":586,"column":25},"end":{"line":586,"column":79}},"type":"binary-expr","locations":[{"start":{"line":586,"column":25},"end":{"line":586,"column":43}},{"start":{"line":586,"column":47},"end":{"line":586,"column":79}}],"line":586},"75":{"loc":{"start":{"line":593,"column":8},"end":{"line":598,"column":9}},"type":"if","locations":[{"start":{"line":593,"column":8},"end":{"line":598,"column":9}},{"start":{},"end":{}}],"line":593},"76":{"loc":{"start":{"line":594,"column":28},"end":{"line":594,"column":114}},"type":"binary-expr","locations":[{"start":{"line":594,"column":28},"end":{"line":594,"column":60}},{"start":{"line":594,"column":64},"end":{"line":594,"column":84}},{"start":{"line":594,"column":88},"end":{"line":594,"column":114}}],"line":594},"77":{"loc":{"start":{"line":595,"column":25},"end":{"line":595,"column":79}},"type":"binary-expr","locations":[{"start":{"line":595,"column":25},"end":{"line":595,"column":43}},{"start":{"line":595,"column":47},"end":{"line":595,"column":79}}],"line":595},"78":{"loc":{"start":{"line":616,"column":8},"end":{"line":618,"column":9}},"type":"if","locations":[{"start":{"line":616,"column":8},"end":{"line":618,"column":9}},{"start":{},"end":{}}],"line":616},"79":{"loc":{"start":{"line":616,"column":12},"end":{"line":616,"column":40}},"type":"binary-expr","locations":[{"start":{"line":616,"column":12},"end":{"line":616,"column":17}},{"start":{"line":616,"column":21},"end":{"line":616,"column":40}}],"line":616},"80":{"loc":{"start":{"line":622,"column":4},"end":{"line":626,"column":5}},"type":"if","locations":[{"start":{"line":622,"column":4},"end":{"line":626,"column":5}},{"start":{"line":624,"column":11},"end":{"line":626,"column":5}}],"line":622},"81":{"loc":{"start":{"line":624,"column":11},"end":{"line":626,"column":5}},"type":"if","locations":[{"start":{"line":624,"column":11},"end":{"line":626,"column":5}},{"start":{},"end":{}}],"line":624},"82":{"loc":{"start":{"line":637,"column":23},"end":{"line":637,"column":56}},"type":"binary-expr","locations":[{"start":{"line":637,"column":23},"end":{"line":637,"column":47}},{"start":{"line":637,"column":51},"end":{"line":637,"column":56}}],"line":637},"83":{"loc":{"start":{"line":651,"column":4},"end":{"line":651,"column":80}},"type":"if","locations":[{"start":{"line":651,"column":4},"end":{"line":651,"column":80}},{"start":{},"end":{}}],"line":651},"84":{"loc":{"start":{"line":651,"column":8},"end":{"line":651,"column":45}},"type":"binary-expr","locations":[{"start":{"line":651,"column":8},"end":{"line":651,"column":18}},{"start":{"line":651,"column":22},"end":{"line":651,"column":45}}],"line":651},"85":{"loc":{"start":{"line":652,"column":4},"end":{"line":652,"column":85}},"type":"if","locations":[{"start":{"line":652,"column":4},"end":{"line":652,"column":85}},{"start":{},"end":{}}],"line":652},"86":{"loc":{"start":{"line":652,"column":8},"end":{"line":652,"column":49}},"type":"binary-expr","locations":[{"start":{"line":652,"column":8},"end":{"line":652,"column":20}},{"start":{"line":652,"column":24},"end":{"line":652,"column":49}}],"line":652},"87":{"loc":{"start":{"line":653,"column":4},"end":{"line":653,"column":76}},"type":"if","locations":[{"start":{"line":653,"column":4},"end":{"line":653,"column":76}},{"start":{},"end":{}}],"line":653},"88":{"loc":{"start":{"line":653,"column":8},"end":{"line":653,"column":43}},"type":"binary-expr","locations":[{"start":{"line":653,"column":8},"end":{"line":653,"column":17}},{"start":{"line":653,"column":21},"end":{"line":653,"column":43}}],"line":653},"89":{"loc":{"start":{"line":654,"column":4},"end":{"line":654,"column":67}},"type":"if","locations":[{"start":{"line":654,"column":4},"end":{"line":654,"column":67}},{"start":{},"end":{}}],"line":654},"90":{"loc":{"start":{"line":654,"column":8},"end":{"line":654,"column":37}},"type":"binary-expr","locations":[{"start":{"line":654,"column":8},"end":{"line":654,"column":14}},{"start":{"line":654,"column":18},"end":{"line":654,"column":37}}],"line":654},"91":{"loc":{"start":{"line":656,"column":4},"end":{"line":669,"column":5}},"type":"if","locations":[{"start":{"line":656,"column":4},"end":{"line":669,"column":5}},{"start":{},"end":{}}],"line":656},"92":{"loc":{"start":{"line":692,"column":8},"end":{"line":694,"column":9}},"type":"if","locations":[{"start":{"line":692,"column":8},"end":{"line":694,"column":9}},{"start":{},"end":{}}],"line":692},"93":{"loc":{"start":{"line":777,"column":25},"end":{"line":777,"column":93}},"type":"binary-expr","locations":[{"start":{"line":777,"column":25},"end":{"line":777,"column":41}},{"start":{"line":777,"column":45},"end":{"line":777,"column":60}},{"start":{"line":777,"column":64},"end":{"line":777,"column":80}},{"start":{"line":777,"column":84},"end":{"line":777,"column":93}}],"line":777},"94":{"loc":{"start":{"line":789,"column":4},"end":{"line":795,"column":5}},"type":"if","locations":[{"start":{"line":789,"column":4},"end":{"line":795,"column":5}},{"start":{"line":793,"column":11},"end":{"line":795,"column":5}}],"line":789},"95":{"loc":{"start":{"line":789,"column":8},"end":{"line":789,"column":51}},"type":"binary-expr","locations":[{"start":{"line":789,"column":8},"end":{"line":789,"column":22}},{"start":{"line":789,"column":26},"end":{"line":789,"column":51}}],"line":789},"96":{"loc":{"start":{"line":804,"column":11},"end":{"line":807,"column":5}},"type":"binary-expr","locations":[{"start":{"line":804,"column":11},"end":{"line":804,"column":25}},{"start":{"line":805,"column":6},"end":{"line":805,"column":37}},{"start":{"line":806,"column":6},"end":{"line":806,"column":41}}],"line":804},"97":{"loc":{"start":{"line":810,"column":2},"end":{"line":813,"column":3}},"type":"if","locations":[{"start":{"line":810,"column":2},"end":{"line":813,"column":3}},{"start":{},"end":{}}],"line":810},"98":{"loc":{"start":{"line":824,"column":4},"end":{"line":827,"column":5}},"type":"if","locations":[{"start":{"line":824,"column":4},"end":{"line":827,"column":5}},{"start":{},"end":{}}],"line":824},"99":{"loc":{"start":{"line":824,"column":8},"end":{"line":824,"column":79}},"type":"binary-expr","locations":[{"start":{"line":824,"column":8},"end":{"line":824,"column":32}},{"start":{"line":824,"column":36},"end":{"line":824,"column":79}}],"line":824},"100":{"loc":{"start":{"line":831,"column":6},"end":{"line":878,"column":7}},"type":"if","locations":[{"start":{"line":831,"column":6},"end":{"line":878,"column":7}},{"start":{"line":876,"column":13},"end":{"line":878,"column":7}}],"line":831},"101":{"loc":{"start":{"line":848,"column":41},"end":{"line":848,"column":79}},"type":"cond-expr","locations":[{"start":{"line":848,"column":67},"end":{"line":848,"column":72}},{"start":{"line":848,"column":75},"end":{"line":848,"column":79}}],"line":848},"102":{"loc":{"start":{"line":849,"column":38},"end":{"line":849,"column":73}},"type":"cond-expr","locations":[{"start":{"line":849,"column":61},"end":{"line":849,"column":66}},{"start":{"line":849,"column":69},"end":{"line":849,"column":73}}],"line":849},"103":{"loc":{"start":{"line":852,"column":8},"end":{"line":856,"column":9}},"type":"if","locations":[{"start":{"line":852,"column":8},"end":{"line":856,"column":9}},{"start":{},"end":{}}],"line":852},"104":{"loc":{"start":{"line":852,"column":12},"end":{"line":852,"column":53}},"type":"binary-expr","locations":[{"start":{"line":852,"column":12},"end":{"line":852,"column":25}},{"start":{"line":852,"column":29},"end":{"line":852,"column":53}}],"line":852},"105":{"loc":{"start":{"line":854,"column":24},"end":{"line":854,"column":41}},"type":"binary-expr","locations":[{"start":{"line":854,"column":24},"end":{"line":854,"column":35}},{"start":{"line":854,"column":39},"end":{"line":854,"column":41}}],"line":854},"106":{"loc":{"start":{"line":859,"column":8},"end":{"line":875,"column":9}},"type":"if","locations":[{"start":{"line":859,"column":8},"end":{"line":875,"column":9}},{"start":{},"end":{}}],"line":859},"107":{"loc":{"start":{"line":859,"column":12},"end":{"line":859,"column":55}},"type":"binary-expr","locations":[{"start":{"line":859,"column":12},"end":{"line":859,"column":37}},{"start":{"line":859,"column":41},"end":{"line":859,"column":55}}],"line":859},"108":{"loc":{"start":{"line":908,"column":4},"end":{"line":908,"column":36}},"type":"if","locations":[{"start":{"line":908,"column":4},"end":{"line":908,"column":36}},{"start":{},"end":{}}],"line":908},"109":{"loc":{"start":{"line":912,"column":4},"end":{"line":918,"column":5}},"type":"if","locations":[{"start":{"line":912,"column":4},"end":{"line":918,"column":5}},{"start":{},"end":{}}],"line":912},"110":{"loc":{"start":{"line":932,"column":4},"end":{"line":934,"column":5}},"type":"if","locations":[{"start":{"line":932,"column":4},"end":{"line":934,"column":5}},{"start":{},"end":{}}],"line":932},"111":{"loc":{"start":{"line":932,"column":8},"end":{"line":932,"column":63}},"type":"binary-expr","locations":[{"start":{"line":932,"column":8},"end":{"line":932,"column":26}},{"start":{"line":932,"column":30},"end":{"line":932,"column":63}}],"line":932},"112":{"loc":{"start":{"line":939,"column":29},"end":{"line":939,"column":78}},"type":"binary-expr","locations":[{"start":{"line":939,"column":29},"end":{"line":939,"column":44}},{"start":{"line":939,"column":48},"end":{"line":939,"column":78}}],"line":939},"113":{"loc":{"start":{"line":942,"column":29},"end":{"line":942,"column":74}},"type":"binary-expr","locations":[{"start":{"line":942,"column":29},"end":{"line":942,"column":42}},{"start":{"line":942,"column":46},"end":{"line":942,"column":74}}],"line":942},"114":{"loc":{"start":{"line":944,"column":4},"end":{"line":946,"column":5}},"type":"if","locations":[{"start":{"line":944,"column":4},"end":{"line":946,"column":5}},{"start":{},"end":{}}],"line":944},"115":{"loc":{"start":{"line":944,"column":8},"end":{"line":944,"column":46}},"type":"binary-expr","locations":[{"start":{"line":944,"column":8},"end":{"line":944,"column":25}},{"start":{"line":944,"column":29},"end":{"line":944,"column":46}}],"line":944},"116":{"loc":{"start":{"line":964,"column":4},"end":{"line":968,"column":5}},"type":"if","locations":[{"start":{"line":964,"column":4},"end":{"line":968,"column":5}},{"start":{},"end":{}}],"line":964},"117":{"loc":{"start":{"line":975,"column":4},"end":{"line":1022,"column":5}},"type":"if","locations":[{"start":{"line":975,"column":4},"end":{"line":1022,"column":5}},{"start":{},"end":{}}],"line":975},"118":{"loc":{"start":{"line":983,"column":8},"end":{"line":987,"column":9}},"type":"if","locations":[{"start":{"line":983,"column":8},"end":{"line":987,"column":9}},{"start":{},"end":{}}],"line":983},"119":{"loc":{"start":{"line":983,"column":12},"end":{"line":983,"column":68}},"type":"binary-expr","locations":[{"start":{"line":983,"column":12},"end":{"line":983,"column":34}},{"start":{"line":983,"column":38},"end":{"line":983,"column":68}}],"line":983},"120":{"loc":{"start":{"line":990,"column":8},"end":{"line":994,"column":9}},"type":"if","locations":[{"start":{"line":990,"column":8},"end":{"line":994,"column":9}},{"start":{},"end":{}}],"line":990},"121":{"loc":{"start":{"line":1000,"column":12},"end":{"line":1012,"column":13}},"type":"if","locations":[{"start":{"line":1000,"column":12},"end":{"line":1012,"column":13}},{"start":{},"end":{}}],"line":1000},"122":{"loc":{"start":{"line":1003,"column":14},"end":{"line":1011,"column":15}},"type":"if","locations":[{"start":{"line":1003,"column":14},"end":{"line":1011,"column":15}},{"start":{},"end":{}}],"line":1003},"123":{"loc":{"start":{"line":1025,"column":4},"end":{"line":1059,"column":5}},"type":"if","locations":[{"start":{"line":1025,"column":4},"end":{"line":1059,"column":5}},{"start":{},"end":{}}],"line":1025},"124":{"loc":{"start":{"line":1031,"column":8},"end":{"line":1057,"column":9}},"type":"if","locations":[{"start":{"line":1031,"column":8},"end":{"line":1057,"column":9}},{"start":{},"end":{}}],"line":1031},"125":{"loc":{"start":{"line":1036,"column":14},"end":{"line":1048,"column":15}},"type":"if","locations":[{"start":{"line":1036,"column":14},"end":{"line":1048,"column":15}},{"start":{},"end":{}}],"line":1036},"126":{"loc":{"start":{"line":1039,"column":16},"end":{"line":1047,"column":17}},"type":"if","locations":[{"start":{"line":1039,"column":16},"end":{"line":1047,"column":17}},{"start":{},"end":{}}],"line":1039},"127":{"loc":{"start":{"line":1067,"column":19},"end":{"line":1067,"column":59}},"type":"cond-expr","locations":[{"start":{"line":1067,"column":38},"end":{"line":1067,"column":47}},{"start":{"line":1067,"column":50},"end":{"line":1067,"column":59}}],"line":1067},"128":{"loc":{"start":{"line":1086,"column":23},"end":{"line":1086,"column":80}},"type":"binary-expr","locations":[{"start":{"line":1086,"column":23},"end":{"line":1086,"column":57}},{"start":{"line":1086,"column":61},"end":{"line":1086,"column":80}}],"line":1086},"129":{"loc":{"start":{"line":1088,"column":2},"end":{"line":1094,"column":3}},"type":"if","locations":[{"start":{"line":1088,"column":2},"end":{"line":1094,"column":3}},{"start":{"line":1091,"column":9},"end":{"line":1094,"column":3}}],"line":1088},"130":{"loc":{"start":{"line":1088,"column":6},"end":{"line":1088,"column":52}},"type":"binary-expr","locations":[{"start":{"line":1088,"column":6},"end":{"line":1088,"column":26}},{"start":{"line":1088,"column":30},"end":{"line":1088,"column":52}}],"line":1088},"131":{"loc":{"start":{"line":1107,"column":4},"end":{"line":1109,"column":5}},"type":"if","locations":[{"start":{"line":1107,"column":4},"end":{"line":1109,"column":5}},{"start":{},"end":{}}],"line":1107},"132":{"loc":{"start":{"line":1107,"column":8},"end":{"line":1107,"column":33}},"type":"binary-expr","locations":[{"start":{"line":1107,"column":8},"end":{"line":1107,"column":17}},{"start":{"line":1107,"column":21},"end":{"line":1107,"column":33}}],"line":1107},"133":{"loc":{"start":{"line":1119,"column":4},"end":{"line":1124,"column":5}},"type":"if","locations":[{"start":{"line":1119,"column":4},"end":{"line":1124,"column":5}},{"start":{},"end":{}}],"line":1119},"134":{"loc":{"start":{"line":1146,"column":4},"end":{"line":1148,"column":5}},"type":"if","locations":[{"start":{"line":1146,"column":4},"end":{"line":1148,"column":5}},{"start":{},"end":{}}],"line":1146},"135":{"loc":{"start":{"line":1146,"column":8},"end":{"line":1146,"column":33}},"type":
[...]
mn":4},"end":{"line":688,"column":26}},"257":{"start":{"line":690,"column":4},"end":{"line":690,"column":62}},"258":{"start":{"line":691,"column":4},"end":{"line":691,"column":14}},"259":{"start":{"line":698,"column":0},"end":{"line":709,"column":2}}},"fnMap":{"0":{"name":"(anonymous_0)","decl":{"start":{"line":9,"column":25},"end":{"line":9,"column":26}},"loc":{"start":{"line":9,"column":43},"end":{"line":46,"column":1}},"line":9},"1":{"name":"(anonymous_1)","decl":{"start":{"line":48,"column":27},"end":{"line":48,"column":28}},"loc":{"start":{"line":48,"column":45},"end":{"line":100,"column":1}},"line":48},"2":{"name":"(anonymous_2)","decl":{"start":{"line":102,"column":28},"end":{"line":102,"column":29}},"loc":{"start":{"line":102,"column":70},"end":{"line":175,"column":1}},"line":102},"3":{"name":"(anonymous_3)","decl":{"start":{"line":178,"column":33},"end":{"line":178,"column":34}},"loc":{"start":{"line":178,"column":75},"end":{"line":284,"column":1}},"line":178},"4":{"name":"(anonymous_4)","decl":{"start":{"line":244,"column":26},"end":{"line":244,"column":27}},"loc":{"start":{"line":244,"column":37},"end":{"line":244,"column":62}},"line":244},"5":{"name":"(anonymous_5)","decl":{"start":{"line":287,"column":32},"end":{"line":287,"column":33}},"loc":{"start":{"line":287,"column":76},"end":{"line":394,"column":1}},"line":287},"6":{"name":"(anonymous_6)","decl":{"start":{"line":398,"column":20},"end":{"line":398,"column":21}},"loc":{"start":{"line":398,"column":64},"end":{"line":462,"column":1}},"line":398},"7":{"name":"(anonymous_7)","decl":{"start":{"line":464,"column":18},"end":{"line":464,"column":19}},"loc":{"start":{"line":464,"column":59},"end":{"line":534,"column":1}},"line":464},"8":{"name":"(anonymous_8)","decl":{"start":{"line":536,"column":29},"end":{"line":536,"column":30}},"loc":{"start":{"line":536,"column":49},"end":{"line":549,"column":1}},"line":536},"9":{"name":"(anonymous_9)","decl":{"start":{"line":551,"column":24},"end":{"line":551,"column":25}},"loc":{"start":{"line":551,"column":51},"end":{"line":596,"column":1}},"line":551},"10":{"name":"(anonymous_10)","decl":{"start":{"line":598,"column":23},"end":{"line":598,"column":24}},"loc":{"start":{"line":598,"column":65},"end":{"line":666,"column":1}},"line":598},"11":{"name":"(anonymous_11)","decl":{"start":{"line":668,"column":24},"end":{"line":668,"column":25}},"loc":{"start":{"line":668,"column":86},"end":{"line":693,"column":1}},"line":668}},"branchMap":{"0":{"loc":{"start":{"line":12,"column":4},"end":{"line":17,"column":5}},"type":"if","locations":[{"start":{"line":12,"column":4},"end":{"line":17,"column":5}},{"start":{},"end":{}}],"line":12},"1":{"loc":{"start":{"line":15,"column":25},"end":{"line":15,"column":82}},"type":"binary-expr","locations":[{"start":{"line":15,"column":25},"end":{"line":15,"column":51}},{"start":{"line":15,"column":55},"end":{"line":15,"column":82}}],"line":15},"2":{"loc":{"start":{"line":26,"column":4},"end":{"line":32,"column":5}},"type":"if","locations":[{"start":{"line":26,"column":4},"end":{"line":32,"column":5}},{"start":{},"end":{}}],"line":26},"3":{"loc":{"start":{"line":26,"column":8},"end":{"line":26,"column":94}},"type":"binary-expr","locations":[{"start":{"line":26,"column":8},"end":{"line":26,"column":29}},{"start":{"line":26,"column":34},"end":{"line":26,"column":59}},{"start":{"line":26,"column":63},"end":{"line":26,"column":93}}],"line":26},"4":{"loc":{"start":{"line":30,"column":25},"end":{"line":30,"column":82}},"type":"binary-expr","locations":[{"start":{"line":30,"column":25},"end":{"line":30,"column":51}},{"start":{"line":30,"column":55},"end":{"line":30,"column":82}}],"line":30},"5":{"loc":{"start":{"line":36,"column":23},"end":{"line":36,"column":80}},"type":"binary-expr","locations":[{"start":{"line":36,"column":23},"end":{"line":36,"column":52}},{"start":{"line":36,"column":56},"end":{"line":36,"column":80}}],"line":36},"6":{"loc":{"start":{"line":43,"column":23},"end":{"line":43,"column":80}},"type":"binary-expr","locations":[{"start":{"line":43,"column":23},"end":{"line":43,"column":49}},{"start":{"line":43,"column":53},"end":{"line":43,"column":80}}],"line":43},"7":{"loc":{"start":{"line":51,"column":2},"end":{"line":54,"column":3}},"type":"if","locations":[{"start":{"line":51,"column":2},"end":{"line":54,"column":3}},{"start":{},"end":{}}],"line":51},"8":{"loc":{"start":{"line":62,"column":4},"end":{"line":65,"column":5}},"type":"if","locations":[{"start":{"line":62,"column":4},"end":{"line":65,"column":5}},{"start":{},"end":{}}],"line":62},"9":{"loc":{"start":{"line":69,"column":4},"end":{"line":72,"column":5}},"type":"if","locations":[{"start":{"line":69,"column":4},"end":{"line":72,"column":5}},{"start":{},"end":{}}],"line":69},"10":{"loc":{"start":{"line":69,"column":8},"end":{"line":69,"column":54}},"type":"binary-expr","locations":[{"start":{"line":69,"column":8},"end":{"line":69,"column":23}},{"start":{"line":69,"column":27},"end":{"line":69,"column":54}}],"line":69},"11":{"loc":{"start":{"line":80,"column":4},"end":{"line":83,"column":5}},"type":"if","locations":[{"start":{"line":80,"column":4},"end":{"line":83,"column":5}},{"start":{},"end":{}}],"line":80},"12":{"loc":{"start":{"line":87,"column":4},"end":{"line":90,"column":5}},"type":"if","locations":[{"start":{"line":87,"column":4},"end":{"line":90,"column":5}},{"start":{},"end":{}}],"line":87},"13":{"loc":{"start":{"line":102,"column":45},"end":{"line":102,"column":57}},"type":"default-arg","locations":[{"start":{"line":102,"column":55},"end":{"line":102,"column":57}}],"line":102},"14":{"loc":{"start":{"line":106,"column":2},"end":{"line":109,"column":3}},"type":"if","locations":[{"start":{"line":106,"column":2},"end":{"line":109,"column":3}},{"start":{},"end":{}}],"line":106},"15":{"loc":{"start":{"line":111,"column":2},"end":{"line":114,"column":3}},"type":"if","locations":[{"start":{"line":111,"column":2},"end":{"line":114,"column":3}},{"start":{},"end":{}}],"line":111},"16":{"loc":{"start":{"line":137,"column":4},"end":{"line":140,"column":5}},"type":"if","locations":[{"start":{"line":137,"column":4},"end":{"line":140,"column":5}},{"start":{},"end":{}}],"line":137},"17":{"loc":{"start":{"line":138,"column":43},"end":{"line":138,"column":73}},"type":"binary-expr","locations":[{"start":{"line":138,"column":43},"end":{"line":138,"column":59}},{"start":{"line":138,"column":63},"end":{"line":138,"column":73}}],"line":138},"18":{"loc":{"start":{"line":162,"column":4},"end":{"line":165,"column":5}},"type":"if","locations":[{"start":{"line":162,"column":4},"end":{"line":165,"column":5}},{"start":{},"end":{}}],"line":162},"19":{"loc":{"start":{"line":163,"column":38},"end":{"line":163,"column":70}},"type":"binary-expr","locations":[{"start":{"line":163,"column":38},"end":{"line":163,"column":55}},{"start":{"line":163,"column":59},"end":{"line":163,"column":70}}],"line":163},"20":{"loc":{"start":{"line":178,"column":50},"end":{"line":178,"column":62}},"type":"default-arg","locations":[{"start":{"line":178,"column":60},"end":{"line":178,"column":62}}],"line":178},"21":{"loc":{"start":{"line":182,"column":2},"end":{"line":185,"column":3}},"type":"if","locations":[{"start":{"line":182,"column":2},"end":{"line":185,"column":3}},{"start":{},"end":{}}],"line":182},"22":{"loc":{"start":{"line":187,"column":2},"end":{"line":190,"column":3}},"type":"if","locations":[{"start":{"line":187,"column":2},"end":{"line":190,"column":3}},{"start":{},"end":{}}],"line":187},"23":{"loc":{"start":{"line":214,"column":4},"end":{"line":217,"column":5}},"type":"if","locations":[{"start":{"line":214,"column":4},"end":{"line":217,"column":5}},{"start":{},"end":{}}],"line":214},"24":{"loc":{"start":{"line":215,"column":49},"end":{"line":215,"column":79}},"type":"binary-expr","locations":[{"start":{"line":215,"column":49},"end":{"line":215,"column":65}},{"start":{"line":215,"column":69},"end":{"line":215,"column":79}}],"line":215},"25":{"loc":{"start":{"line":227,"column":11},"end":{"line":227,"column":45}},"type":"binary-expr","locations":[{"start":{"line":227,"column":11},"end":{"line":227,"column":19}},{"start":{"line":227,"column":23},"end":{"line":227,"column":45}}],"line":227},"26":{"loc":{"start":{"line":236,"column":6},"end":{"line":246,"column":7}},"type":"if","locations":[{"start":{"line":236,"column":6},"end":{"line":246,"column":7}},{"start":{"line":239,"column":13},"end":{"line":246,"column":7}}],"line":236},"27":{"loc":{"start":{"line":239,"column":13},"end":{"line":246,"column":7}},"type":"if","locations":[{"start":{"line":239,"column":13},"end":{"line":246,"column":7}},{"start":{"line":242,"column":13},"end":{"line":246,"column":7}}],"line":239},"28":{"loc":{"start":{"line":249,"column":4},"end":{"line":252,"column":5}},"type":"if","locations":[{"start":{"line":249,"column":4},"end":{"line":252,"column":5}},{"start":{},"end":{}}],"line":249},"29":{"loc":{"start":{"line":271,"column":4},"end":{"line":274,"column":5}},"type":"if","locations":[{"start":{"line":271,"column":4},"end":{"line":274,"column":5}},{"start":{},"end":{}}],"line":271},"30":{"loc":{"start":{"line":272,"column":44},"end":{"line":272,"column":76}},"type":"binary-expr","locations":[{"start":{"line":272,"column":44},"end":{"line":272,"column":61}},{"start":{"line":272,"column":65},"end":{"line":272,"column":76}}],"line":272},"31":{"loc":{"start":{"line":287,"column":51},"end":{"line":287,"column":63}},"type":"default-arg","locations":[{"start":{"line":287,"column":61},"end":{"line":287,"column":63}}],"line":287},"32":{"loc":{"start":{"line":291,"column":2},"end":{"line":294,"column":3}},"type":"if","locations":[{"start":{"line":291,"column":2},"end":{"line":294,"column":3}},{"start":{},"end":{}}],"line":291},"33":{"loc":{"start":{"line":296,"column":2},"end":{"line":299,"column":3}},"type":"if","locations":[{"start":{"line":296,"column":2},"end":{"line":299,"column":3}},{"start":{},"end":{}}],"line":296},"34":{"loc":{"start":{"line":296,"column":6},"end":{"line":296,"column":44}},"type":"binary-expr","locations":[{"start":{"line":296,"column":6},"end":{"line":296,"column":17}},{"start":{"line":296,"column":21},"end":{"line":296,"column":44}}],"line":296},"35":{"loc":{"start":{"line":319,"column":13},"end":{"line":319,"column":48}},"type":"cond-expr","locations":[{"start":{"line":319,"column":23},"end":{"line":319,"column":34}},{"start":{"line":319,"column":37},"end":{"line":319,"column":48}}],"line":319},"36":{"loc":{"start":{"line":328,"column":6},"end":{"line":331,"column":7}},"type":"if","locations":[{"start":{"line":328,"column":6},"end":{"line":331,"column":7}},{"start":{},"end":{}}],"line":328},"37":{"loc":{"start":{"line":329,"column":62},"end":{"line":329,"column":92}},"type":"binary-expr","locations":[{"start":{"line":329,"column":62},"end":{"line":329,"column":78}},{"start":{"line":329,"column":82},"end":{"line":329,"column":92}}],"line":329},"38":{"loc":{"start":{"line":356,"column":4},"end":{"line":359,"column":5}},"type":"if","locations":[{"start":{"line":356,"column":4},"end":{"line":359,"column":5}},{"start":{},"end":{}}],"line":356},"39":{"loc":{"start":{"line":357,"column":46},"end":{"line":357,"column":80}},"type":"binary-expr","locations":[{"start":{"line":357,"column":46},"end":{"line":357,"column":64}},{"start":{"line":357,"column":68},"end":{"line":357,"column":80}}],"line":357},"40":{"loc":{"start":{"line":381,"column":4},"end":{"line":384,"column":5}},"type":"if","locations":[{"start":{"line":381,"column":4},"end":{"line":384,"column":5}},{"start":{},"end":{}}],"line":381},"41":{"loc":{"start":{"line":382,"column":47},"end":{"line":382,"column":79}},"type":"binary-expr","locations":[{"start":{"line":382,"column":47},"end":{"line":382,"column":64}},{"start":{"line":382,"column":68},"end":{"line":382,"column":79}}],"line":382},"42":{"loc":{"start":{"line":404,"column":2},"end":{"line":407,"column":3}},"type":"if","locations":[{"start":{"line":404,"column":2},"end":{"line":407,"column":3}},{"start":{},"end":{}}],"line":404},"43":{"loc":{"start":{"line":409,"column":2},"end":{"line":412,"column":3}},"type":"if","locations":[{"start":{"line":409,"column":2},"end":{"line":412,"column":3}},{"start":{},"end":{}}],"line":409},"44":{"loc":{"start":{"line":409,"column":6},"end":{"line":409,"column":34}},"type":"binary-expr","locations":[{"start":{"line":409,"column":6},"end":{"line":409,"column":18}},{"start":{"line":409,"column":22},"end":{"line":409,"column":34}}],"line":409},"45":{"loc":{"start":{"line":443,"column":4},"end":{"line":453,"column":5}},"type":"if","locations":[{"start":{"line":443,"column":4},"end":{"line":453,"column":5}},{"start":{},"end":{}}],"line":443},"46":{"loc":{"start":{"line":446,"column":15},"end":{"line":446,"column":33}},"type":"binary-expr","locations":[{"start":{"line":446,"column":15},"end":{"line":446,"column":25}},{"start":{"line":446,"column":29},"end":{"line":446,"column":33}}],"line":446},"47":{"loc":{"start":{"line":468,"column":2},"end":{"line":471,"column":3}},"type":"if","locations":[{"start":{"line":468,"column":2},"end":{"line":471,"column":3}},{"start":{},"end":{}}],"line":468},"48":{"loc":{"start":{"line":473,"column":2},"end":{"line":476,"column":3}},"type":"if","locations":[{"start":{"line":473,"column":2},"end":{"line":476,"column":3}},{"start":{},"end":{}}],"line":473},"49":{"loc":{"start":{"line":473,"column":6},"end":{"line":473,"column":31}},"type":"binary-expr","locations":[{"start":{"line":473,"column":6},"end":{"line":473,"column":18}},{"start":{"line":473,"column":22},"end":{"line":473,"column":31}}],"line":473},"50":{"loc":{"start":{"line":480,"column":2},"end":{"line":483,"column":3}},"type":"if","locations":[{"start":{"line":480,"column":2},"end":{"line":483,"column":3}},{"start":{},"end":{}}],"line":480},"51":{"loc":{"start":{"line":515,"column":4},"end":{"line":525,"column":5}},"type":"if","locations":[{"start":{"line":515,"column":4},"end":{"line":525,"column":5}},{"start":{},"end":{}}],"line":515},"52":{"loc":{"start":{"line":518,"column":15},"end":{"line":518,"column":33}},"type":"binary-expr","locations":[{"start":{"line":518,"column":15},"end":{"line":518,"column":25}},{"start":{"line":518,"column":29},"end":{"line":518,"column":33}}],"line":518},"53":{"loc":{"start":{"line":552,"column":2},"end":{"line":554,"column":3}},"type":"if","locations":[{"start":{"line":552,"column":2},"end":{"line":554,"column":3}},{"start":{},"end":{}}],"line":552},"54":{"loc":{"start":{"line":559,"column":2},"end":{"line":562,"column":3}},"type":"if","locations":[{"start":{"line":559,"column":2},"end":{"line":562,"column":3}},{"start":{},"end":{}}],"line":559},"55":{"loc":{"start":{"line":574,"column":4},"end":{"line":584,"column":5}},"type":"if","locations":[{"start":{"line":574,"column":4},"end":{"line":584,"column":5}},{"start":{},"end":{}}],"line":574},"56":{"loc":{"start":{"line":577,"column":15},"end":{"line":577,"column":33}},"type":"binary-expr","locations":[{"start":{"line":577,"column":15},"end":{"line":577,"column":25}},{"start":{"line":577,"column":29},"end":{"line":577,"column":33}}],"line":577},"57":{"loc":{"start":{"line":587,"column":4},"end":{"line":589,"column":5}},"type":"if","locations":[{"start":{"line":587,"column":4},"end":{"line":589,"column":5}},{"start":{},"end":{}}],"line":587},"58":{"loc":{"start":{"line":587,"column":8},"end":{"line":587,"column":41}},"type":"binary-expr","locations":[{"start":{"line":587,"column":8},"end":{"line":587,"column":17}},{"start":{"line":587,"column":21},"end":{"line":587,"column":41}}],"line":587},"59":{"loc":{"start":{"line":590,"column":11},"end":{"line":590,"column":26}},"type":"binary-expr","locations":[{"start":{"line":590,"column":11},"end":{"line":590,"column":20}},{"start":{"line":590,"column":24},"end":{"line":590,"column":26}}],"line":590},"60":{"loc":{"start":{"line":624,"column":2},"end":{"line":627,"column":3}},"type":"if","locations":[{"start":{"line":624,"column":2},"end":{"line":627,"column":3}},{"start":{},"end":{}}],"line":624},"61":{"loc":{"start":{"line":629,"column":2},"end":{"line":632,"column":3}},"type":"if","locations":[{"start":{"line":629,"column":2},"end":{"line":632,"column":3}},{"start":{},"end":{}}],"line":629},"62":{"loc":{"start":{"line":629,"column":6},"end":{"line":629,"column":30}},"type":"binary-expr","locations":[{"start":{"line":629,"column":6},"end":{"line":629,"column":16}},{"start":{"line":629,"column":20},"end":{"line":629,"column":30}}],"line":629},"63":{"loc":{"start":{"line":651,"column":4},"end":{"line":657,"column":5}},"type":"if","locations":[{"start":{"line":651,"column":4},"end":{"line":657,"column":5}},{"start":{},"end":{}}],"line":651},"64":{"loc":{"start":{"line":654,"column":15},"end":{"line":654,"column":33}},"type":"binary-expr","locations":[{"start":{"line":654,"column":15},"end":{"line":654,"column":25}},{"start":{"line":654,"column":29},"end":{"line":654,"column":33}}],"line":654},"65":{"loc":{"start":{"line":668,"column":49},"end":{"line":668,"column":81}},"type":"default-arg","locations":[{"start":{"line":668,"column":62},"end":{"line":668,"column":81}}],"line":668}},"s":{"0":1,"1":1,"2":1,"3":1,"4":1,"5":1,"6":1,"7":0,"8":0,"9":0,"10":0,"11":0,"12":0,"13":0,"14":0,"15":0,"16":1,"17":0,"18":0,"19":0,"20":0,"21":0,"22":0,"23":0,"24":0,"25":0,"26":0,"27":0,"28":0,"29":0,"30":0,"31":0,"32":0,"33":0,"34":0,"35":0,"36":0,"37":0,"38":0,"39":0,"40":0,"41":0,"42":0,"43":0,"44":1,"45":0,"46":0,"47":0,"48":0,"49":0,"50":0,"51":0,"52":0,"53":0,"54":0,"55":0,"56":0,"57":0,"58":0,"59":0,"60":0,"61":0,"62":0,"63":0,"64":0,"65":0,"66":0,"67":0,"68":0,"69":0,"70":0,"71":0,"72":1,"73":0,"74":0,"75":0,"76":0,"77":0,"78":0,"79":0,"80":0,"81":0,"82":0,"83":0,"84":0,"85":0,"86":0,"87":0,"88":0,"89":0,"90":0,"91":0,"92":0,"93":0,"94":0,"95":0,"96":0,"97":0,"98":0,"99":0,"100":0,"101":0,"102":0,"103":0,"104":0,"105":0,"106":0,"107":0,"108":0,"109":0,"110":0,"111":0,"112":0,"113":0,"114":0,"115":0,"116":0,"117":0,"118":0,"119":0,"120":1,"121":0,"122":0,"123":0,"124":0,"125":0,"126":0,"127":0,"128":0,"129":0,"130":0,"131":0,"132":0,"133":0,"134":0,"135":0,"136":0,"137":0,"138":0,"139":0,"140":0,"141":0,"142":0,"143":0,"144":0,"145":0,"146":0,"147":0,"148":0,"149":0,"150":0,"151":0,"152":0,"153":0,"154":0,"155":0,"156":0,"157":0,"158":0,"159":0,"160":1,"161":0,"162":0,"163":0,"164":0,"165":0,"166":0,"167":0,"168":0,"169":0,"170":0,"171":0,"172":0,"173":0,"174":0,"175":0,"176":0,"177":0,"178":0,"179":0,"180":0,"181":0,"182":1,"183":0,"184":0,"185":0,"186":0,"187":0,"188":0,"189":0,"190":0,"191":0,"192":0,"193":0,"194":0,"195":0,"196":0,"197":0,"198":0,"199":0,"200":0,"201":0,"202":0,"203":0,"204":0,"205":1,"206":0,"207":0,"208":0,"209":0,"210":0,"211":0,"212":0,"213":1,"214":0,"215":0,"216":0,"217":0,"218":0,"219":0,"220":0,"221":0,"222":0,"223":0,"224":0,"225":0,"226":0,"227":0,"228":0,"229":0,"230":0,"231":0,"232":0,"233":1,"234":0,"235":0,"236":0,"237":0,"238":0,"239":0,"240":0,"241":0,"242":0,"243":0,"244":0,"245":0,"246":0,"247":0,"248":0,"249":0,"250":0,"251":0,"252":0,"253":1,"254":0,"255":0,"256":0,"257":0,"258":0,"259":1},"f":{"0":0,"1":0,"2":0,"3":0,"4":0,"5":0,"6":0,"7":0,"8":0,"9":0,"10":0,"11":0},"b":{"0":[0,0],"1":[0,0],"2":[0,0],"3":[0,0,0],"4":[0,0],"5":[0,0],"6":[0,0],"7":[0,0],"8":[0,0],"9":[0,0],"10":[0,0],"11":[0,0],"12":[0,0],"13":[0],"14":[0,0],"15":[0,0],"16":[0,0],"17":[0,0],"18":[0,0],"19":[0,0],"20":[0],"21":[0,0],"22":[0,0],"23":[0,0],"24":[0,0],"25":[0,0],"26":[0,0],"27":[0,0],"28":[0,0],"29":[0,0],"30":[0,0],"31":[0],"32":[0,0],"33":[0,0],"34":[0,0],"35":[0,0],"36":[0,0],"37":[0,0],"38":[0,0],"39":[0,0],"40":[0,0],"41":[0,0],"42":[0,0],"43":[0,0],"44":[0,0],"45":[0,0],"46":[0,0],"47":[0,0],"48":[0,0],"49":[0,0],"50":[0,0],"51":[0,0],"52":[0,0],"53":[0,0],"54":[0,0],"55":[0,0],"56":[0,0],"57":[0,0],"58":[0,0],"59":[0,0],"60":[0,0],"61":[0,0],"62":[0,0],"63":[0,0],"64":[0,0],"65":[0]},"_coverageSchema":"1a1c01bbd47fc00a2c39e90264f33305004495a9","hash":"19ba40685e1e2156caedf6501cb0a587fe19ff23"}
}
