TN:
SF:controllers/AutomationController.js
FN:6,(anonymous_0)
FN:18,(anonymous_1)
FN:27,(anonymous_2)
FN:36,(anonymous_3)
FN:43,(anonymous_4)
FN:53,(anonymous_5)
FN:57,(anonymous_6)
FN:94,(anonymous_7)
FN:103,(anonymous_8)
FN:137,(anonymous_9)
FN:148,(anonymous_10)
FN:203,(anonymous_11)
FN:234,(anonymous_12)
FN:239,(anonymous_13)
FN:241,(anonymous_14)
FN:250,(anonymous_15)
FNF:16
FNH:9
FNDA:1,(anonymous_0)
FNDA:0,(anonymous_1)
FNDA:1,(anonymous_2)
FNDA:0,(anonymous_3)
FNDA:1,(anonymous_4)
FNDA:1,(anonymous_5)
FNDA:4,(anonymous_6)
FNDA:1,(anonymous_7)
FNDA:4,(anonymous_8)
FNDA:2,(anonymous_9)
FNDA:3,(anonymous_10)
FNDA:0,(anonymous_11)
FNDA:0,(anonymous_12)
FNDA:0,(anonymous_13)
FNDA:0,(anonymous_14)
FNDA:0,(anonymous_15)
DA:1,2
DA:2,2
DA:5,2
DA:7,1
DA:8,1
DA:9,1
DA:15,0
DA:20,0
DA:29,1
DA:37,0
DA:44,1
DA:53,2
DA:54,1
DA:57,1
DA:58,4
DA:60,4
DA:65,1
DA:66,3
DA:67,3
DA:69,3
DA:70,3
DA:71,3
DA:72,3
DA:73,3
DA:80,0
DA:81,0
DA:90,1
DA:94,2
DA:95,1
DA:103,1
DA:104,4
DA:105,4
DA:107,4
DA:108,2
DA:109,1
DA:114,1
DA:115,1
DA:121,2
DA:122,1
DA:127,1
DA:128,1
DA:137,1
DA:138,2
DA:145,1
DA:148,2
DA:149,3
DA:150,3
DA:151,3
DA:153,3
DA:156,3
DA:163,2
DA:164,1
DA:169,1
DA:172,1
DA:173,1
DA:176,1
DA:177,1
DA:179,1
DA:189,1
DA:197,1
DA:198,1
DA:203,2
DA:204,0
DA:205,0
DA:208,0
DA:215,0
DA:216,0
DA:219,0
DA:221,0
DA:222,0
DA:226,0
DA:228,0
DA:229,0
DA:234,2
DA:237,0
DA:238,0
DA:239,0
DA:241,0
DA:242,0
DA:246,0
DA:250,2
DA:251,0
DA:257,2
LF:83
LH:60
BRDA:7,0,0,1
BRDA:7,0,1,0
BRDA:8,1,0,1
BRDA:8,1,1,0
BRDA:8,2,0,1
BRDA:8,2,1,1
BRDA:60,3,0,4
BRDA:60,3,1,2
BRDA:60,3,2,2
BRDA:60,3,3,1
BRDA:66,4,0,3
BRDA:66,4,1,1
BRDA:66,5,0,1
BRDA:66,5,1,0
BRDA:67,6,0,3
BRDA:67,6,1,0
BRDA:69,7,0,3
BRDA:69,7,1,0
BRDA:72,8,0,3
BRDA:72,8,1,0
BRDA:76,9,0,3
BRDA:76,9,1,0
BRDA:107,10,0,2
BRDA:107,10,1,2
BRDA:108,11,0,1
BRDA:108,11,1,1
BRDA:108,12,0,2
BRDA:108,12,1,2
BRDA:114,13,0,1
BRDA:114,13,1,0
BRDA:121,14,0,1
BRDA:121,14,1,1
BRDA:127,15,0,1
BRDA:127,15,1,0
BRDA:163,16,0,1
BRDA:163,16,1,1
BRDA:221,17,0,0
BRDA:221,17,1,0
BRDA:237,18,0,0
BRDA:237,18,1,0
BRDA:237,19,0,0
BRDA:237,19,1,0
BRDA:238,20,0,0
BRDA:238,20,1,0
BRDA:241,21,0,0
BRDA:241,21,1,0
BRDA:241,22,0,0
BRDA:241,22,1,0
BRF:48
BRH:27
end_of_record
TN:
SF:controllers/InstagramController.js
FN:8,(anonymous_0)
FN:44,(anonymous_1)
FN:89,(anonymous_2)
FN:107,(anonymous_3)
FN:153,(anonymous_4)
FN:524,(anonymous_5)
FN:610,createInfoGatheringPrompt
FN:615,(anonymous_7)
FN:630,(anonymous_8)
FN:646,processCompleteTicket
FN:767,(anonymous_10)
FN:802,(anonymous_11)
FN:817,(anonymous_12)
FN:903,(anonymous_13)
FN:907,(anonymous_14)
FN:911,(anonymous_15)
FN:916,(anonymous_16)
FN:917,(anonymous_17)
FN:926,(anonymous_18)
FN:1080,(anonymous_19)
FN:1104,(anonymous_20)
FN:1141,(anonymous_21)
FNF:22
FNH:5
FNDA:1,(anonymous_0)
FNDA:1,(anonymous_1)
FNDA:1,(anonymous_2)
FNDA:0,(anonymous_3)
FNDA:0,(anonymous_4)
FNDA:0,(anonymous_5)
FNDA:0,createInfoGatheringPrompt
FNDA:0,(anonymous_7)
FNDA:0,(anonymous_8)
FNDA:0,processCompleteTicket
FNDA:1,(anonymous_10)
FNDA:0,(anonymous_11)
FNDA:0,(anonymous_12)
FNDA:0,(anonymous_13)
FNDA:0,(anonymous_14)
FNDA:0,(anonymous_15)
FNDA:0,(anonymous_16)
FNDA:0,(anonymous_17)
FNDA:3,(anonymous_18)
FNDA:0,(anonymous_19)
FNDA:0,(anonymous_20)
FNDA:0,(anonymous_21)
DA:1,1
DA:2,1
DA:3,1
DA:4,1
DA:7,1
DA:9,1
DA:10,1
DA:11,0
DA:12,0
DA:13,0
DA:17,0
DA:22,0
DA:24,0
DA:26,0
DA:27,0
DA:41,0
DA:46,1
DA:47,0
DA:48,0
DA:52,1
DA:53,1
DA:54,1
DA:55,1
DA:56,1
DA:58,1
DA:61,1
DA:65,1
DA:67,1
DA:69,1
DA:70,1
DA:84,0
DA:89,1
DA:90,1
DA:91,1
DA:92,0
DA:93,0
DA:94,0
DA:95,0
DA:96,0
DA:97,0
DA:98,0
DA:99,0
DA:101,0
DA:106,1
DA:108,0
DA:109,0
DA:112,0
DA:113,0
DA:115,0
DA:116,0
DA:118,0
DA:119,0
DA:121,0
DA:122,0
DA:126,0
DA:129,0
DA:131,0
DA:132,0
DA:134,0
DA:136,0
DA:137,0
DA:141,0
DA:144,0
DA:146,0
DA:154,0
DA:156,0
DA:157,0
DA:160,0
DA:161,0
DA:162,0
DA:164,0
DA:165,0
DA:166,0
DA:175,0
DA:176,0
DA:177,0
DA:199,0
DA:201,0
DA:212,0
DA:214,0
DA:217,0
DA:218,0
DA:219,0
DA:221,0
DA:222,0
DA:225,0
DA:228,0
DA:241,0
DA:243,0
DA:254,0
DA:255,0
DA:258,0
DA:259,0
DA:278,0
DA:280,0
DA:285,0
DA:286,0
DA:289,0
DA:310,0
DA:313,0
DA:316,0
DA:342,0
DA:343,0
DA:345,0
DA:346,0
DA:347,0
DA:369,0
DA:375,0
DA:387,0
DA:388,0
DA:401,0
DA:420,0
DA:422,0
DA:427,0
DA:428,0
DA:429,0
DA:440,0
DA:464,0
DA:465,0
DA:484,0
DA:485,0
DA:486,0
DA:489,0
DA:491,0
DA:492,0
DA:494,0
DA:497,0
DA:500,0
DA:525,0
DA:526,0
DA:527,0
DA:528,0
DA:529,0
DA:531,0
DA:534,0
DA:535,0
DA:536,0
DA:538,0
DA:540,0
DA:541,0
DA:543,0
DA:546,0
DA:552,0
DA:553,0
DA:554,0
DA:555,0
DA:556,0
DA:559,0
DA:560,0
DA:563,0
DA:564,0
DA:565,0
DA:566,0
DA:568,0
DA:572,0
DA:574,0
DA:575,0
DA:576,0
DA:578,0
DA:579,0
DA:581,0
DA:584,0
DA:585,0
DA:586,0
DA:587,0
DA:588,0
DA:590,0
DA:593,0
DA:594,0
DA:595,0
DA:596,0
DA:597,0
DA:599,0
DA:602,0
DA:605,0
DA:611,0
DA:614,0
DA:615,0
DA:616,0
DA:617,0
DA:622,0
DA:623,0
DA:624,0
DA:625,0
DA:629,0
DA:630,0
DA:631,0
DA:637,0
DA:640,0
DA:642,0
DA:647,0
DA:650,0
DA:651,0
DA:652,0
DA:653,0
DA:654,0
DA:656,0
DA:657,0
DA:672,0
DA:687,0
DA:689,0
DA:690,0
DA:692,0
DA:693,0
DA:697,0
DA:700,0
DA:722,0
DA:726,0
DA:728,0
DA:744,0
DA:747,0
DA:749,0
DA:767,1
DA:768,1
DA:769,1
DA:771,0
DA:774,0
DA:777,0
DA:779,0
DA:781,0
DA:789,0
DA:790,0
DA:791,0
DA:792,0
DA:794,0
DA:797,0
DA:802,0
DA:803,0
DA:804,0
DA:810,0
DA:811,0
DA:812,0
DA:816,0
DA:817,0
DA:819,0
DA:820,0
DA:823,0
DA:824,0
DA:826,0
DA:829,0
DA:830,0
DA:831,0
DA:832,0
DA:833,0
DA:835,0
DA:841,0
DA:842,0
DA:845,0
DA:846,0
DA:847,0
DA:848,0
DA:849,0
DA:852,0
DA:853,0
DA:854,0
DA:855,0
DA:859,0
DA:860,0
DA:861,0
DA:865,0
DA:871,0
DA:873,0
DA:877,0
DA:880,0
DA:881,0
DA:890,0
DA:895,0
DA:903,1
DA:904,0
DA:905,0
DA:907,0
DA:908,0
DA:909,0
DA:911,0
DA:912,0
DA:913,0
DA:916,0
DA:917,0
DA:921,0
DA:922,0
DA:926,1
DA:927,3
DA:928,3
DA:929,3
DA:932,3
DA:933,1
DA:936,2
DA:939,2
DA:942,2
DA:944,2
DA:945,0
DA:949,2
DA:964,2
DA:965,0
DA:970,2
DA:971,2
DA:972,2
DA:975,2
DA:976,1
DA:978,1
DA:979,1
DA:980,1
DA:983,1
DA:984,0
DA:985,0
DA:986,0
DA:990,1
DA:991,0
DA:992,0
DA:993,0
DA:997,1
DA:998,1
DA:999,1
DA:1000,1
DA:1001,1
DA:1003,1
DA:1004,1
DA:1005,1
DA:1006,0
DA:1010,0
DA:1014,1
DA:1015,1
DA:1025,2
DA:1026,1
DA:1028,1
DA:1029,1
DA:1031,1
DA:1033,1
DA:1034,1
DA:1035,1
DA:1036,1
DA:1037,1
DA:1039,0
DA:1040,0
DA:1041,0
DA:1042,0
DA:1046,0
DA:1050,1
DA:1051,1
DA:1061,2
DA:1071,0
DA:1072,0
DA:1080,1
DA:1081,0
DA:1082,0
DA:1083,0
DA:1086,0
DA:1088,0
DA:1089,0
DA:1090,0
DA:1092,0
DA:1093,0
DA:1104,1
DA:1105,0
DA:1107,0
DA:1108,0
DA:1111,0
DA:1113,0
DA:1119,0
DA:1120,0
DA:1126,0
DA:1131,0
DA:1132,0
DA:1141,1
DA:1142,0
DA:1143,0
DA:1146,0
DA:1147,0
DA:1150,0
DA:1152,0
DA:1153,0
DA:1157,0
DA:1162,0
DA:1164,0
DA:1173,0
DA:1186,0
DA:1188,0
DA:1189,0
DA:1194,1
LF:379
LH:76
BRDA:24,0,0,0
BRDA:24,0,1,0
BRDA:26,1,0,0
BRDA:26,1,1,0
BRDA:46,2,0,0
BRDA:46,2,1,1
BRDA:46,3,0,1
BRDA:46,3,1,1
BRDA:52,4,0,1
BRDA:52,4,1,0
BRDA:54,5,0,1
BRDA:54,5,1,0
BRDA:55,6,0,1
BRDA:55,6,1,0
BRDA:69,7,0,1
BRDA:69,7,1,0
BRDA:90,8,0,1
BRDA:90,8,1,0
BRDA:90,9,0,1
BRDA:90,9,1,1
BRDA:92,10,0,0
BRDA:92,10,1,0
BRDA:92,11,0,0
BRDA:92,11,1,0
BRDA:94,12,0,0
BRDA:94,12,1,0
BRDA:96,13,0,0
BRDA:96,13,1,0
BRDA:98,14,0,0
BRDA:98,14,1,0
BRDA:108,15,0,0
BRDA:108,15,1,0
BRDA:112,16,0,0
BRDA:112,16,1,0
BRDA:115,17,0,0
BRDA:115,17,1,0
BRDA:118,18,0,0
BRDA:118,18,1,0
BRDA:121,19,0,0
BRDA:121,19,1,0
BRDA:129,20,0,0
BRDA:129,20,1,0
BRDA:129,21,0,0
BRDA:129,21,1,0
BRDA:131,22,0,0
BRDA:131,22,1,0
BRDA:134,23,0,0
BRDA:134,23,1,0
BRDA:134,24,0,0
BRDA:134,24,1,0
BRDA:136,25,0,0
BRDA:136,25,1,0
BRDA:137,26,0,0
BRDA:137,26,1,0
BRDA:148,27,0,0
BRDA:148,27,1,0
BRDA:156,28,0,0
BRDA:156,28,1,0
BRDA:156,28,2,0
BRDA:156,28,3,0
BRDA:157,29,0,0
BRDA:157,29,1,0
BRDA:157,29,2,0
BRDA:160,30,0,0
BRDA:160,30,1,0
BRDA:160,30,2,0
BRDA:161,31,0,0
BRDA:161,31,1,0
BRDA:162,32,0,0
BRDA:162,32,1,0
BRDA:175,33,0,0
BRDA:175,33,1,0
BRDA:199,34,0,0
BRDA:199,34,1,0
BRDA:199,35,0,0
BRDA:199,35,1,0
BRDA:218,36,0,0
BRDA:218,36,1,0
BRDA:221,37,0,0
BRDA:221,37,1,0
BRDA:229,38,0,0
BRDA:229,38,1,0
BRDA:230,39,0,0
BRDA:230,39,1,0
BRDA:231,40,0,0
BRDA:231,40,1,0
BRDA:232,41,0,0
BRDA:232,41,1,0
BRDA:241,42,0,0
BRDA:241,42,1,0
BRDA:248,43,0,0
BRDA:248,43,1,0
BRDA:342,44,0,0
BRDA:342,44,1,0
BRDA:342,45,0,0
BRDA:342,45,1,0
BRDA:345,46,0,0
BRDA:345,46,1,0
BRDA:380,47,0,0
BRDA:380,47,1,0
BRDA:382,48,0,0
BRDA:382,48,1,0
BRDA:415,49,0,0
BRDA:415,49,1,0
BRDA:428,50,0,0
BRDA:428,50,1,0
BRDA:435,51,0,0
BRDA:435,51,1,0
BRDA:464,52,0,0
BRDA:464,52,1,0
BRDA:489,53,0,0
BRDA:489,53,1,0
BRDA:492,54,0,0
BRDA:492,54,1,0
BRDA:492,55,0,0
BRDA:492,55,1,0
BRDA:509,56,0,0
BRDA:509,56,1,0
BRDA:531,57,0,0
BRDA:531,57,1,0
BRDA:531,57,2,0
BRDA:531,57,3,0
BRDA:534,58,0,0
BRDA:534,58,1,0
BRDA:535,59,0,0
BRDA:535,59,1,0
BRDA:536,60,0,0
BRDA:536,60,1,0
BRDA:540,61,0,0
BRDA:540,61,1,0
BRDA:540,62,0,0
BRDA:540,62,1,0
BRDA:540,62,2,0
BRDA:541,63,0,0
BRDA:541,63,1,0
BRDA:541,63,2,0
BRDA:546,64,0,0
BRDA:546,64,1,0
BRDA:546,64,2,0
BRDA:546,64,3,0
BRDA:559,65,0,0
BRDA:559,65,1,0
BRDA:559,66,0,0
BRDA:559,66,1,0
BRDA:563,67,0,0
BRDA:563,67,1,0
BRDA:565,68,0,0
BRDA:565,68,1,0
BRDA:572,69,0,0
BRDA:572,69,1,0
BRDA:574,70,0,0
BRDA:574,70,1,0
BRDA:584,71,0,0
BRDA:584,71,1,0
BRDA:584,72,0,0
BRDA:584,72,1,0
BRDA:584,72,2,0
BRDA:585,73,0,0
BRDA:585,73,1,0
BRDA:586,74,0,0
BRDA:586,74,1,0
BRDA:593,75,0,0
BRDA:593,75,1,0
BRDA:594,76,0,0
BRDA:594,76,1,0
BRDA:594,76,2,0
BRDA:595,77,0,0
BRDA:595,77,1,0
BRDA:616,78,0,0
BRDA:616,78,1,0
BRDA:616,79,0,0
BRDA:616,79,1,0
BRDA:622,80,0,0
BRDA:622,80,1,0
BRDA:624,81,0,0
BRDA:624,81,1,0
BRDA:637,82,0,0
BRDA:637,82,1,0
BRDA:651,83,0,0
BRDA:651,83,1,0
BRDA:651,84,0,0
BRDA:651,84,1,0
BRDA:652,85,0,0
BRDA:652,85,1,0
BRDA:652,86,0,0
BRDA:652,86,1,0
BRDA:653,87,0,0
BRDA:653,87,1,0
BRDA:653,88,0,0
BRDA:653,88,1,0
BRDA:654,89,0,0
BRDA:654,89,1,0
BRDA:654,90,0,0
BRDA:654,90,1,0
BRDA:656,91,0,0
BRDA:656,91,1,0
BRDA:692,92,0,0
BRDA:692,92,1,0
BRDA:777,93,0,0
BRDA:777,93,1,0
BRDA:777,93,2,0
BRDA:777,93,3,0
BRDA:789,94,0,0
BRDA:789,94,1,0
BRDA:789,95,0,0
BRDA:789,95,1,0
BRDA:804,96,0,0
BRDA:804,96,1,0
BRDA:804,96,2,0
BRDA:810,97,0,0
BRDA:810,97,1,0
BRDA:824,98,0,0
BRDA:824,98,1,0
BRDA:824,99,0,0
BRDA:824,99,1,0
BRDA:831,100,0,0
BRDA:831,100,1,0
BRDA:848,101,0,0
BRDA:848,101,1,0
BRDA:849,102,0,0
BRDA:849,102,1,0
BRDA:852,103,0,0
BRDA:852,103,1,0
BRDA:852,104,0,0
BRDA:852,104,1,0
BRDA:854,105,0,0
BRDA:854,105,1,0
BRDA:859,106,0,0
BRDA:859,106,1,0
BRDA:859,107,0,0
BRDA:859,107,1,0
BRDA:908,108,0,0
BRDA:908,108,1,0
BRDA:912,109,0,0
BRDA:912,109,1,0
BRDA:932,110,0,1
BRDA:932,110,1,2
BRDA:932,111,0,3
BRDA:932,111,1,2
BRDA:939,112,0,2
BRDA:939,112,1,1
BRDA:942,113,0,2
BRDA:942,113,1,1
BRDA:944,114,0,0
BRDA:944,114,1,2
BRDA:944,115,0,2
BRDA:944,115,1,1
BRDA:964,116,0,0
BRDA:964,116,1,2
BRDA:975,117,0,1
BRDA:975,117,1,1
BRDA:983,118,0,0
BRDA:983,118,1,1
BRDA:983,119,0,1
BRDA:983,119,1,1
BRDA:990,120,0,0
BRDA:990,120,1,1
BRDA:1000,121,0,1
BRDA:1000,121,1,0
BRDA:1003,122,0,1
BRDA:1003,122,1,0
BRDA:1025,123,0,1
BRDA:1025,123,1,1
BRDA:1031,124,0,1
BRDA:1031,124,1,0
BRDA:1036,125,0,1
BRDA:1036,125,1,0
BRDA:1039,126,0,0
BRDA:1039,126,1,0
BRDA:1067,127,0,1
BRDA:1067,127,1,1
BRDA:1086,128,0,0
BRDA:1086,128,1,0
BRDA:1088,129,0,0
BRDA:1088,129,1,0
BRDA:1088,130,0,0
BRDA:1088,130,1,0
BRDA:1107,131,0,0
BRDA:1107,131,1,0
BRDA:1107,132,0,0
BRDA:1107,132,1,0
BRDA:1119,133,0,0
BRDA:1119,133,1,0
BRDA:1146,134,0,0
BRDA:1146,134,1,0
BRDA:1146,135,0,0
BRDA:1146,135,1,0
BRDA:1152,136,0,0
BRDA:1152,136,1,0
BRDA:1152,137,0,0
BRDA:1152,137,1,0
BRDA:1162,138,0,0
BRDA:1162,138,1,0
BRF:293
BRH:36
end_of_record
TN:
SF:controllers/ScheduleAutomation.js
FN:6,(anonymous_0)
FNF:1
FNH:0
FNDA:0,(anonymous_0)
DA:1,1
DA:2,1
DA:3,1
DA:4,1
DA:6,1
DA:7,0
DA:8,0
DA:9,0
DA:10,0
DA:12,0
DA:13,0
DA:14,0
DA:16,0
DA:17,0
DA:21,0
DA:22,0
DA:23,0
DA:29,0
DA:30,0
DA:31,0
DA:32,0
DA:35,0
DA:36,0
DA:37,0
DA:41,0
DA:43,0
DA:44,0
DA:47,0
DA:48,0
DA:49,0
DA:52,0
DA:53,0
DA:55,0
DA:56,0
DA:60,0
DA:61,0
DA:66,0
DA:68,0
DA:71,0
DA:72,0
DA:73,0
DA:74,0
DA:76,0
DA:78,0
DA:82,0
DA:92,0
DA:94,0
DA:102,0
DA:105,0
DA:106,0
DA:107,0
DA:108,0
DA:109,0
DA:110,0
DA:113,0
DA:117,0
DA:121,1
LF:57
LH:6
BRDA:16,0,0,0
BRDA:16,0,1,0
BRDA:22,1,0,0
BRDA:22,1,1,0
BRDA:36,2,0,0
BRDA:36,2,1,0
BRDA:48,3,0,0
BRDA:48,3,1,0
BRDA:55,4,0,0
BRDA:55,4,1,0
BRDA:60,5,0,0
BRDA:60,5,1,0
BRDA:73,6,0,0
BRDA:73,6,1,0
BRDA:98,7,0,0
BRDA:98,7,1,0
BRDA:105,8,0,0
BRDA:105,8,1,0
BRDA:109,9,0,0
BRDA:109,9,1,0
BRF:20
BRH:0
end_of_record
TN:
SF:controllers/WorkflowController.js
FN:4,(anonymous_0)
FN:35,(anonymous_1)
FN:63,(anonymous_2)
FN:92,(anonymous_3)
FNF:4
FNH:4
FNDA:4,(anonymous_0)
FNDA:2,(anonymous_1)
FNDA:2,(anonymous_2)
FNDA:4,(anonymous_3)
DA:1,2
DA:2,2
DA:3,2
DA:4,2
DA:5,4
DA:6,4
DA:8,4
DA:9,4
DA:11,4
DA:12,4
DA:13,0
DA:16,4
DA:17,2
DA:19,2
DA:23,2
DA:24,2
DA:29,0
DA:30,0
DA:35,2
DA:36,2
DA:38,2
DA:39,2
DA:40,2
DA:41,2
DA:48,2
DA:49,0
DA:51,2
DA:52,2
DA:57,0
DA:58,0
DA:63,2
DA:64,2
DA:65,2
DA:66,2
DA:68,2
DA:70,2
DA:76,2
DA:77,0
DA:80,2
DA:81,2
DA:86,0
DA:87,0
DA:92,2
DA:93,4
DA:94,4
DA:95,4
DA:98,4
DA:99,2
DA:103,2
DA:109,2
DA:110,0
DA:113,2
DA:114,2
DA:119,0
DA:120,0
DA:124,2
LF:56
LH:44
BRDA:12,0,0,0
BRDA:12,0,1,4
BRDA:16,1,0,2
BRDA:16,1,1,2
BRDA:16,2,0,4
BRDA:16,2,1,4
BRDA:48,3,0,0
BRDA:48,3,1,2
BRDA:76,4,0,0
BRDA:76,4,1,2
BRDA:98,5,0,2
BRDA:98,5,1,2
BRDA:98,6,0,4
BRDA:98,6,1,4
BRDA:109,7,0,0
BRDA:109,7,1,2
BRF:16
BRH:12
end_of_record
TN:
SF:controllers/exampleController.js
FN:8,getAllItems
FN:23,createItem
FNF:2
FNH:2
FNDA:3,getAllItems
FNDA:3,createItem
DA:1,1
DA:9,3
DA:10,3
DA:11,3
DA:12,2
DA:14,1
DA:24,3
DA:25,3
DA:26,3
DA:28,3
DA:29,1
DA:32,2
DA:33,1
DA:35,1
DA:39,1
LF:15
LH:15
BRDA:10,0,0,3
BRDA:10,0,1,2
BRDA:25,1,0,3
BRDA:25,1,1,2
BRDA:28,2,0,1
BRDA:28,2,1,2
BRDA:28,3,0,3
BRDA:28,3,1,3
BRF:8
BRH:8
end_of_record
TN:
SF:routes/instagram.js
FN:12,(anonymous_0)
FN:76,(anonymous_1)
FNF:2
FNH:2
FNDA:2,(anonymous_0)
FNDA:1,(anonymous_1)
DA:1,1
DA:2,1
DA:3,1
DA:4,1
DA:5,1
DA:6,1
DA:12,1
DA:13,2
DA:14,2
DA:15,2
DA:17,2
DA:18,1
DA:22,1
DA:23,1
DA:26,1
DA:31,1
DA:33,0
DA:44,1
DA:65,1
DA:67,0
DA:68,0
DA:76,1
DA:77,1
DA:78,1
DA:80,1
DA:88,1
DA:93,0
DA:94,0
DA:99,1
DA:102,1
DA:103,1
DA:105,1
LF:32
LH:27
BRDA:17,0,0,1
BRDA:17,0,1,1
BRDA:17,1,0,2
BRDA:17,1,1,2
BRDA:23,2,0,1
BRDA:23,2,1,0
BRDA:31,3,0,0
BRDA:31,3,1,1
BRDA:90,4,0,1
BRDA:90,4,1,0
BRF:10
BRH:7
end_of_record
TN:
SF:routes/workflow.js
FNF:0
FNH:0
DA:1,1
DA:2,1
DA:3,1
DA:4,1
DA:5,1
DA:6,1
DA:7,1
DA:8,1
DA:10,1
DA:11,1
DA:12,1
DA:13,1
DA:14,1
DA:15,1
DA:16,1
DA:17,1
DA:19,1
LF:17
LH:17
BRF:0
BRH:0
end_of_record
TN:
SF:tests/mocks/clerk.mock.js
FN:2,(anonymous_0)
FN:20,(anonymous_1)
FN:35,(anonymous_2)
FN:36,(anonymous_3)
FNF:4
FNH:2
FNDA:15,(anonymous_0)
FNDA:5,(anonymous_1)
FNDA:0,(anonymous_2)
FNDA:0,(anonymous_3)
DA:2,4
DA:3,15
DA:20,4
DA:21,5
DA:25,5
DA:32,5
DA:35,4
DA:36,0
DA:37,0
DA:41,0
DA:45,4
LF:11
LH:8
BRF:0
BRH:0
end_of_record
TN:
SF:tests/mocks/database.mock.js
FN:5,(anonymous_0)
FNF:1
FNH:1
FNDA:15,(anonymous_0)
DA:2,5
DA:5,5
DA:7,15
DA:10,15
DA:11,4
DA:14,11
DA:15,0
DA:18,11
DA:19,2
DA:31,9
DA:32,4
DA:44,5
DA:45,2
DA:53,3
DA:54,0
DA:62,3
DA:65,5
LF:17
LH:15
BRDA:10,0,0,4
BRDA:10,0,1,11
BRDA:14,1,0,0
BRDA:14,1,1,11
BRDA:18,2,0,2
BRDA:18,2,1,9
BRDA:31,3,0,4
BRDA:31,3,1,5
BRDA:44,4,0,2
BRDA:44,4,1,3
BRDA:53,5,0,0
BRDA:53,5,1,3
BRF:12
BRH:10
end_of_record
TN:
SF:utils/PageUtils.js
FN:9,(anonymous_0)
FN:32,(anonymous_1)
FN:62,(anonymous_2)
FN:107,(anonymous_3)
FN:186,(anonymous_4)
FN:225,(anonymous_5)
FN:234,(anonymous_6)
FN:271,(anonymous_7)
FN:273,(anonymous_8)
FN:324,(anonymous_9)
FNF:10
FNH:0
FNDA:0,(anonymous_0)
FNDA:0,(anonymous_1)
FNDA:0,(anonymous_2)
FNDA:0,(anonymous_3)
FNDA:0,(anonymous_4)
FNDA:0,(anonymous_5)
FNDA:0,(anonymous_6)
FNDA:0,(anonymous_7)
FNDA:0,(anonymous_8)
FNDA:0,(anonymous_9)
DA:1,1
DA:2,1
DA:9,1
DA:10,0
DA:11,0
DA:13,0
DA:14,0
DA:15,0
DA:17,0
DA:23,0
DA:32,1
DA:33,0
DA:35,0
DA:41,0
DA:49,0
DA:51,0
DA:52,0
DA:62,1
DA:63,0
DA:64,0
DA:70,0
DA:93,0
DA:94,0
DA:96,0
DA:97,0
DA:107,1
DA:109,0
DA:111,0
DA:112,0
DA:119,0
DA:120,0
DA:121,0
DA:124,0
DA:125,0
DA:126,0
DA:128,0
DA:129,0
DA:130,0
DA:140,0
DA:141,0
DA:143,0
DA:144,0
DA:152,0
DA:153,0
DA:155,0
DA:157,0
DA:158,0
DA:166,0
DA:174,0
DA:175,0
DA:186,1
DA:187,0
DA:188,0
DA:189,0
DA:191,0
DA:193,0
DA:194,0
DA:204,0
DA:212,0
DA:213,0
DA:225,1
DA:226,0
DA:227,0
DA:234,1
DA:235,0
DA:236,0
DA:242,0
DA:243,0
DA:245,0
DA:246,0
DA:251,1
DA:271,1
DA:273,0
DA:275,0
DA:277,0
DA:278,0
DA:279,0
DA:282,0
DA:283,0
DA:286,0
DA:288,0
DA:289,0
DA:304,0
DA:306,0
DA:307,0
DA:308,0
DA:311,0
DA:312,0
DA:315,0
DA:316,0
DA:320,0
DA:324,1
DA:325,0
DA:327,0
DA:329,0
DA:330,0
DA:332,0
DA:336,0
DA:341,0
DA:351,0
DA:352,0
DA:356,1
LF:102
LH:13
BRDA:49,0,0,0
BRDA:49,0,1,0
BRDA:79,1,0,0
BRDA:79,1,1,0
BRDA:86,2,0,0
BRDA:86,2,1,0
BRDA:107,3,0,0
BRDA:107,4,0,0
BRDA:111,5,0,0
BRDA:111,5,1,0
BRDA:124,6,0,0
BRDA:124,6,1,0
BRDA:128,7,0,0
BRDA:128,7,1,0
BRDA:143,8,0,0
BRDA:143,8,1,0
BRDA:155,9,0,0
BRDA:155,9,1,0
BRDA:193,10,0,0
BRDA:193,10,1,0
BRDA:196,11,0,0
BRDA:196,11,1,0
BRDA:199,12,0,0
BRDA:199,12,1,0
BRDA:201,13,0,0
BRDA:201,13,1,0
BRDA:225,14,0,0
BRDA:227,15,0,0
BRDA:227,15,1,0
BRDA:227,16,0,0
BRDA:227,16,1,0
BRDA:234,17,0,0
BRDA:273,18,0,0
BRDA:277,19,0,0
BRDA:277,19,1,0
BRDA:283,20,0,0
BRDA:283,20,1,0
BRDA:286,21,0,0
BRDA:286,21,1,0
BRDA:306,22,0,0
BRDA:306,22,1,0
BRDA:329,23,0,0
BRDA:329,23,1,0
BRDA:343,24,0,0
BRDA:343,24,1,0
BRF:45
BRH:0
end_of_record
TN:
SF:utils/geminiUtils.js
FN:11,(anonymous_0)
FNF:1
FNH:0
FNDA:0,(anonymous_0)
DA:1,1
DA:3,1
DA:11,1
DA:12,0
DA:13,0
DA:14,0
DA:15,0
DA:18,0
DA:19,0
DA:20,0
DA:23,0
DA:24,0
DA:27,0
DA:28,0
DA:38,0
DA:39,0
DA:40,0
DA:42,0
DA:43,0
DA:45,0
DA:46,0
DA:50,1
LF:22
LH:4
BRDA:11,0,0,0
BRDA:13,1,0,0
BRDA:13,1,1,0
BRDA:18,2,0,0
BRDA:18,2,1,0
BRDA:18,3,0,0
BRDA:18,3,1,0
BRDA:29,4,0,0
BRDA:29,4,1,0
BRDA:31,5,0,0
BRDA:31,5,1,0
BRDA:32,6,0,0
BRDA:32,6,1,0
BRDA:33,7,0,0
BRDA:33,7,1,0
BRDA:34,8,0,0
BRDA:34,8,1,0
BRF:17
BRH:0
end_of_record
TN:
SF:utils/instagramUtils.js
FN:9,(anonymous_0)
FN:48,(anonymous_1)
FN:102,(anonymous_2)
FN:178,(anonymous_3)
FN:244,(anonymous_4)
FN:287,(anonymous_5)
FN:398,(anonymous_6)
FN:464,(anonymous_7)
FN:536,(anonymous_8)
FN:551,(anonymous_9)
FN:598,(anonymous_10)
FN:668,(anonymous_11)
FNF:12
FNH:0
FNDA:0,(anonymous_0)
FNDA:0,(anonymous_1)
FNDA:0,(anonymous_2)
FNDA:0,(anonymous_3)
FNDA:0,(anonymous_4)
FNDA:0,(anonymous_5)
FNDA:0,(anonymous_6)
FNDA:0,(anonymous_7)
FNDA:0,(anonymous_8)
FNDA:0,(anonymous_9)
FNDA:0,(anonymous_10)
FNDA:0,(anonymous_11)
DA:1,1
DA:2,1
DA:3,1
DA:4,1
DA:5,1
DA:6,1
DA:9,1
DA:10,0
DA:12,0
DA:13,0
DA:20,0
DA:26,0
DA:28,0
DA:34,0
DA:39,0
DA:41,0
DA:48,1
DA:49,0
DA:51,0
DA:52,0
DA:53,0
DA:56,0
DA:58,0
DA:62,0
DA:63,0
DA:64,0
DA:67,0
DA:69,0
DA:70,0
DA:71,0
DA:75,0
DA:76,0
DA:80,0
DA:81,0
DA:82,0
DA:85,0
DA:87,0
DA:88,0
DA:89,0
DA:92,0
DA:93,0
DA:94,0
DA:97,0
DA:98,0
DA:102,1
DA:103,0
DA:104,0
DA:106,0
DA:107,0
DA:108,0
DA:111,0
DA:112,0
DA:113,0
DA:116,0
DA:117,0
DA:120,0
DA:135,0
DA:137,0
DA:138,0
DA:139,0
DA:142,0
DA:143,0
DA:146,0
DA:160,0
DA:162,0
DA:163,0
DA:164,0
DA:167,0
DA:168,0
DA:169,0
DA:172,0
DA:173,0
DA:178,1
DA:179,0
DA:180,0
DA:182,0
DA:183,0
DA:184,0
DA:187,0
DA:188,0
DA:189,0
DA:192,0
DA:193,0
DA:196,0
DA:212,0
DA:214,0
DA:215,0
DA:216,0
DA:219,0
DA:220,0
DA:223,0
DA:224,0
DA:225,0
DA:227,0
DA:228,0
DA:230,0
DA:234,0
DA:236,0
DA:237,0
DA:238,0
DA:239,0
DA:240,0
DA:241,0
DA:243,0
DA:244,0
DA:245,0
DA:249,0
DA:250,0
DA:251,0
DA:255,0
DA:269,0
DA:271,0
DA:272,0
DA:273,0
DA:276,0
DA:277,0
DA:278,0
DA:281,0
DA:282,0
DA:287,1
DA:288,0
DA:289,0
DA:291,0
DA:292,0
DA:293,0
DA:296,0
DA:297,0
DA:298,0
DA:301,0
DA:302,0
DA:305,0
DA:307,0
DA:308,0
DA:309,0
DA:311,0
DA:326,0
DA:328,0
DA:329,0
DA:330,0
DA:333,0
DA:334,0
DA:338,0
DA:354,0
DA:356,0
DA:357,0
DA:358,0
DA:361,0
DA:362,0
DA:365,0
DA:379,0
DA:381,0
DA:382,0
DA:383,0
DA:386,0
DA:387,0
DA:388,0
DA:391,0
DA:392,0
DA:398,1
DA:399,0
DA:400,0
DA:401,0
DA:404,0
DA:405,0
DA:406,0
DA:409,0
DA:410,0
DA:411,0
DA:418,0
DA:419,0
DA:420,0
DA:439,0
DA:440,0
DA:443,0
DA:444,0
DA:452,0
DA:455,0
DA:456,0
DA:459,0
DA:460,0
DA:464,1
DA:465,0
DA:468,0
DA:469,0
DA:470,0
DA:473,0
DA:474,0
DA:475,0
DA:480,0
DA:481,0
DA:482,0
DA:485,0
DA:486,0
DA:487,0
DA:511,0
DA:512,0
DA:515,0
DA:516,0
DA:524,0
DA:527,0
DA:528,0
DA:531,0
DA:532,0
DA:536,1
DA:537,0
DA:538,0
DA:540,0
DA:541,0
DA:544,0
DA:546,0
DA:547,0
DA:551,1
DA:552,0
DA:553,0
DA:556,0
DA:559,0
DA:560,0
DA:561,0
DA:564,0
DA:565,0
DA:569,0
DA:571,0
DA:574,0
DA:575,0
DA:583,0
DA:586,0
DA:587,0
DA:588,0
DA:590,0
DA:593,0
DA:594,0
DA:598,1
DA:599,0
DA:601,0
DA:622,0
DA:624,0
DA:625,0
DA:626,0
DA:629,0
DA:630,0
DA:631,0
DA:634,0
DA:635,0
DA:649,0
DA:651,0
DA:652,0
DA:656,0
DA:659,0
DA:660,0
DA:663,0
DA:664,0
DA:668,1
DA:669,0
DA:670,0
DA:688,0
DA:690,0
DA:691,0
DA:698,1
LF:258
LH:18
BRDA:12,0,0,0
BRDA:12,0,1,0
BRDA:15,1,0,0
BRDA:15,1,1,0
BRDA:26,2,0,0
BRDA:26,2,1,0
BRDA:26,3,0,0
BRDA:26,3,1,0
BRDA:26,3,2,0
BRDA:30,4,0,0
BRDA:30,4,1,0
BRDA:36,5,0,0
BRDA:36,5,1,0
BRDA:43,6,0,0
BRDA:43,6,1,0
BRDA:51,7,0,0
BRDA:51,7,1,0
BRDA:62,8,0,0
BRDA:62,8,1,0
BRDA:69,9,0,0
BRDA:69,9,1,0
BRDA:69,10,0,0
BRDA:69,10,1,0
BRDA:80,11,0,0
BRDA:80,11,1,0
BRDA:87,12,0,0
BRDA:87,12,1,0
BRDA:102,13,0,0
BRDA:106,14,0,0
BRDA:106,14,1,0
BRDA:111,15,0,0
BRDA:111,15,1,0
BRDA:137,16,0,0
BRDA:137,16,1,0
BRDA:138,17,0,0
BRDA:138,17,1,0
BRDA:162,18,0,0
BRDA:162,18,1,0
BRDA:163,19,0,0
BRDA:163,19,1,0
BRDA:178,20,0,0
BRDA:182,21,0,0
BRDA:182,21,1,0
BRDA:187,22,0,0
BRDA:187,22,1,0
BRDA:214,23,0,0
BRDA:214,23,1,0
BRDA:215,24,0,0
BRDA:215,24,1,0
BRDA:227,25,0,0
BRDA:227,25,1,0
BRDA:236,26,0,0
BRDA:236,26,1,0
BRDA:239,27,0,0
BRDA:239,27,1,0
BRDA:249,28,0,0
BRDA:249,28,1,0
BRDA:271,29,0,0
BRDA:271,29,1,0
BRDA:272,30,0,0
BRDA:272,30,1,0
BRDA:287,31,0,0
BRDA:291,32,0,0
BRDA:291,32,1,0
BRDA:296,33,0,0
BRDA:296,33,1,0
BRDA:296,34,0,0
BRDA:296,34,1,0
BRDA:319,35,0,0
BRDA:319,35,1,0
BRDA:328,36,0,0
BRDA:328,36,1,0
BRDA:329,37,0,0
BRDA:329,37,1,0
BRDA:356,38,0,0
BRDA:356,38,1,0
BRDA:357,39,0,0
BRDA:357,39,1,0
BRDA:381,40,0,0
BRDA:381,40,1,0
BRDA:382,41,0,0
BRDA:382,41,1,0
BRDA:404,42,0,0
BRDA:404,42,1,0
BRDA:409,43,0,0
BRDA:409,43,1,0
BRDA:409,44,0,0
BRDA:409,44,1,0
BRDA:443,45,0,0
BRDA:443,45,1,0
BRDA:446,46,0,0
BRDA:446,46,1,0
BRDA:468,47,0,0
BRDA:468,47,1,0
BRDA:473,48,0,0
BRDA:473,48,1,0
BRDA:473,49,0,0
BRDA:473,49,1,0
BRDA:480,50,0,0
BRDA:480,50,1,0
BRDA:515,51,0,0
BRDA:515,51,1,0
BRDA:518,52,0,0
BRDA:518,52,1,0
BRDA:552,53,0,0
BRDA:552,53,1,0
BRDA:559,54,0,0
BRDA:559,54,1,0
BRDA:574,55,0,0
BRDA:574,55,1,0
BRDA:577,56,0,0
BRDA:577,56,1,0
BRDA:587,57,0,0
BRDA:587,57,1,0
BRDA:587,58,0,0
BRDA:587,58,1,0
BRDA:590,59,0,0
BRDA:590,59,1,0
BRDA:624,60,0,0
BRDA:624,60,1,0
BRDA:629,61,0,0
BRDA:629,61,1,0
BRDA:629,62,0,0
BRDA:629,62,1,0
BRDA:651,63,0,0
BRDA:651,63,1,0
BRDA:654,64,0,0
BRDA:654,64,1,0
BRDA:668,65,0,0
BRF:129
BRH:0
end_of_record
