TN:
SF:controllers/AutomationController.js
FN:6,(anonymous_0)
FN:18,(anonymous_1)
FN:27,(anonymous_2)
FN:36,(anonymous_3)
FN:43,(anonymous_4)
FN:53,(anonymous_5)
FN:57,(anonymous_6)
FN:94,(anonymous_7)
FN:103,(anonymous_8)
FN:137,(anonymous_9)
FN:148,(anonymous_10)
FN:203,(anonymous_11)
FN:234,(anonymous_12)
FN:239,(anonymous_13)
FN:241,(anonymous_14)
FN:250,(anonymous_15)
FNF:16
FNH:9
FNDA:1,(anonymous_0)
FNDA:0,(anonymous_1)
FNDA:1,(anonymous_2)
FNDA:0,(anonymous_3)
FNDA:1,(anonymous_4)
FNDA:1,(anonymous_5)
FNDA:4,(anonymous_6)
FNDA:1,(anonymous_7)
FNDA:4,(anonymous_8)
FNDA:2,(anonymous_9)
FNDA:3,(anonymous_10)
FNDA:0,(anonymous_11)
FNDA:0,(anonymous_12)
FNDA:0,(anonymous_13)
FNDA:0,(anonymous_14)
FNDA:0,(anonymous_15)
DA:1,2
DA:2,2
DA:5,2
DA:7,1
DA:8,1
DA:9,1
DA:15,0
DA:20,0
DA:29,1
DA:37,0
DA:44,1
DA:53,2
DA:54,1
DA:57,1
DA:58,4
DA:60,4
DA:65,1
DA:66,3
DA:67,3
DA:69,3
DA:70,3
DA:71,3
DA:72,3
DA:73,3
DA:80,0
DA:81,0
DA:90,1
DA:94,2
DA:95,1
DA:103,1
DA:104,4
DA:105,4
DA:107,4
DA:108,2
DA:109,1
DA:114,1
DA:115,1
DA:121,2
DA:122,1
DA:127,1
DA:128,1
DA:137,1
DA:138,2
DA:145,1
DA:148,2
DA:149,3
DA:150,3
DA:151,3
DA:153,3
DA:156,3
DA:163,2
DA:164,1
DA:169,1
DA:172,1
DA:173,1
DA:176,1
DA:177,1
DA:179,1
DA:189,1
DA:197,1
DA:198,1
DA:203,2
DA:204,0
DA:205,0
DA:208,0
DA:215,0
DA:216,0
DA:219,0
DA:221,0
DA:222,0
DA:226,0
DA:228,0
DA:229,0
DA:234,2
DA:237,0
DA:238,0
DA:239,0
DA:241,0
DA:242,0
DA:246,0
DA:250,2
DA:251,0
DA:257,2
LF:83
LH:60
BRDA:7,0,0,1
BRDA:7,0,1,0
BRDA:8,1,0,1
BRDA:8,1,1,0
BRDA:8,2,0,1
BRDA:8,2,1,1
BRDA:60,3,0,4
BRDA:60,3,1,2
BRDA:60,3,2,2
BRDA:60,3,3,1
BRDA:66,4,0,3
BRDA:66,4,1,1
BRDA:66,5,0,1
BRDA:66,5,1,0
BRDA:67,6,0,3
BRDA:67,6,1,0
BRDA:69,7,0,3
BRDA:69,7,1,0
BRDA:72,8,0,3
BRDA:72,8,1,0
BRDA:76,9,0,3
BRDA:76,9,1,0
BRDA:107,10,0,2
BRDA:107,10,1,2
BRDA:108,11,0,1
BRDA:108,11,1,1
BRDA:108,12,0,2
BRDA:108,12,1,2
BRDA:114,13,0,1
BRDA:114,13,1,0
BRDA:121,14,0,1
BRDA:121,14,1,1
BRDA:127,15,0,1
BRDA:127,15,1,0
BRDA:163,16,0,1
BRDA:163,16,1,1
BRDA:221,17,0,0
BRDA:221,17,1,0
BRDA:237,18,0,0
BRDA:237,18,1,0
BRDA:237,19,0,0
BRDA:237,19,1,0
BRDA:238,20,0,0
BRDA:238,20,1,0
BRDA:241,21,0,0
BRDA:241,21,1,0
BRDA:241,22,0,0
BRDA:241,22,1,0
BRF:48
BRH:27
end_of_record
TN:
SF:controllers/ScheduleAutomation.js
FN:6,(anonymous_0)
FNF:1
FNH:0
FNDA:0,(anonymous_0)
DA:1,1
DA:2,1
DA:3,1
DA:4,1
DA:6,1
DA:7,0
DA:8,0
DA:9,0
DA:10,0
DA:12,0
DA:13,0
DA:14,0
DA:16,0
DA:17,0
DA:21,0
DA:22,0
DA:23,0
DA:29,0
DA:30,0
DA:31,0
DA:32,0
DA:35,0
DA:36,0
DA:37,0
DA:41,0
DA:43,0
DA:44,0
DA:47,0
DA:48,0
DA:49,0
DA:52,0
DA:53,0
DA:55,0
DA:56,0
DA:60,0
DA:61,0
DA:66,0
DA:68,0
DA:71,0
DA:72,0
DA:73,0
DA:74,0
DA:76,0
DA:78,0
DA:82,0
DA:92,0
DA:94,0
DA:102,0
DA:105,0
DA:106,0
DA:107,0
DA:108,0
DA:109,0
DA:110,0
DA:113,0
DA:117,0
DA:121,1
LF:57
LH:6
BRDA:16,0,0,0
BRDA:16,0,1,0
BRDA:22,1,0,0
BRDA:22,1,1,0
BRDA:36,2,0,0
BRDA:36,2,1,0
BRDA:48,3,0,0
BRDA:48,3,1,0
BRDA:55,4,0,0
BRDA:55,4,1,0
BRDA:60,5,0,0
BRDA:60,5,1,0
BRDA:73,6,0,0
BRDA:73,6,1,0
BRDA:98,7,0,0
BRDA:98,7,1,0
BRDA:105,8,0,0
BRDA:105,8,1,0
BRDA:109,9,0,0
BRDA:109,9,1,0
BRF:20
BRH:0
end_of_record
TN:
SF:controllers/WorkflowController.js
FN:4,(anonymous_0)
FN:35,(anonymous_1)
FN:63,(anonymous_2)
FN:92,(anonymous_3)
FNF:4
FNH:4
FNDA:4,(anonymous_0)
FNDA:2,(anonymous_1)
FNDA:2,(anonymous_2)
FNDA:4,(anonymous_3)
DA:1,2
DA:2,2
DA:3,2
DA:4,2
DA:5,4
DA:6,4
DA:8,4
DA:9,4
DA:11,4
DA:12,4
DA:13,0
DA:16,4
DA:17,2
DA:19,2
DA:23,2
DA:24,2
DA:29,0
DA:30,0
DA:35,2
DA:36,2
DA:38,2
DA:39,2
DA:40,2
DA:41,2
DA:48,2
DA:49,0
DA:51,2
DA:52,2
DA:57,0
DA:58,0
DA:63,2
DA:64,2
DA:65,2
DA:66,2
DA:68,2
DA:70,2
DA:76,2
DA:77,0
DA:80,2
DA:81,2
DA:86,0
DA:87,0
DA:92,2
DA:93,4
DA:94,4
DA:95,4
DA:98,4
DA:99,2
DA:103,2
DA:109,2
DA:110,0
DA:113,2
DA:114,2
DA:119,0
DA:120,0
DA:124,2
LF:56
LH:44
BRDA:12,0,0,0
BRDA:12,0,1,4
BRDA:16,1,0,2
BRDA:16,1,1,2
BRDA:16,2,0,4
BRDA:16,2,1,4
BRDA:48,3,0,0
BRDA:48,3,1,2
BRDA:76,4,0,0
BRDA:76,4,1,2
BRDA:98,5,0,2
BRDA:98,5,1,2
BRDA:98,6,0,4
BRDA:98,6,1,4
BRDA:109,7,0,0
BRDA:109,7,1,2
BRF:16
BRH:12
end_of_record
TN:
SF:controllers/exampleController.js
FN:8,getAllItems
FN:23,createItem
FNF:2
FNH:2
FNDA:3,getAllItems
FNDA:3,createItem
DA:1,1
DA:9,3
DA:10,3
DA:11,3
DA:12,2
DA:14,1
DA:24,3
DA:25,3
DA:26,3
DA:28,3
DA:29,1
DA:32,2
DA:33,1
DA:35,1
DA:39,1
LF:15
LH:15
BRDA:10,0,0,3
BRDA:10,0,1,2
BRDA:25,1,0,3
BRDA:25,1,1,2
BRDA:28,2,0,1
BRDA:28,2,1,2
BRDA:28,3,0,3
BRDA:28,3,1,3
BRF:8
BRH:8
end_of_record
TN:
SF:routes/instagram.js
FN:12,(anonymous_0)
FN:76,(anonymous_1)
FNF:2
FNH:2
FNDA:2,(anonymous_0)
FNDA:1,(anonymous_1)
DA:1,1
DA:2,1
DA:3,1
DA:4,1
DA:5,1
DA:6,1
DA:12,1
DA:13,2
DA:14,2
DA:15,2
DA:17,2
DA:18,1
DA:22,1
DA:23,1
DA:26,1
DA:31,1
DA:33,0
DA:44,1
DA:65,1
DA:67,0
DA:68,0
DA:76,1
DA:77,1
DA:78,1
DA:80,1
DA:88,1
DA:93,0
DA:94,0
DA:99,1
DA:102,1
DA:103,1
DA:105,1
LF:32
LH:27
BRDA:17,0,0,1
BRDA:17,0,1,1
BRDA:17,1,0,2
BRDA:17,1,1,2
BRDA:23,2,0,1
BRDA:23,2,1,0
BRDA:31,3,0,0
BRDA:31,3,1,1
BRDA:90,4,0,1
BRDA:90,4,1,0
BRF:10
BRH:7
end_of_record
TN:
SF:routes/workflow.js
FNF:0
FNH:0
DA:1,1
DA:2,1
DA:3,1
DA:4,1
DA:5,1
DA:6,1
DA:7,1
DA:8,1
DA:10,1
DA:11,1
DA:12,1
DA:13,1
DA:14,1
DA:15,1
DA:16,1
DA:17,1
DA:19,1
LF:17
LH:17
BRF:0
BRH:0
end_of_record
TN:
SF:tests/mocks/clerk.mock.js
FN:2,(anonymous_0)
FN:20,(anonymous_1)
FN:35,(anonymous_2)
FN:36,(anonymous_3)
FNF:4
FNH:2
FNDA:15,(anonymous_0)
FNDA:5,(anonymous_1)
FNDA:0,(anonymous_2)
FNDA:0,(anonymous_3)
DA:2,4
DA:3,15
DA:20,4
DA:21,5
DA:25,5
DA:32,5
DA:35,4
DA:36,0
DA:37,0
DA:41,0
DA:45,4
LF:11
LH:8
BRF:0
BRH:0
end_of_record
TN:
SF:tests/mocks/database.mock.js
FN:5,(anonymous_0)
FNF:1
FNH:1
FNDA:15,(anonymous_0)
DA:2,4
DA:5,4
DA:7,15
DA:10,15
DA:11,4
DA:14,11
DA:15,0
DA:18,11
DA:19,2
DA:31,9
DA:32,4
DA:44,5
DA:45,2
DA:53,3
DA:54,0
DA:62,3
DA:65,4
LF:17
LH:15
BRDA:10,0,0,4
BRDA:10,0,1,11
BRDA:14,1,0,0
BRDA:14,1,1,11
BRDA:18,2,0,2
BRDA:18,2,1,9
BRDA:31,3,0,4
BRDA:31,3,1,5
BRDA:44,4,0,2
BRDA:44,4,1,3
BRDA:53,5,0,0
BRDA:53,5,1,3
BRF:12
BRH:10
end_of_record
TN:
SF:utils/PageUtils.js
FN:9,(anonymous_0)
FN:32,(anonymous_1)
FN:62,(anonymous_2)
FN:107,(anonymous_3)
FN:186,(anonymous_4)
FN:225,(anonymous_5)
FN:234,(anonymous_6)
FN:271,(anonymous_7)
FN:273,(anonymous_8)
FN:324,(anonymous_9)
FNF:10
FNH:0
FNDA:0,(anonymous_0)
FNDA:0,(anonymous_1)
FNDA:0,(anonymous_2)
FNDA:0,(anonymous_3)
FNDA:0,(anonymous_4)
FNDA:0,(anonymous_5)
FNDA:0,(anonymous_6)
FNDA:0,(anonymous_7)
FNDA:0,(anonymous_8)
FNDA:0,(anonymous_9)
DA:1,1
DA:2,1
DA:9,1
DA:10,0
DA:11,0
DA:13,0
DA:14,0
DA:15,0
DA:17,0
DA:23,0
DA:32,1
DA:33,0
DA:35,0
DA:41,0
DA:49,0
DA:51,0
DA:52,0
DA:62,1
DA:63,0
DA:64,0
DA:70,0
DA:93,0
DA:94,0
DA:96,0
DA:97,0
DA:107,1
DA:109,0
DA:111,0
DA:112,0
DA:119,0
DA:120,0
DA:121,0
DA:124,0
DA:125,0
DA:126,0
DA:128,0
DA:129,0
DA:130,0
DA:140,0
DA:141,0
DA:143,0
DA:144,0
DA:152,0
DA:153,0
DA:155,0
DA:157,0
DA:158,0
DA:166,0
DA:174,0
DA:175,0
DA:186,1
DA:187,0
DA:188,0
DA:189,0
DA:191,0
DA:193,0
DA:194,0
DA:204,0
DA:212,0
DA:213,0
DA:225,1
DA:226,0
DA:227,0
DA:234,1
DA:235,0
DA:236,0
DA:242,0
DA:243,0
DA:245,0
DA:246,0
DA:251,1
DA:271,1
DA:273,0
DA:275,0
DA:277,0
DA:278,0
DA:279,0
DA:282,0
DA:283,0
DA:286,0
DA:288,0
DA:289,0
DA:304,0
DA:306,0
DA:307,0
DA:308,0
DA:311,0
DA:312,0
DA:315,0
DA:316,0
DA:320,0
DA:324,1
DA:325,0
DA:327,0
DA:329,0
DA:330,0
DA:332,0
DA:336,0
DA:341,0
DA:351,0
DA:352,0
DA:356,1
LF:102
LH:13
BRDA:49,0,0,0
BRDA:49,0,1,0
BRDA:79,1,0,0
BRDA:79,1,1,0
BRDA:86,2,0,0
BRDA:86,2,1,0
BRDA:107,3,0,0
BRDA:107,4,0,0
BRDA:111,5,0,0
BRDA:111,5,1,0
BRDA:124,6,0,0
BRDA:124,6,1,0
BRDA:128,7,0,0
BRDA:128,7,1,0
BRDA:143,8,0,0
BRDA:143,8,1,0
BRDA:155,9,0,0
BRDA:155,9,1,0
BRDA:193,10,0,0
BRDA:193,10,1,0
BRDA:196,11,0,0
BRDA:196,11,1,0
BRDA:199,12,0,0
BRDA:199,12,1,0
BRDA:201,13,0,0
BRDA:201,13,1,0
BRDA:225,14,0,0
BRDA:227,15,0,0
BRDA:227,15,1,0
BRDA:227,16,0,0
BRDA:227,16,1,0
BRDA:234,17,0,0
BRDA:273,18,0,0
BRDA:277,19,0,0
BRDA:277,19,1,0
BRDA:283,20,0,0
BRDA:283,20,1,0
BRDA:286,21,0,0
BRDA:286,21,1,0
BRDA:306,22,0,0
BRDA:306,22,1,0
BRDA:329,23,0,0
BRDA:329,23,1,0
BRDA:343,24,0,0
BRDA:343,24,1,0
BRF:45
BRH:0
end_of_record
TN:
SF:utils/geminiUtils.js
FN:11,(anonymous_0)
FNF:1
FNH:0
FNDA:0,(anonymous_0)
DA:1,1
DA:3,1
DA:11,1
DA:12,0
DA:13,0
DA:14,0
DA:15,0
DA:18,0
DA:19,0
DA:20,0
DA:23,0
DA:24,0
DA:27,0
DA:28,0
DA:38,0
DA:39,0
DA:40,0
DA:42,0
DA:43,0
DA:45,0
DA:46,0
DA:50,1
LF:22
LH:4
BRDA:11,0,0,0
BRDA:13,1,0,0
BRDA:13,1,1,0
BRDA:18,2,0,0
BRDA:18,2,1,0
BRDA:18,3,0,0
BRDA:18,3,1,0
BRDA:29,4,0,0
BRDA:29,4,1,0
BRDA:31,5,0,0
BRDA:31,5,1,0
BRDA:32,6,0,0
BRDA:32,6,1,0
BRDA:33,7,0,0
BRDA:33,7,1,0
BRDA:34,8,0,0
BRDA:34,8,1,0
BRF:17
BRH:0
end_of_record
TN:
SF:utils/instagramUtils.js
FN:9,(anonymous_0)
FN:48,(anonymous_1)
FN:102,(anonymous_2)
FN:178,(anonymous_3)
FN:244,(anonymous_4)
FN:287,(anonymous_5)
FN:398,(anonymous_6)
FN:464,(anonymous_7)
FN:536,(anonymous_8)
FN:551,(anonymous_9)
FN:598,(anonymous_10)
FN:668,(anonymous_11)
FNF:12
FNH:0
FNDA:0,(anonymous_0)
FNDA:0,(anonymous_1)
FNDA:0,(anonymous_2)
FNDA:0,(anonymous_3)
FNDA:0,(anonymous_4)
FNDA:0,(anonymous_5)
FNDA:0,(anonymous_6)
FNDA:0,(anonymous_7)
FNDA:0,(anonymous_8)
FNDA:0,(anonymous_9)
FNDA:0,(anonymous_10)
FNDA:0,(anonymous_11)
DA:1,1
DA:2,1
DA:3,1
DA:4,1
DA:5,1
DA:6,1
DA:9,1
DA:10,0
DA:12,0
DA:13,0
DA:20,0
DA:26,0
DA:28,0
DA:34,0
DA:39,0
DA:41,0
DA:48,1
DA:49,0
DA:51,0
DA:52,0
DA:53,0
DA:56,0
DA:58,0
DA:62,0
DA:63,0
DA:64,0
DA:67,0
DA:69,0
DA:70,0
DA:71,0
DA:75,0
DA:76,0
DA:80,0
DA:81,0
DA:82,0
DA:85,0
DA:87,0
DA:88,0
DA:89,0
DA:92,0
DA:93,0
DA:94,0
DA:97,0
DA:98,0
DA:102,1
DA:103,0
DA:104,0
DA:106,0
DA:107,0
DA:108,0
DA:111,0
DA:112,0
DA:113,0
DA:116,0
DA:117,0
DA:120,0
DA:135,0
DA:137,0
DA:138,0
DA:139,0
DA:142,0
DA:143,0
DA:146,0
DA:160,0
DA:162,0
DA:163,0
DA:164,0
DA:167,0
DA:168,0
DA:169,0
DA:172,0
DA:173,0
DA:178,1
DA:179,0
DA:180,0
DA:182,0
DA:183,0
DA:184,0
DA:187,0
DA:188,0
DA:189,0
DA:192,0
DA:193,0
DA:196,0
DA:212,0
DA:214,0
DA:215,0
DA:216,0
DA:219,0
DA:220,0
DA:223,0
DA:224,0
DA:225,0
DA:227,0
DA:228,0
DA:230,0
DA:234,0
DA:236,0
DA:237,0
DA:238,0
DA:239,0
DA:240,0
DA:241,0
DA:243,0
DA:244,0
DA:245,0
DA:249,0
DA:250,0
DA:251,0
DA:255,0
DA:269,0
DA:271,0
DA:272,0
DA:273,0
DA:276,0
DA:277,0
DA:278,0
DA:281,0
DA:282,0
DA:287,1
DA:288,0
DA:289,0
DA:291,0
DA:292,0
DA:293,0
DA:296,0
DA:297,0
DA:298,0
DA:301,0
DA:302,0
DA:305,0
DA:307,0
DA:308,0
DA:309,0
DA:311,0
DA:326,0
DA:328,0
DA:329,0
DA:330,0
DA:333,0
DA:334,0
DA:338,0
DA:354,0
DA:356,0
DA:357,0
DA:358,0
DA:361,0
DA:362,0
DA:365,0
DA:379,0
DA:381,0
DA:382,0
DA:383,0
DA:386,0
DA:387,0
DA:388,0
DA:391,0
DA:392,0
DA:398,1
DA:399,0
DA:400,0
DA:401,0
DA:404,0
DA:405,0
DA:406,0
DA:409,0
DA:410,0
DA:411,0
DA:418,0
DA:419,0
DA:420,0
DA:439,0
DA:440,0
DA:443,0
DA:444,0
DA:452,0
DA:455,0
DA:456,0
DA:459,0
DA:460,0
DA:464,1
DA:465,0
DA:468,0
DA:469,0
DA:470,0
DA:473,0
DA:474,0
DA:475,0
DA:480,0
DA:481,0
DA:482,0
DA:485,0
DA:486,0
DA:487,0
DA:511,0
DA:512,0
DA:515,0
DA:516,0
DA:524,0
DA:527,0
DA:528,0
DA:531,0
DA:532,0
DA:536,1
DA:537,0
DA:538,0
DA:540,0
DA:541,0
DA:544,0
DA:546,0
DA:547,0
DA:551,1
DA:552,0
DA:553,0
DA:556,0
DA:559,0
DA:560,0
DA:561,0
DA:564,0
DA:565,0
DA:569,0
DA:571,0
DA:574,0
DA:575,0
DA:583,0
DA:586,0
DA:587,0
DA:588,0
DA:590,0
DA:593,0
DA:594,0
DA:598,1
DA:599,0
DA:601,0
DA:622,0
DA:624,0
DA:625,0
DA:626,0
DA:629,0
DA:630,0
DA:631,0
DA:634,0
DA:635,0
DA:649,0
DA:651,0
DA:652,0
DA:656,0
DA:659,0
DA:660,0
DA:663,0
DA:664,0
DA:668,1
DA:669,0
DA:670,0
DA:688,0
DA:690,0
DA:691,0
DA:698,1
LF:258
LH:18
BRDA:12,0,0,0
BRDA:12,0,1,0
BRDA:15,1,0,0
BRDA:15,1,1,0
BRDA:26,2,0,0
BRDA:26,2,1,0
BRDA:26,3,0,0
BRDA:26,3,1,0
BRDA:26,3,2,0
BRDA:30,4,0,0
BRDA:30,4,1,0
BRDA:36,5,0,0
BRDA:36,5,1,0
BRDA:43,6,0,0
BRDA:43,6,1,0
BRDA:51,7,0,0
BRDA:51,7,1,0
BRDA:62,8,0,0
BRDA:62,8,1,0
BRDA:69,9,0,0
BRDA:69,9,1,0
BRDA:69,10,0,0
BRDA:69,10,1,0
BRDA:80,11,0,0
BRDA:80,11,1,0
BRDA:87,12,0,0
BRDA:87,12,1,0
BRDA:102,13,0,0
BRDA:106,14,0,0
BRDA:106,14,1,0
BRDA:111,15,0,0
BRDA:111,15,1,0
BRDA:137,16,0,0
BRDA:137,16,1,0
BRDA:138,17,0,0
BRDA:138,17,1,0
BRDA:162,18,0,0
BRDA:162,18,1,0
BRDA:163,19,0,0
BRDA:163,19,1,0
BRDA:178,20,0,0
BRDA:182,21,0,0
BRDA:182,21,1,0
BRDA:187,22,0,0
BRDA:187,22,1,0
BRDA:214,23,0,0
BRDA:214,23,1,0
BRDA:215,24,0,0
BRDA:215,24,1,0
BRDA:227,25,0,0
BRDA:227,25,1,0
BRDA:236,26,0,0
BRDA:236,26,1,0
BRDA:239,27,0,0
BRDA:239,27,1,0
BRDA:249,28,0,0
BRDA:249,28,1,0
BRDA:271,29,0,0
BRDA:271,29,1,0
BRDA:272,30,0,0
BRDA:272,30,1,0
BRDA:287,31,0,0
BRDA:291,32,0,0
BRDA:291,32,1,0
BRDA:296,33,0,0
BRDA:296,33,1,0
BRDA:296,34,0,0
BRDA:296,34,1,0
BRDA:319,35,0,0
BRDA:319,35,1,0
BRDA:328,36,0,0
BRDA:328,36,1,0
BRDA:329,37,0,0
BRDA:329,37,1,0
BRDA:356,38,0,0
BRDA:356,38,1,0
BRDA:357,39,0,0
BRDA:357,39,1,0
BRDA:381,40,0,0
BRDA:381,40,1,0
BRDA:382,41,0,0
BRDA:382,41,1,0
BRDA:404,42,0,0
BRDA:404,42,1,0
BRDA:409,43,0,0
BRDA:409,43,1,0
BRDA:409,44,0,0
BRDA:409,44,1,0
BRDA:443,45,0,0
BRDA:443,45,1,0
BRDA:446,46,0,0
BRDA:446,46,1,0
BRDA:468,47,0,0
BRDA:468,47,1,0
BRDA:473,48,0,0
BRDA:473,48,1,0
BRDA:473,49,0,0
BRDA:473,49,1,0
BRDA:480,50,0,0
BRDA:480,50,1,0
BRDA:515,51,0,0
BRDA:515,51,1,0
BRDA:518,52,0,0
BRDA:518,52,1,0
BRDA:552,53,0,0
BRDA:552,53,1,0
BRDA:559,54,0,0
BRDA:559,54,1,0
BRDA:574,55,0,0
BRDA:574,55,1,0
BRDA:577,56,0,0
BRDA:577,56,1,0
BRDA:587,57,0,0
BRDA:587,57,1,0
BRDA:587,58,0,0
BRDA:587,58,1,0
BRDA:590,59,0,0
BRDA:590,59,1,0
BRDA:624,60,0,0
BRDA:624,60,1,0
BRDA:629,61,0,0
BRDA:629,61,1,0
BRDA:629,62,0,0
BRDA:629,62,1,0
BRDA:651,63,0,0
BRDA:651,63,1,0
BRDA:654,64,0,0
BRDA:654,64,1,0
BRDA:668,65,0,0
BRF:129
BRH:0
end_of_record
